24 2.041 1.00541
17 2.14675 0
9 2.01257 0.835059
61 2.14675 0
7 2.00436 0.809192
51 2.14675 0
37 1.9804 1.40766
98 2.14675 0
91 1.94675 1.5067
90 2.14675 0
5 1.93981 0.671291
75 2.14675 0
38 1.92658 1.55961
36 2.14675 0
30 1.89205 1.64298
88 2.14675 0
23 1.85524 0.556312
10 2.14675 0
40 1.8153 1.80798
44 2.14675 0
21 1.77884 0.477606
99 2.14675 0
78 1.77341 1.89044
63 2.14675 0
86 1.65482 0.375055
2 2.14675 0
69 1.63615 2.1389
28 2.14675 0
22 1.54673 2.28935
89 2.14675 0
68 1.5158 2.34
72 2.14675 0
62 2.14675 0
50 1.44988 2.44604
33 2.14675 0
73 1.43418 2.47098
54 2.14675 0
93 1.42438 0.225572
32 2.14675 0
66 1.40515 2.51679
31 2.14675 0
100 1.37415 2.56533
16 2.14675 0
57 1.36183 2.58453
43 1.29127 2.69355
53 2.14675 0
45 1.20032 0.103845
77 2.14675 0
87 1.17445 0.0905431
81 2.14675 0
67 1.11521 2.96081
60 2.14675 0
80 1.0968 2.98852
13 0.999987 3.13387
84 2.17586 0
25 0.994838 3.09712
3 2.1793 0
6 0.994838 3.05928
8 2.20888 0
83 0.994838 2.96754
96 2.29982 0
34 0.994838 2.77749
55 2.38862 0
41 0.994838 2.71251
47 2.47188 0
76 0.994838 2.6168
46 2.50309 0
18 0.994838 2.57227
35 2.59541 0
26 0.994838 0.28512
49 2.67721 0
65 0.994838 2.32239
79 2.70771 0
19 2.71363 0
11 0.994838 2.25486
52 2.76849 0
94 0.994838 2.09462
71 2.81664 0
58 0.994838 1.98901
15 2.90077 0
64 0.994838 1.91231
92 2.93019 0
42 0.994838 1.87598
85 2.94403 0
20 2.95774 0
27 0.994838 1.82504
59 2.972 0
95 0.994838 1.74784
29 3.00169 0
1 3.01867 0
56 0.994838 1.68496
12 3.03258 0
14 0.994838 0.710078
48 3.11787 0
39 0.994838 0.772561
70 0.00519936 0
82 0.994838 1.29166
74 0.0370343 0
4 0.994838 1.09508
97 0.0513311 0
