19 0.15708 1.4967
69 1.29154 0
91 2.17932 1.22353
31 1.29154 0
11 2.15723 1.00923
99 1.29154 0
95 2.13813 0.893675
90 1.29154 0
4 2.11606 2.08843
43 1.29154 0
2 2.07268 2.30074
7 1.29154 0
64 2.04354 2.42665
50 1.29154 0
75 1.98531 0.349857
86 1.29154 0
80 1.85005 3.10061
20 1.34514 0
13 1.85005 2.87186
1 1.47387 0
97 1.85005 1.51672
30 2.44346 0
93 0.993379 1.91276
67 2.44346 0
10 0.963715 2.09076
29 2.44346 0
46 0.91408 2.33052
34 2.44346 0
48 0.816968 0.304886
9 2.44346 0
83 0.698132 3.03487
24 2.52765 0
94 2.54425 0
61 0.698132 2.70222
8 2.6259 0
12 0.698132 2.46559
21 2.64938 0
70 0.698132 0.80561
47 2.76822 0
36 0.698132 1.57805
73 2.77385 0
39 2.9841 1.55333
72 0.488692 0
35 2.97846 1.64359
74 0.488692 0
3 2.96085 1.81902
37 0.488692 0
56 2.84189 2.44528
41 0.488692 0
65 2.78943 2.65168
18 0.488692 0
53 2.75664 2.77341
5 0.488692 0
45 2.7202 2.90468
76 0.488692 0
23 2.6529 3.06502
44 0.576391 0
42 2.6529 0.225774
59 0.586552 0
28 2.6529 0.545937
26 0.737453 0
92 1.73115 1.41116
40 1.731 1.43368
16 1.74533 0
68 1.72918 1.51248
88 1.74533 0
78 1.71335 1.73846
49 1.74533 0
58 1.64934 0.732472
87 1.74533 0
25 1.46217 2.90966
63 1.74533 0
60 1.74533 0
17 1.39626 3.04329
77 1.77928 0
27 1.39626 0.170658
82 1.85317 0
71 1.39626 2.7288
89 1.91392 0
6 1.39626 1.80226
79 2.07595 0
55 0.488475 1.54916
38 2.98451 0
96 0.480479 1.6707
57 2.98451 0
32 0.459779 1.85972
98 2.98451 0
14 2.98451 0
33 0.288431 2.67119
15 2.98451 0
100 0.233573 2.87186
52 3.06673 0
81 0.15708 2.79948
66 3.0985 0
62 0.15708 2.57487
22 0.0305549 0
85 0.15708 2.44791
84 0.0317058 0
54 0.15708 2.17495
51 0.108833 0
