50 1.64061 0.767945
20 0.00384166 2.86234
77 0.995387 1.18682
83 2.53073 0
88 0.20944 2.30383
55 0.645772 1.6057
61 1.41372 0.628319
10 2.75068 3.00197
63 0.553573 1.32645
38 3.12414 2.16421
86 1.69378 0
49 1.24739 0.488692
1 2.3562 3.14159
97 1.18682 0.488692
80 2.89725 2.02458
40 1.98968 0
66 0.191986 1.32645
41 2.1293 3.00197
24 0.632292 0.628319
39 2.01647 0
64 2.84249 1.6057
7 0.387445 0
100 3.10669 1.18682
57 1.90241 2.86234
16 0.0698132 0
34 2.42694 1.74533
74 3.02314 0
22 1.67552 2.72271
76 0.733038 0.20944
79 2.01647 1.88496
36 0.296706 0
8 2.6529 0.907571
56 1.44862 2.58309
35 2.89725 0
25 2.23774 1.0472
29 1.22173 2.44346
48 2.42601 0.767945
67 0.506145 0.0698132
42 1.20673 2.16421
93 1.78079 1.18682
98 0.994838 2.30383
43 2.19911 0.628319
90 0.805942 2.30383
54 1.33897 1.32645
44 0.767945 2.16421
30 3.00531 0.0698132
12 0 3.14159
45 0.407131 2.44346
47 2.03279 0
27 0.541052 2.02458
17 1.20428 0
95 2.9147 3.00197
6 0.663225 0
96 1.23107 0
82 0.486297 1.6057
28 2.74364 0
11 2.0168 0.20944
68 0.78924 0
59 2.75533 2.72271
15 1.64154 0
52 0.0707417 1.74533
85 1.18453 0
31 2.36004 2.86234
60 0.446006 0
94 1.17284 0.349066
37 3.00197 1.6057
9 1.88496 0
13 2.23402 2.58309
75 1.3439 0
71 2.77507 1.46608
62 2.39541 2.02458
19 0.401426 0
78 2.00713 2.44346
33 1.5708 3.14159
69 1.29154 0.0698132
84 1.99212 2.16421
91 2.90977 0
4 1.78024 2.30383
21 1.3439 3.00197
51 2.98849 0.628319
58 1.59134 2.30383
14 0.209989 0
81 1.55334 2.16421
46 1.11701 2.86234
23 2.07694 0
92 2.43774 0.767945
87 1.19253 2.44346
2 2.0944 1.0472
99 1.32645 2.02458
26 2.75533 0
53 0.795251 2.58309
89 1.93022 0.907571
73 1.14482 0
18 1.09956 1.88496
72 0.663225 2.58309
70 2.8022 0.20944
3 0.399131 2.72271
32 1.45234 1.0472
65 0.407131 0
5 0.872665 1.74533
