6 0.359749 1.88199
94 0.597839 0
96 0.239566 1.85573
86 0.720779 0
30 0.119173 1.82988
46 0.84328 0
18 3.14017 1.80442
58 0.965311 0
88 3.01938 1.77932
90 1.08684 0
93 2.8984 1.75457
23 1.20784 0
16 2.77724 1.73013
89 1.32825 0
64 2.65589 1.70599
81 1.44804 0
33 2.53437 1.68214
71 1.56716 0
9 2.41268 1.65855
69 1.68554 0
67 2.29081 1.63522
38 1.80312 0
26 2.16878 1.61213
74 1.9198 0
56 2.04658 1.58926
91 2.0355 0
63 1.92421 1.56661
37 2.1501 0
51 1.80168 1.54416
97 2.26346 0
59 1.679 1.5219
68 2.37539 0
50 1.55614 1.49983
87 2.48568 0
34 1.43313 1.47792
49 2.59402 0
78 1.30996 1.45617
17 2.70004 0
41 1.18663 1.43457
31 2.80315 0
53 1.06313 1.41312
99 2.90252 0
65 0.939469 1.3918
100 2.99674 0
24 0.815646 1.3706
28 3.0831 0
27 0.691658 1.34953
12 0.0131886 0
5 0.567502 1.32856
1 0 3.14159
15 0 0
40 0.57011 0
32 3.0966 2.8952
35 0.699479 0
82 3.00345 2.79285
84 0.828674 0
36 2.90231 2.7141
52 0.957692 0
83 2.79702 2.64754
47 1.08653 0
7 2.68907 2.58875
8 1.21518 0
62 2.5792 2.53546
85 2.83511 1.18424
57 1.10336 0
95 2.70951 1.16388
72 1.24474 0
14 2.58372 1.14357
73 1.38517 0
43 2.45773 1.1233
20 1.5248 0
70 2.33152 1.10305
42 1.66373 0
61 2.2051 1.08283
55 1.80205 0
4 2.07846 1.06262
44 1.78117 2.24376
60 2.23719 0
77 1.6646 2.209
75 2.36395 0
21 1.5476 2.17537
13 2.49046 0
98 1.4302 2.14274
10 2.61671 0
45 1.31244 2.11103
29 2.7427 0
11 1.19433 2.08014
76 2.86841 0
54 1.07591 2.05
66 2.99383 0
80 0.957201 2.02056
25 3.11895 0
22 0.838209 1.99175
2 0.92722 0.879963
48 0.0208241 0
92 0.797821 0.859399
39 0.155188 0
19 0.668071 0.838739
3 0.289315 0
79 0.537951 0.817968
