8 0.288485 2.41321
44 0.147006 0.0677427
64 0.695847 0.389239
96 0.281845 0.128521
46 0.619575 1.40899
48 0.440837 1.79252
55 1.00431 0
28 0.272484 0.277103
99 2.91603 0.0650749
1 0.225441 1.55071
93 1.0742 0
43 2.69926 2.8361
16 0.00745364 1.37501
95 2.55117 2.51164
38 1.05515 0
31 2.92274 1.11456
6 1.48314 0
82 2.60867 1.38307
76 2.13235 0
58 2.68796 0.592318
39 2.43429 1.44121
62 1.83873 0
88 2.51688 0.919142
73 2.3531 0
77 2.3608 1.33293
26 1.53946 0
7 2.46258 0.774902
66 1.62012 0.020763
60 1.7075 2.78808
33 2.28543 0
42 1.97155 2.00921
21 2.38202 0
51 1.15737 3.07503
49 2.52761 0
68 1.32581 2.55896
56 1.01837 2.84172
75 3.13234 0
69 0.94859 2.86425
53 2.94518 0
11 2.75076 0
86 0.870914 2.85084
52 0.0967592 0
34 1.13568 1.40592
36 0.0916369 0
78 1.05072 1.21161
91 0.947827 1.47925
63 0.131668 0
19 0.994635 1.1858
20 0.548875 0
70 0.82754 1.64028
100 0.16898 0
35 0.66384 1.54453
37 0.786659 1.13637
40 0.750688 0
71 2.98888 3.0853
84 0.735212 0
27 3.13531 2.44869
45 1.20639 0
87 0.213424 1.72357
14 1.13571 0
79 2.65126 2.98099
54 0.148269 1.1112
50 2.70555 2.47418
23 1.50558 0
92 0.0796603 0.739633
89 2.67829 2.40292
41 0.869812 0
85 1.48242 0
29 2.66541 1.70896
67 1.29613 0
61 2.47353 1.45077
5 1.52935 0
4 1.65564 0
94 2.02538 2.12924
2 2.25086 1.5082
13 2.25851 0.352294
12 2.33178 0.914603
90 2.51494 0
98 2.0096 1.72212
80 1.31895 3.0094
15 2.49156 0
65 2.54867 0
81 1.8109 1.70849
97 2.86201 0
18 1.81756 1.16371
22 2.76096 0
59 1.04035 3.00348
72 2.97095 0
25 1.44916 1.80096
47 2.68161 0
3 1.23646 2.1584
83 0.151975 0
10 0.652503 2.88765
9 1.36069 0.958875
32 0.326206 0
74 1.1593 1.50546
30 0.403689 0
17 0.160031 0
57 0.758229 1.5213
24 0.193573 0
