262 0 0
502 3.14052 3.13987
81 0.00439278 0
9 3.14012 3.13799
565 0.00458251 0
539 3.14106 3.13529
34 0.00762194 0
602 3.13905 3.13843
454 0.00879004 0
490 3.14065 3.13431
340 0.00716166 0
420 3.13998 3.13506
538 0.00626345 0
990 3.14038 3.1339
906 0.010148 0
520 3.13865 3.13649
527 0.00968147 0
563 3.13958 3.13452
607 0.0105747 0
431 3.14132 3.13082
305 0.00850936 0
284 3.13891 3.13483
984 0.0114206 0
786 3.1376 3.13679
234 0.0105644 0
321 3.13708 3.13753
361 0.0129255 0
722 3.13945 3.13243
977 0.0118136 0
773 3.14025 3.13066
779 0.0126567 0
492 3.13747 3.13589
133 0.0123358 0
242 3.14079 3.12879
993 0.0140091 0
805 3.13785 3.13461
811 0.00951572 0
748 3.13879 3.13246
873 0.014126 0
129 3.13812 3.13363
530 0.0106391 0
679 3.13605 3.13718
429 0.0156061 0
533 3.13839 3.13226
159 0.0135754 0
947 3.13878 3.13136
481 0.0101927 0
74 3.13643 3.13563
84 0.00946706 0
700 3.14052 3.12733
587 0.0128191 0
220 3.13932 3.12945
738 0.0148292 0
288 3.14011 3.12784
407 0.0150521 0
675 3.13707 3.13383
787 0.0114285 0
333 3.14106 3.12528
28 0.014789 0
998 3.14026 3.1268
755 0.016563 0
912 3.14105 3.12512
510 0.0144845 0
14 3.13695 3.13303
655 0.0112933 0
126 3.13733 3.13209
174 0.0142628 0
113 3.13945 3.12748
635 0.0123929 0
249 3.14159 3.12301
286 0.0136841 0
666 3.13516 3.13583
536 0.0159717 0
796 3.13369 3.13852
256 0.0152092 0
927 3.13825 3.1293
280 0.0160452 0
455 3.13334 3.13904
972 0.0181294 0
826 3.13998 3.12544
696 0.0156975 0
438 3.13918 3.12664
954 0.0153799 0
499 3.13958 3.12581
846 0.0137742 0
900 3.13592 3.13285
818 0.0125833 0
198 3.13241 3.13971
652 0.0149693 0
948 3.13631 3.13188
76 0.0129105 0
59 3.13839 3.12763
866 0.0199959 0
373 3.13566 3.133
423 0.0194786 0
745 3.13479 3.13457
506 0.0192745 0
662 3.14052 3.12283
797 0.0108528 0
648 3.13958 3.12456
240 0.020468 0
603 3.13682 3.12996
334 0.0123645 0
110 3.1372 3.12915
682 0.0186784 0
316 3.13682 3.12978
183 0.0183674 0
101 3.13321 3.13638
525 0.0181471 0
464 3.13455 3.13367
659 0.0185723 0
767 3.13851 3.12566
923 0.0158443 0
111 3.13466 3.13318
172 0.0156011 0
451 3.13309 3.13626
526 0.01807 0
919 3.14012 3.12219
329 0.014586 0
918 3.14146 3.11908
739 0.0177828 0
509 3.13852 3.12473
161 0.0205188 0
788 3.13945 3.12264
585 0.0174663 0
932 3.13542 3.13064
524 0.0175855 0
654 3.13065 3.14005
845 0.0136746 0
708 3.13617 3.129
670 0.0153957 0
378 3.13492 3.13117
185 0.0192631 0
158 3.1343 3.13222
784 0.0153096 0
16 3.13357 3.13348
904 0.0232155 0
449 3.13972 3.12111
656 0.0193403 0
676 3.1363 3.12793
380 0.0197744 0
854 3.13905 3.12238
876 0.0167592 0
104 3.14133 3.11766
624 0.0230842 0
335 3.13813 3.12382
763 0.0186525 0
265 3.13119 3.13753
713 0.0208287 0
508 3.13479 3.13008
212 0.0239763 0
743 3.1376 3.12437
114 0.0217553 0
806 3.13442 3.13048
122 0.0204683 0
616 3.13479 3.12966
706 0.0223483 0
415 3.13394 3.13133
704 0.0159926 0
346 3.13333 3.13239
147 0.0201417 0
929 3.12983 3.13928
96 0.016538 0
988 3.14078 3.11737
807 0.0167984 0
66 3.13865 3.12132
178 0.0149364 0
417 3.13263 3.13329
371 0.0226287 0
283 3.14025 3.11793
341 0.0200815 0
337 3.13566 3.12701
72 0.02096 0
413 3.13708 3.12399
241 0.0235904 0
966 3.13442 3.12927
657 0.0217051 0
560 3.13892 3.11989
19 0.0166306 0
479 3.13108 3.13534
393 0.0187116 0
294 3.13618 3.12509
783 0.0153115 0
27 3.13554 3.12631
546 0.0189123 0
542 3.13656 3.1242
575 0.0175003 0
718 3.13345 3.13033
935 0.0253043 0
883 3.13694 3.12326
817 0.0198712 0
177 3.13491 3.12728
344 0.0270903 0
512 3.1314 3.13415
999 0.0240669 0
885 3.13826 3.12016
860 0.0206635 0
488 3.13918 3.11821
593 0.0183573 0
937 3.12878 3.13883
532 0.0167516 0
73 3.13394 3.12847
78 0.0203164 0
328 3.1343 3.12766
285 0.0229748 0
907 3.13466 3.12685
680 0.0269767 0
804 3.13264 3.13063
327 0.0248563 0
485 3.13075 3.13427
809 0.0194684 0
893 3.14132 3.1131
749 0.0188607 0
160 3.13024 3.1351
36 0.0156833 0
586 3.13185 3.13189
400 0.0221813 0
949 3.13218 3.13101
23 0.0256752 0
942 3.13517 3.12493
182 0.0204973 0
195 3.13554 3.12403
88 0.0288842 0
951 3.13054 3.13394
187 0.0174976 0
541 3.13655 3.12172
964 0.0214719 0
641 3.13721 3.12038
70 0.0265987 0
436 3.13251 3.12957
109 0.0242891 0
320 3.12916 3.13621
534 0.0285209 0
986 3.13504 3.12433
446 0.0187719 0
882 3.13299 3.12832
279 0.0206646 0
903 3.13878 3.11667
71 0.0223369 0
456 3.13118 3.13182
399 0.0195264 0
619 3.13418 3.12562
79 0.0174135 0
578 3.13605 3.12176
302 0.0179386 0
517 3.12944 3.13487
248 0.0230005 0
472 3.13097 3.13172
757 0.0311417 0
414 3.13643 3.12065
338 0.0210434 0
173 3.13971 3.11392
881 0.0226197 0
433 3.13382 3.12563
615 0.0215528 0
632 3.12973 3.13375
980 0.030261 0
570 3.13418 3.12476
131 0.0222477 0
233 3.13839 3.1163
814 0.0269582 0
189 3.13617 3.1206
405 0.0247889 0
441 3.12843 3.13594
661 0.0251126 0
790 3.12783 3.13705
574 0.0201462 0
382 3.13086 3.13095
486 0.0246356 0
623 3.12669 3.13917
812 0.0224822 0
452 3.13773 3.11697
356 0.0229526 0
629 3.12751 3.13725
909 0.0241838 0
18 3.1324 3.12736
782 0.0208837 0
557 3.12869 3.13465
976 0.0237897 0
224 3.13878 3.11445
694 0.0317066 0
618 3.13014 3.13156
562 0.0186075 0
127 3.13184 3.12796
466 0.0265823 0
397 3.13044 3.1307
228 0.0229875 0
905 3.12888 3.13359
184 0.0273483 0
311 3.13055 3.13011
572 0.0248487 0
543 3.13003 3.13111
421 0.0197595 0
68 3.13516 3.12082
870 0.0214085 0
744 3.13322 3.1246
495 0.0259118 0
309 3.1358 3.11937
323 0.0184121 0
823 3.12513 3.1405
938 0.0193707 0
899 3.12759 3.13553
781 0.029873 0
87 3.13668 3.11726
166 0.0181066 0
291 3.13918 3.11223
651 0.0235013 0
864 3.13229 3.12594
594 0.0218304 0
317 3.13118 3.12802
577 0.0322885 0
86 3.12816 3.13379
824 0.0224469 0
116 3.13097 3.12811
637 0.0306113 0
480 3.12481 3.14026
153 0.0270679 0
642 3.12861 3.1326
312 0.0226717 0
701 3.12974 3.13026
60 0.0204319 0
82 3.12712 3.13543
920 0.0193471 0
67 3.13772 3.11407
426 0.0277715 0
176 3.13162 3.12616
391 0.0279834 0
588 3.12634 3.13661
484 0.0272398 0
239 3.13275 3.12376
64 0.0220345 0
995 3.13195 3.12531
342 0.0287877 0
583 3.13592 3.11732
752 0.0285668 0
383 3.13229 3.12443
119 0.0261447 0
970 3.12974 3.12948
833 0.0256951 0
498 3.13566 3.11755
376 0.0207286 0
591 3.12834 3.13212
235 0.0244792 0
741 3.13065 3.1273
462 0.0224953 0
90 3.13825 3.11205
730 0.024979 0
505 3.13013 3.12826
197 0.0192258 0
89 3.1286 3.13123
473 0.0237987 0
687 3.12527 3.13775
188 0.03124 0
515 3.1363 3.11558
528 0.0209548 0
343 3.13241 3.12323
295 0.0219068 0
695 3.12585 3.13632
511 0.0351648 0
304 3.12743 3.13289
913 0.0282041 0
774 3.13045 3.12683
934 0.0197113 0
85 3.13455 3.11852
347 0.0279872 0
467 3.1287 3.13014
561 0.0264283 0
944 3.12727 3.13296
395 0.0295322 0
366 3.125 3.13745
626 0.0268635 0
917 3.1331 3.12115
963 0.0263954 0
11 3.12429 3.13872
351 0.0269636 0
460 3.12766 3.13195
408 0.0248876 0
897 3.1247 3.13783
194 0.0236673 0
813 3.12622 3.13474
331 0.0204789 0
103 3.12984 3.12745
671 0.0254358 0
170 3.12825 3.13057
99 0.0369177 0
861 3.13668 3.11367
292 0.025413 0
822 3.1287 3.1296
124 0.0228606 0
668 3.13491 3.11703
936 0.0233627 0
403 3.13892 3.10866
765 0.0319887 0
93 3.12574 3.13496
674 0.022662 0
440 3.12682 3.13271
345 0.0241225 0
236 3.13151 3.12305
667 0.0213154 0
251 3.13151 3.12298
117 0.0251981 0
44 3.12964 3.12667
608 0.0293554 0
890 3.13024 3.12541
445 0.0325968 0
709 3.12704 3.13178
141 0.0226724 0
30 3.13286 3.12007
580 0.0254426 0
425 3.12906 3.1276
163 0.0293093 0
799 3.12993 3.12584
10 0.0235785 0
37 3.12825 3.12918
483 0.0217277 0
746 3.13023 3.12499
732 0.0312091 0
507 3.13358 3.11826
653 0.0262996 0
457 3.12496 3.13544
186 0.0233194 0
625 3.12496 3.13539
955 0.0220455 0
31 3.12439 3.13638
855 0.0222746 0
7 3.12648 3.13219
155 0.0243758 0
622 3.12437 3.13627
156 0.0360641 0
54 3.12557 3.13382
336 0.0253979 0
721 3.13429 3.11623
540 0.0259402 0
733 3.13393 3.11673
444 0.0242336 0
837 3.12861 3.12734
693 0.0259996 0
672 3.13034 3.12383
358 0.0233694 0
398 3.13065 3.12316
275 0.0229655 0
404 3.12944 3.12556
63 0.0264978 0
945 3.12834 3.12775
164 0.0370175 0
55 3.12994 3.12453
434 0.0239833 0
442 3.12879 3.12679
967 0.0239098 0
868 3.13118 3.12196
798 0.0248583 0
567 3.12888 3.12652
45 0.0265757 0
724 3.13195 3.1203
887 0.0296678 0
482 3.13682 3.11048
997 0.038809 0
143 3.12415 3.13573
834 0.0283435 0
386 3.13229 3.11937
715 0.0241131 0
891 3.12628 3.1313
132 0.0342797 0
232 3.13252 3.11878
50 0.02383 0
453 3.13096 3.12184
803 0.0235599 0
348 3.12655 3.13051
669 0.024174 0
392 3.12522 3.13314
247 0.026383 0
389 3.12477 3.13398
105 0.0365384 0
836 3.12437 3.13465
231 0.026978 0
884 3.14092 3.10145
15 0.0325613 0
192 3.12427 3.1347
688 0.0276218 0
922 3.12675 3.12969
289 0.0281594 0
631 3.12579 3.13146
633 0.0280864 0
610 3.12916 3.1247
253 0.0261304 0
95 3.13034 3.12215
992 0.0245339 0
108 3.12451 3.13379
775 0.0299926 0
261 3.14119 3.10034
49 0.0286527 0
130 3.12474 3.13318
179 0.0267999 0
217 3.13298 3.11642
692 0.0261975 0
915 3.12983 3.12268
802 0.0253335 0
925 3.12655 3.12924
274 0.0325408 0
816 3.13393 3.11437
298 0.0253247 0
535 3.13984 3.10248
437 0.0252463 0
125 3.12621 3.12954
930 0.0370205 0
902 3.12742 3.1271
958 0.028297 0
628 3.1314 3.11913
614 0.0267253 0
611 3.12563 3.1306
165 0.0263983 0
771 3.12843 3.12486
795 0.0387392 0
952 3.12492 3.13175
387 0.0261423 0
139 3.12727 3.12704
100 0.0305163 0
705 3.13579 3.10994
896 0.0258986 0
200 3.12603 3.12939
871 0.0302675 0
983 3.12954 3.12235
839 0.0274115 0
759 3.12441 3.13239
47 0.0294688 0
514 3.12522 3.13076
761 0.0261228 0
367 3.13173 3.11771
789 0.0320782 0
308 3.12635 3.12843
190 0.0407474 0
315 3.12426 3.13257
136 0.0262775 0
978 3.12879 3.12348
319 0.026514 0
835 3.13442 3.11215
325 0.0272574 0
303 3.12682 3.12725
742 0.0269622 0
250 3.13075 3.11927
41 0.0354633 0
956 3.12557 3.12954
229 0.0273885 0
778 3.1272 3.12628
764 0.0290135 0
649 3.13024 3.12016
681 0.0316316 0
206 3.12421 3.13215
559 0.04009 0
32 3.12774 3.12502
750 0.0279613 0
418 3.12759 3.12512
46 0.0310579 0
791 3.12585 3.12858
838 0.0270531 0
77 3.1246 3.13107
40 0.0273477 0
636 3.12668 3.12688
707 0.0277252 0
640 3.13129 3.1176
646 0.02722 0
412 3.12878 3.12253
865 0.0275629 0
69 3.13055 3.11888
888 0.0290438 0
42 3.12783 3.12423
857 0.0326552 0
753 3.12426 3.13126
769 0.030141 0
293 3.12477 3.13008
202 0.0290371 0
825 3.12597 3.12754
487 0.0318088 0
582 3.12522 3.129
850 0.0329107 0
3 3.14011 3.09913
226 0.0374674 0
154 3.12452 3.13023
758 0.0403688 0
719 3.13206 3.1151
245 0.0348963 0
463 3.1275 3.12413
148 0.0284727 0
128 3.12615 3.12673
683 0.0283438 0
107 3.12504 3.12888
372 0.0390175 0
207 3.1242 3.13054
92 0.0296202 0
982 3.12697 3.12496
363 0.0404822 0
558 3.12944 3.11993
552 0.0348618 0
556 3.12609 3.12658
886 0.0294527 0
895 3.13346 3.11168
847 0.0291617 0
969 3.12851 3.12148
550 0.029423 0
496 3.12527 3.12793
238 0.0319293 0
48 3.12552 3.12739
447 0.0311783 0
221 3.12417 3.13002
97 0.0291776 0
728 3.12427 3.12957
281 0.0313084 0
91 3.1269 3.1243
842 0.0348304 0
762 3.12417 3.12972
83 0.0301349 0
699 3.13759 3.10286
51 0.0295021 0
568 3.12562 3.12673
244 0.0326441 0
26 3.13218 3.1136
691 0.0406708 0
612 3.12492 3.12808
673 0.0298806 0
443 3.13264 3.11259
598 0.0338538 0
690 3.12727 3.12319
677 0.0319793 0
191 3.1242 3.12921
255 0.0315238 0
979 3.12463 3.12823
684 0.0353975 0
877 3.12414 3.12906
474 0.0336751 0
991 3.12439 3.12855
269 0.0305865 0
645 3.12415 3.12891
953 0.0303974 0
712 3.13097 3.11524
523 0.0323758 0
928 3.12661 3.12389
946 0.0347915 0
120 3.12574 3.1255
56 0.0311038 0
491 3.12424 3.1284
772 0.0345941 0
98 3.12547 3.12591
271 0.0338746 0
685 3.12668 3.12337
518 0.040988 0
776 3.13014 3.11629
974 0.0318212 0
57 3.12454 3.12742
25 0.0384359 0
647 3.12591 3.12463
879 0.0405896 0
551 3.12897 3.11836
475 0.0312655 0
477 3.12509 3.12606
65 0.0394737 0
597 3.12775 3.12069
370 0.0311656 0
263 3.12887 3.11842
223 0.0312485 0
643 3.13516 3.10578
270 0.0325257 0
544 3.13904 3.09782
494 0.0315628 0
416 3.12615 3.12355
13 0.0387056 0
273 3.12477 3.12622
448 0.0350426 0
592 3.12484 3.12603
24 0.0328128 0
810 3.12449 3.1267
840 0.0318042 0
379 3.14159 3.09231
933 0.0357296 0
941 3.1269 3.1216
458 0.0332544 0
768 3.12414 3.12707
326 0.0321327 0
961 3.13345 3.10842
227 0.0372322 0
962 3.12418 3.12691
419 0.0485184 0
355 3.12431 3.12655
352 0.0381621 0
678 3.13086 3.11344
989 0.0330102 0
354 3.12496 3.12518
714 0.0337842 0
703 3.12457 3.12588
780 0.032595 0
422 3.12615 3.12246
181 0.0354416 0
766 3.12467 3.12537
296 0.035598 0
971 3.13945 3.09579
663 0.0327982 0
516 3.12597 3.12257
579 0.0377599 0
497 3.12437 3.12572
374 0.0340235 0
468 3.12444 3.12553
793 0.0334996 0
277 3.12427 3.12569
138 0.0376726 0
537 3.12634 3.1214
476 0.0475197 0
926 3.12735 3.11932
617 0.0408838 0
362 3.13003 3.11384
519 0.0421625 0
800 3.12641 3.12099
830 0.0349092 0
851 3.13044 3.11276
894 0.0341137 0
994 3.12568 3.12227
751 0.0341546 0
168 3.12513 3.12309
252 0.0363944 0
349 3.13733 3.09864
152 0.034043 0
121 3.1314 3.11048
564 0.0341312 0
469 3.1247 3.12386
94 0.0393177 0
968 3.12513 3.12294
987 0.0368718 0
301 3.12791 3.1172
859 0.0345106 0
921 3.12585 3.12119
21 0.045481 0
710 3.1248 3.12312
377 0.0388052 0
310 3.12527 3.12208
639 0.0350367 0
911 3.12416 3.12427
513 0.0354763 0
167 3.12537 3.12172
853 0.0349469 0
689 3.12431 3.12375
80 0.0350678 0
874 3.12743 3.11738
459 0.0371753 0
53 3.12429 3.12351
6 0.0416448 0
257 3.12727 3.11749
852 0.036263 0
489 3.12834 3.11516
39 0.0367852 0
157 3.12662 3.11857
605 0.0359235 0
862 3.13406 3.10361
411 0.0363858 0
819 3.12418 3.12333
215 0.0412295 0
959 3.1247 3.12211
1 0.0374248 0
522 3.12414 3.12316
878 0.040439 0
975 3.12446 3.12231
375 0.036308 0
867 3.12429 3.1225
211 0.0398094 0
112 3.12973 3.11149
573 0.0376182 0
914 3.12767 3.11551
409 0.0392732 0
843 3.1331 3.10449
589 0.0386876 0
910 3.12609 3.11831
737 0.0382974 0
908 3.1246 3.12103
169 0.0372006 0
20 3.12439 3.12124
898 0.0373835 0
450 3.12704 3.11584
965 0.037503 0
115 3.12897 3.11196
61 0.0388875 0
149 3.13217 3.10532
58 0.0415238 0
981 3.12467 3.12021
353 0.0407705 0
831 3.12423 3.12095
196 0.0389222 0
369 3.12628 3.11679
660 0.0390319 0
716 3.12563 3.11804
394 0.0405403 0
267 3.12415 3.12073
815 0.0391192 0
943 3.12444 3.11998
243 0.038527 0
439 3.1242 3.12029
175 0.047523 0
756 3.12457 3.11947
801 0.0394892 0
12 3.12597 3.11648
634 0.0391667 0
549 3.12522 3.11777
209 0.0409127 0
2 3.12647 3.11502
424 0.0395022 0
630 3.12451 3.11867
282 0.0405946 0
258 3.12683 3.11391
734 0.0452006 0
880 3.13087 3.10563
665 0.0406259 0
531 3.12488 3.11749
162 0.0405996 0
33 3.12433 3.11841
548 0.0405146 0
760 3.12628 3.1143
385 0.0445985 0
820 3.1287 3.10914
576 0.0427243 0
770 3.1343 3.09756
324 0.0461723 0
332 3.13207 3.10166
940 0.0427915 0
727 3.12414 3.11744
62 0.0454705 0
500 3.12464 3.11623
889 0.0418752 0
22 3.12441 3.11654
504 0.0420815 0
381 3.12655 3.11224
650 0.0545469 0
134 3.12435 3.11642
892 0.0455701 0
555 3.13004 3.10483
872 0.0457828 0
180 3.12421 3.1161
406 0.0440882 0
848 3.13275 3.09888
996 0.0450439 0
306 3.12464 3.11496
729 0.0432597 0
493 3.12825 3.10738
29 0.0453807 0
364 3.13184 3.10011
950 0.0450573 0
600 3.12415 3.11544
644 0.0438766 0
841 3.12441 3.11459
75 0.0450271 0
856 3.13592 3.09155
230 0.044869 0
596 3.13694 3.08939
717 0.0509852 0
208 3.12488 3.11335
102 0.0469381 0
606 3.1246 3.11376
664 0.0514355 0
613 3.13799 3.08693
218 0.0537464 0
5 3.12426 3.11422
287 0.0507747 0
410 3.12925 3.10397
118 0.0463208 0
808 3.12843 3.10547
697 0.0456019 0
135 3.13905 3.0841
754 0.0451885 0
360 3.13919 3.08352
829 0.0489259 0
428 3.12775 3.10624
777 0.0462868 0
731 3.12622 3.10891
924 0.0491057 0
427 3.13567 3.08984
584 0.0472207 0
931 3.12654 3.10765
313 0.0466566 0
794 3.12509 3.11037
368 0.0469918 0
792 3.12477 3.11089
960 0.0472802 0
222 3.12603 3.1083
627 0.051624 0
478 3.13034 3.09938
401 0.0480806 0
973 3.12697 3.10593
300 0.0491617 0
621 3.1324 3.09449
17 0.0488836 0
503 3.12417 3.10961
529 0.0532981 0
210 3.12427 3.10903
723 0.0503334 0
599 3.12954 3.09809
237 0.0506894 0
193 3.13467 3.08745
246 0.06497 0
8 3.1269 3.10247
740 0.0534155 0
203 3.12504 3.10594
276 0.053016 0
357 3.12542 3.10516
142 0.0514704 0
863 3.13151 3.0927
330 0.0525127 0
272 3.12983 3.09548
828 0.0571281 0
144 3.12414 3.10682
465 0.0587364 0
266 3.12834 3.09838
916 0.0597505 0
365 3.1258 3.10287
471 0.0529471 0
590 3.1246 3.10499
985 0.054652 0
554 3.12537 3.10187
638 0.0647957 0
216 3.12424 3.10324
435 0.0730911 0
205 3.12463 3.10208
720 0.0572501 0
151 3.12648 3.09784
726 0.0573902 0
658 3.12416 3.10227
259 0.0580463 0
832 3.13708 3.07598
875 0.0667383 0
290 3.12568 3.09862
521 0.058858 0
384 3.13454 3.07933
698 0.0608094 0
339 3.12791 3.09234
461 0.0603628 0
545 3.12682 3.0931
1000 0.06086 0
214 3.13554 3.07506
735 0.0646258 0
620 3.12552 3.09483
318 0.0621357 0
601 3.12808 3.08892
213 0.0656295 0
595 3.12454 3.09515
123 0.0680001 0
264 3.12964 3.08414
609 0.0649835 0
547 3.12481 3.09344
432 0.076208 0
52 3.13656 3.06978
225 0.0810181 0
402 3.12954 3.08348
571 0.0665314 0
35 3.12668 3.08796
150 0.0662991 0
569 3.12414 3.09072
171 0.0734818 0
430 3.12615 3.08528
747 0.070558 0
204 3.13503 3.06451
38 0.0730473 0
4 3.12609 3.08222
725 0.0753331 0
957 3.12817 3.07687
388 0.0780301 0
581 3.12446 3.08284
785 0.0918158 0
137 3.1314 3.06737
145 0.0773458 0
849 3.12719 3.0741
106 0.0836458 0
821 3.12419 3.07772
201 0.0893225 0
314 3.13229 3.05982
307 0.0867925 0
219 3.12414 3.07309
254 0.0903553 0
297 3.12509 3.06602
844 0.100586 0
553 3.12416 3.06728
470 0.107291 0
199 3.12484 3.06461
390 0.0992358 0
711 3.12547 3.05801
268 0.102528 0
43 3.13418 3.03357
260 0.113217 0
827 3.12591 3.04677
939 0.11489 0
686 3.13746 3.01268
604 0.127466 0
146 3.13998 2.99699
359 0.135746 0
299 3.13517 3.00525
322 0.13446 0
869 3.13287 3.00577
501 0.139361 0
901 3.12574 3.01312
350 0.159837 0
396 3.13023 2.98627
140 0.185784 0
736 3.12532 2.95491
566 0.221315 0
858 3.14105 2.89113
702 0.333861 0
278 3.12496 2.58155
