24 2.146754979953 2.136185934709
17 2.146754979953 2.279898466376
9 2.146754979953 2.306533785200
61 2.146754979953 2.322181021832
7 2.146754979953 2.332400193209
51 2.146754979953 1.794298595290
37 2.146754979953 1.733935073803
98 2.146754979953 1.637352128602
91 2.146754979953 1.634894823533
90 2.146754979953 1.623421806301
5 2.146754979953 2.470301733523
75 2.146754979953 1.583929005407
38 2.146754979953 1.581985275938
36 2.146754979953 1.572696436290
30 2.146754979953 1.498610310789
88 2.146754979953 1.481682228202
23 2.146754979953 2.585280847851
10 2.146754979953 1.399717740699
40 2.146754979953 1.333609773543
44 2.146754979953 1.303947102145
21 2.146754979953 2.663986750563
99 2.146754979953 1.256842589302
78 2.146754979953 1.251148201023
63 2.146754979953 2.676370162766
86 2.146754979952 2.766537604043
2 2.146754979953 1.021601023847
69 2.146754979953 1.002689273544
28 2.146754979953 0.852386775502
22 2.146754979953 0.852241740554
89 2.146754979952 2.857933830821
68 2.146754979953 0.801593747651
72 2.146754979953 2.864499706296
62 2.146754979954 2.899814171705
50 2.146754979953 0.695554102683
33 2.146754979953 0.671720065285
73 2.146754979953 0.670609528420
54 2.146754979954 2.912330741721
93 2.146754979953 2.916020576607
32 2.146754979953 0.652117190566
66 2.146754979953 0.624799508367
31 2.146754979953 0.622369974474
100 2.146754979953 0.576258006798
16 2.146754979954 2.945610007770
57 2.146754979953 0.557067052361
43 2.146754979953 0.448037688343
53 2.146754979953 3.002672703530
45 2.146754979954 3.037747158949
77 2.146754979954 3.041351312653
87 2.146754979951 3.051049522349
81 2.146754979954 0.254403575303
67 2.146754979954 0.180783371344
60 2.146754979956 3.088139572080
80 2.146754979954 0.153070490491
13 2.146754979919 0.007724278320
84 2.175856047094 0.043654682457
25 2.176402018162 0.044473815832
3 2.179296747131 3.125317460426
6 2.201618495223 0.082315942569
8 2.208879791945 0.093217239986
83 2.262657504182 0.174049559241
96 2.299820971336 3.064606726047
34 2.388287038937 0.364105846290
55 2.388617092464 0.364608479473
41 2.430829620833 0.429083417083
47 2.471881031009 0.492196162427
76 2.492966656861 0.524796193749
46 2.503093484106 0.540501705954
18 2.521621968634 0.569324497164
35 2.595410984840 0.685393397906
26 2.674845122437 2.856472818907
49 2.677207429348 2.854978655111
65 2.678517144751 0.819206089875
79 2.707713067455 2.835352346649
19 2.713627796068 2.831472031599
11 2.719492725249 0.886731449799
52 2.768489545117 0.969162160158
94 2.813572167137 1.046971535365
71 2.816640249996 2.759132321254
58 2.872677644660 1.152585042487
15 2.900772147635 1.204567259566
64 2.913878542394 1.229286025813
92 2.930186192069 1.260507357950
42 2.932823356777 1.265607926312
85 2.944026578882 1.287446972940
20 2.957738297929 2.638000348502
27 2.958727595797 1.316550970552
59 2.971995008683 1.343292264490
95 2.996368734803 1.393753291198
29 3.001693438309 2.591497576860
1 3.018674434957 2.571807395244
56 3.025438875396 1.456634658554
12 3.032581459557 2.554801389384
14 3.113656816213 2.431514674701
48 3.117870836723 2.423366101016
39 3.142656570609 2.369031625617
70 3.146792017623 1.783060401386
82 3.163832087589 1.849932714793
74 3.178626983410 1.923446467262
4 3.192664823658 2.046515626281
97 3.192923715219 2.136100248631
