39 6.125687788933 4.694919260977
72 6.125225067531 4.704156269276
35 6.120055394569 4.785187454055
74 6.116700451986 4.826208396072
3 6.102442957170 4.960610684791
37 6.021663793383 3.775834789011
56 5.983486825066 5.586875696080
41 5.965691088818 5.658948751315
65 5.931021584157 5.793270118863
18 5.922726529267 5.824471035994
53 5.898228324000 5.915003120230
5 5.882916590670 5.970578809333
45 5.861795648490 6.046267706511
76 5.849278498235 6.090708209140
23 5.794493116619 6.206610446574
44 5.794493116621 3.363886636632
42 5.794493116621 3.367366614152
59 5.794493116621 3.390510472303
28 5.794493116621 3.687529405236
26 5.794493116621 3.856788946285
92 4.872741911608 4.552752965096
40 4.872597512474 4.575272179506
16 4.872265830224 4.491534932567
68 4.870777461583 4.654072427572
88 4.869295844182 4.403539482897
78 4.854938028248 4.880050851592
49 4.793017380515 3.882586640583
58 4.790929237309 3.874064298066
87 4.739098378888 3.687862836986
25 4.603758790792 6.051251010896
63 4.589507815254 3.271331524952
60 4.568877822027 6.174478002777
17 4.537856055184 6.184886088595
77 4.537856055184 3.226648288203
27 4.537856055186 3.312250879898
82 4.537856055185 5.899989041419
71 4.537856055185 5.870391337445
89 4.537856055185 3.586868246188
6 4.537856055185 4.943851070043
79 4.537856055185 4.387869595709
55 3.630067189922 4.690749229612
38 3.625182924256 4.325899600102
96 3.622071677522 4.812295637585
57 3.614423076455 4.892807399112
32 3.601372084394 5.001309560467
98 3.598460859652 4.102380132136
14 3.485726469409 3.642867593345
33 3.430023380459 5.812780327496
15 3.405015185356 5.905467992171
100 3.375165610816 6.013452757214
52 3.298672286269 3.349643765167
81 3.298672286270 5.941069791127
66 3.298672286269 3.433403384734
62 3.298672286269 5.716460419240
22 3.298672286269 5.592471581014
85 3.298672286269 5.589499879862
84 3.298672286269 3.648258412812
54 3.298672286269 5.316547056817
51 3.298672286269 5.230578204042
19 3.298672286269 4.638296301324
69 2.182031979824 4.677780790673
91 2.179324195143 4.365119045153
31 2.157339146983 4.151580010403
11 2.157230990355 4.150825141527
99 2.140679725746 5.085042051762
95 2.138125562265 4.035267672998
90 2.126489604068 5.171777114250
4 2.116063763127 5.230026549165
43 2.093775806235 3.837132762243
2 2.072683671051 5.442329762165
7 2.066075577414 3.736987034907
64 2.043539683331 5.568242779182
50 2.038613483933 3.647568807357
75 1.985306562929 3.491449620116
86 1.934797551371 5.983822073775
80 1.850049007115 6.242205932807
20 1.850049007113 6.094918760593
13 1.850049007114 6.013457387079
1 1.850049007114 3.628281523815
97 1.850049007114 4.658312888420
30 1.032670273125 4.499120640022
93 0.993378772434 5.054351487505
67 0.993255685592 5.055189154079
10 0.963715395776 5.232355344380
29 0.929134215624 3.789610189303
46 0.914080060869 5.472109283619
34 0.855490994778 5.713411559418
48 0.816967863091 3.446478240606
9 0.760854913910 3.299497802602
83 0.698131700796 6.176458725422
24 0.698131700797 3.354763612896
94 0.698131700797 5.925752665053
61 0.698131700798 5.843813755157
8 0.698131700798 3.628622730513
12 0.698131700798 5.607185123886
21 0.698131700798 3.703122073600
70 0.698131700798 3.947202392837
47 0.698131700798 4.795620387963
36 0.698131700798 4.719645400111
73 0.698131700798 4.710635146351
