12 0.000000000000 0.000000000000
45 0.407131140216 5.585053606381
47 1.972222054754 3.630284844148
27 0.541052068119 5.166174585903
17 0.908386732602 4.607669225265
95 6.056292504420 6.143558967020
6 0.009852902517 5.724679946541
96 0.314159265359 5.026548245744
82 0.486297003914 4.747295565424
28 1.745329251996 3.490658503988
11 2.016802062116 3.351032163829
68 5.829399701663 6.003932626858
59 5.896917871316 5.864306286699
15 0.087266462600 4.886921905585
52 0.070741727254 4.886921905585
85 5.602506898903 5.864306286699
31 5.501628802190 6.003932626858
60 1.518436449236 3.351032163829
94 1.172842901977 3.490658503988
37 6.143558967021 4.747295565424
9 5.943463899061 5.026548245744
13 5.375614096143 5.724679946541
75 5.106877024693 6.143558967020
71 5.916666164261 4.607669225265
62 5.537006167223 5.166174585903
19 0.461990697610 3.630284844148
78 5.148721293384 5.585053606381
33 4.712388980385 0.000000000000
69 1.291543646480 3.211405823668
84 2.338741197673 0.977384381118
91 2.909767858735 1.815142422074
4 2.376737854128 0.837758040958
21 1.965284371104 0.139626340159
51 3.769911184308 2.513274122872
58 2.565634000431 0.837758040957
14 3.351581327728 1.954768762234
81 2.777521450982 0.977384381117
46 2.360036148601 0.279252680322
23 5.218534463462 3.071779483510
92 5.579336235645 3.909537524467
87 4.334121957203 5.585053606381
2 5.235987755983 4.188790204786
99 4.468042885106 5.166174585903
26 4.031710572108 5.864306286699
53 3.936843719503 5.724679946542
89 5.071808466224 4.049163864627
73 5.009094953224 4.049163864627
18 4.241150082346 5.026548245743
72 3.804817769348 5.724679946541
70 5.943792879100 3.351032163830
3 3.540723381122 5.864306286701
32 4.593937161491 4.188790204786
65 3.577924966589 5.585053606381
5 4.014257279587 4.886921905584
50 4.782202150465 3.909537524467
20 3.145434311997 6.003932626860
77 4.136979491126 4.328416544945
83 5.099833718964 3.490658503989
88 3.351032163829 5.445427266222
55 3.787364476828 4.747295565424
61 4.555309347705 3.769911184308
10 2.750682534503 6.143558967017
63 3.695166022133 4.468042885105
38 3.124139361070 5.305800926062
86 3.560471674068 4.607669225265
49 4.388981514598 3.630284844148
1 2.356195281639 6.283183988280
97 4.328416544945 3.630284844148
80 2.897246558311 5.166174585903
40 3.264581222795 4.607669225265
66 3.333578871309 4.468042885105
41 2.129301687435 6.143558967017
24 3.773884337016 3.769911184308
39 2.670353755552 5.026548245743
64 2.842491494106 4.747295565424
7 4.101523742185 3.490658503989
100 3.106686068550 4.328416544945
57 1.902408884674 6.003932626860
16 3.223141745452 3.909537524467
34 2.426936217447 4.886921905584
74 2.879793265791 4.188790204786
22 1.675516081914 5.864306286701
76 3.874630939427 3.351032163830
79 2.016473082075 5.026548245743
36 2.715613976032 4.049163864627
8 2.652900463031 4.049163864627
56 1.448623279155 5.724679946542
35 1.610015350235 5.166174585903
25 2.237742671299 4.188790204786
29 1.221730476396 5.585053606381
48 2.426007660272 3.909537524467
67 2.219911480958 3.071779483510
42 1.206725124187 5.305800926062
93 1.780785000933 4.328416544946
98 0.994837673636 5.445427266223
43 2.199114857514 3.769911184308
90 0.805941527333 5.445427266222
54 1.338971531940 4.468042885105
44 0.767944870878 5.305800926062
30 2.862339973275 3.071779483512
