40 0.750687693356 1.497610417724
71 0.200958959221 0.056291739982
84 0.735211793802 1.269794039397
27 0.596132962048 0.692901579097
45 1.206385393285 2.352600493912
87 0.960723328027 1.418019021534
14 1.135714306245 1.896762197048
79 0.627947540005 0.160603321804
54 1.429791262316 2.030397338792
50 1.004489374552 0.667414723392
23 1.505581794115 1.896795278262
92 1.616146189677 2.401959961936
89 1.091492775015 0.738676605133
41 0.869811640919 0.030740846403
85 1.482419530534 2.897005139192
29 1.661349834464 1.432633108510
67 1.296132627890 3.093787253853
61 2.039387328181 1.690824422803
5 1.529354834719 0.201737519080
4 1.655640687771 3.073663904700
94 1.970510425590 1.012349576509
2 2.222249648483 1.633389209551
13 2.319727287755 2.789298811700
12 2.471726695278 2.226989875132
90 2.514936736670 2.297992709553
98 2.307239342928 1.419468716443
80 1.935924654744 0.132188511992
15 2.491560082602 2.893496641358
65 2.548669154458 2.869234016632
81 2.516213884611 1.433103816022
97 2.862012467359 2.098607905867
18 2.874224172064 1.977886021268
22 2.760964136518 1.512811331665
59 2.219589746600 0.138110961221
72 2.970949836824 1.901376126197
25 2.807527838061 1.340636256560
47 2.681614631294 0.936773487015
3 2.735638601066 0.983194107759
83 3.293567694132 2.407951286908
10 2.706565961191 0.253946726977
9 3.427298801651 2.182718079466
32 3.467798368875 2.310732709090
74 3.315738514744 1.636132198435
30 3.545281161619 2.595237147788
17 3.301623786251 1.012463917938
57 3.705663779086 1.620294031807
24 3.335165200276 0.512099945913
8 3.472687335093 0.728385786099
44 3.392616375167 3.073849963218
64 3.837439211227 3.530831881109
96 3.423437598601 3.270113353143
46 3.761167661570 4.550581860385
48 3.582429985098 4.934112118249
55 3.580058079513 3.497270502776
28 3.414076481713 3.418695587722
99 3.750117630842 3.076517751966
1 4.217560591530 1.590881733279
93 4.215792513328 1.200060745128
43 3.845433278635 0.305489473461
16 4.556228802894 1.766587569799
95 4.268943060965 0.629948225933
38 4.196741058655 3.115005571998
31 4.936782399903 2.027032238810
6 4.624731871447 1.075566952852
82 5.091308945037 1.758526908643
76 5.273946392669 2.476521591411
58 5.268765828819 2.549274753059
39 5.226737288741 1.700384733100
62 4.980317840828 2.980324369131
88 5.426729835890 2.222450375352
73 5.494693364575 2.433841475185
77 5.371700661465 1.808660296492
26 4.681052273354 3.135857922598
7 5.513820139128 2.366690443960
66 4.787392133119 3.120829604215
60 4.878180121267 0.353517436518
33 5.427020656327 1.579195940692
42 5.262915043558 1.132383644771
21 5.523613143627 1.031439010852
51 5.182866793201 0.066563189038
49 5.669203608557 1.144248807950
68 5.454389251821 0.582630956504
56 5.521531432379 0.299871806392
75 6.273932168181 2.224092873921
69 5.572067018863 0.277342914939
53 6.086770337411 2.867330134941
11 5.892354593825 2.981336558577
86 5.661200186814 0.290754466249
52 0.096759191780 2.839755248915
34 0.265947446729 1.735670035793
36 0.091636856823 1.236548517883
78 0.472499181292 1.929986408166
91 0.403894582118 1.662345772785
63 0.131667931386 0.912087928714
19 0.543289368691 1.955793155197
20 0.548875300573 1.955367856855
70 0.408809573371 1.501308873429
100 0.168979866529 0.494956491057
35 0.641981489821 1.597065130818
37 0.778275271469 2.005219917046
