262 0.000000000000 0.000000000000
502 6.282108305221 6.281465269990
81 6.282786563522 6.279191270109
9 6.281710602817 6.279581531172
565 6.281035408303 6.280752692407
539 6.282651306565 6.276883348364
34 6.283050002841 6.275698672265
602 6.280640262505 6.280019154978
454 6.282921844731 6.274658726111
490 6.282243384100 6.275905440201
340 6.281179202159 6.278029752671
420 6.281575826467 6.276648693776
538 6.279579622704 6.280527538630
990 6.281973291135 6.275496752666
906 6.282777047581 6.273445550230
520 6.280246445419 6.278084160359
527 6.281845467522 6.274843679072
563 6.281169746864 6.276117526079
607 6.282516081575 6.273279846162
431 6.282914706517 6.272413694196
305 6.280113161326 6.277748090765
284 6.280506481013 6.276421567956
984 6.282378519688 6.272571524737
786 6.279190422204 6.278384885229
234 6.280774197207 6.275031979565
321 6.278672468369 6.279122325845
361 6.282912327197 6.270532813945
722 6.281044854705 6.274021371577
977 6.281441147046 6.273115854262
773 6.281838349807 6.272256995993
779 6.281980412915 6.271733471359
492 6.279058830041 6.277479824224
133 6.281304206579 6.272730582583
242 6.282380896771 6.270383722373
993 6.282779426593 6.269582133674
805 6.279447345676 6.276201193538
811 6.278149625560 6.278705264893
748 6.280379906219 6.274053932342
873 6.282513703614 6.269730947530
129 6.279712116712 6.275223907811
530 6.278803307116 6.276928192155
679 6.277640692019 6.278772077148
429 6.283047623194 6.267716875884
533 6.279980061832 6.273848838815
159 6.280908276674 6.271886977412
947 6.280372860273 6.272953452407
481 6.277128022064 6.279049934612
74 6.278020226617 6.277223096264
84 6.276262209462 6.280641342480
700 6.282115430678 6.268927018215
587 6.279322254716 6.274229290311
220 6.280910636078 6.271039939212
738 6.281306572355 6.270234807960
288 6.281703489375 6.269433192710
407 6.281438779260 6.269879689050
675 6.278663274232 6.275419775253
787 6.277769153781 6.277172999805
333 6.282648928006 6.266870478061
28 6.280513535529 6.271068097905
998 6.281847840231 6.268388256048
755 6.282245760340 6.267561829859
912 6.282644170933 6.266710000538
510 6.279844819349 6.272041327487
14 6.278541900883 6.274624448486
655 6.276630048558 6.278447262574
126 6.278927485698 6.273678501131
174 6.279315293089 6.272792525676
113 6.281042493068 6.269076797037
635 6.277001309686 6.276976428150
249 6.283182927537 6.264605319468
286 6.278279327105 6.274407229313
666 6.276755643761 6.277427607750
536 6.280370511775 6.270028413982
796 6.275286754226 6.280114113632
256 6.279456643967 6.271704817696
927 6.279847155029 6.270889799535
280 6.280239408709 6.270086012485
455 6.274933241468 6.280633925519
972 6.282250512792 6.265990687078
826 6.281573456980 6.267029808791
696 6.279454319273 6.271218775816
438 6.280776554033 6.268236350810
954 6.278794094130 6.272196602428
499 6.281172110620 6.267405910993
846 6.277136949988 6.275459451488
900 6.277512563353 6.274443144216
818 6.275644390261 6.278142907732
198 6.273999951277 6.281301087327
652 6.277891138046 6.273510203556
948 6.277897941079 6.273476776009
76 6.275766640259 6.277693431789
59 6.279977722697 6.269226263526
866 6.282784184600 6.263590531707
373 6.277255098476 6.274587951131
423 6.282105930141 6.264786087053
745 6.276386621908 6.276157868851
506 6.281712973862 6.265383161251
662 6.282110680409 6.264422328379
797 6.273101669957 6.282416095651
648 6.281176838252 6.266157004527
240 6.282508947879 6.263393667709
603 6.278411612441 6.271552213871
334 6.274341404219 6.279664726815
110 6.278796397280 6.270740042932
682 6.280504129535 6.267188057269
316 6.278409323532 6.271369979425
183 6.279586608084 6.268416633272
101 6.274805912728 6.277972243503
525 6.279324575389 6.268898935677
464 6.276138212893 6.275262755635
659 6.279714448782 6.268083826231
767 6.280106134106 6.267249059040
923 6.276881625515 6.273644683153
111 6.276253472720 6.274771676628
172 6.276504847283 6.274264665376
451 6.274687474095 6.277855452459
526 6.278925177918 6.269375472113
919 6.281708231567 6.263784559758
329 6.275407647543 6.276376975818
918 6.283052382365 6.260669012090
739 6.278027046209 6.270560753017
509 6.280110818867 6.266321870488
161 6.280642616858 6.265209209995
788 6.281037769861 6.264237010463
585 6.277382531358 6.271521776898
932 6.277010211691 6.272227775764
524 6.277384775655 6.271400289182
654 6.272241822973 6.281646868243
845 6.273429762363 6.279266240556
708 6.277762367628 6.270590607237
670 6.274814263924 6.276160627527
378 6.276511443133 6.272760507623
185 6.278539607042 6.268567875972
158 6.275889336138 6.273814600787
784 6.274458317503 6.276602692926
16 6.275166335606 6.275070065654
904 6.282241007979 6.260914084779
449 6.281311304088 6.262703974789
656 6.278281610838 6.268748715274
676 6.277888870514 6.269524477249
380 6.278665572633 6.267930625879
854 6.280637908375 6.263975876643
876 6.275522593562 6.274088806517
104 6.282919465300 6.259250690368
624 6.281578196047 6.261708204324
335 6.279719113187 6.265415526022
763 6.277007986016 6.270710132114
265 6.272778842219 6.279117666232
713 6.279056517825 6.266485357520
508 6.276377856240 6.271674239063
212 6.281975665022 6.260418655620
743 6.279192738834 6.265959379801
114 6.279581951205 6.265033356429
806 6.276014639923 6.272072305987
122 6.278156461260 6.267745813191
616 6.276380047459 6.271248972305
706 6.279973044571 6.264049258023
415 6.275529008241 6.272921152631
704 6.273542250062 6.276835773038
346 6.274924855152 6.273986681536
147 6.277510312940 6.268718621058
929 6.271423686931 6.280877553344
96 6.273885176458 6.275947415598
988 6.282373765469 6.258966770776
807 6.274115277732 6.275456913442
66 6.280244099809 6.262911455179
178 6.271934055541 6.279500200509
417 6.274225022483 6.274881062726
371 6.279577294552 6.264164601704
283 6.281843094938 6.259527650436
341 6.276883844573 6.269405287566
337 6.277257336605 6.268598063088
72 6.277633923257 6.267776692746
413 6.278670169754 6.265587331702
241 6.280115503854 6.262664748265
966 6.276012470513 6.270859819569
657 6.278017953557 6.266647536309
560 6.280508832434 6.261479233658
19 6.272662936753 6.277077108205
479 6.272670532449 6.276931261258
393 6.274575755155 6.273083250580
294 6.277771415968 6.266679821211
783 6.271132152862 6.279926950335
27 6.277134717786 6.267899899794
546 6.274695789429 6.272762550239
542 6.278151903989 6.265791241480
575 6.273212410759 6.275657914532
718 6.275046399013 6.271917777318
935 6.280903558180 6.260162746482
883 6.278535019611 6.264855509990
817 6.275401257260 6.271098194635
177 6.276502648886 6.268868923497
344 6.282518459475 6.256761852574
512 6.272991536056 6.275739624007
999 6.279188105872 6.263115630088
885 6.279851826582 6.261750593491
860 6.275650829166 6.270056262692
488 6.280771840396 6.259798008364
593 6.273317861162 6.274695461334
937 6.270376190031 6.280418401337
532 6.271531091137 6.278087891128
73 6.275531146815 6.270058161978
78 6.275044293987 6.271009877686
328 6.275891497965 6.269256124124
285 6.277638435583 6.265757422067
907 6.276255656671 6.268446924248
680 6.281445882567 6.257948022396
804 6.274231149565 6.272225784382
327 6.279061142214 6.262453142791
485 6.272347555122 6.275863676983
809 6.273655317176 6.273246914791
893 6.282917085923 6.254697339978
749 6.272887777638 6.274622114641
160 6.271830956445 6.276694995064
36 6.269669048669 6.281018260404
586 6.273437656665 6.273478907945
400 6.276136035924 6.268053242021
949 6.273770960698 6.272603235119
23 6.279449670134 6.261245778775
942 6.276757856138 6.266517895717
182 6.274109179225 6.271764108809
195 6.277130253856 6.265621484409
88 6.282376142563 6.255110222322
951 6.272136749061 6.275536769292
187 6.270846910796 6.278026062480
541 6.278147347121 6.263316646232
964 6.274693710377 6.270205041185
641 6.278801003805 6.261974508837
70 6.279709784662 6.260062098514
436 6.274107146733 6.271160369939
109 6.277261813215 6.264819693384
320 6.270751583969 6.277803283984
534 6.281443514765 6.256406185738
986 6.276627843161 6.265925877885
446 6.271524007167 6.276074658682
882 6.274577825275 6.269909433469
279 6.273323750439 6.272382266889
903 6.280377557523 6.258258530159
71 6.274926951483 6.269106713633
456 6.272771202320 6.273412266343
399 6.272037830970 6.274806429165
619 6.275773102856 6.267217571303
79 6.269761138596 6.279196014582
578 6.277642948323 6.263356482914
302 6.270108687356 6.278323289712
517 6.271034657141 6.276466430018
248 6.275164222143 6.268205897146
472 6.272562854636 6.273312845923
757 6.283054761967 6.252174143217
414 6.278022499658 6.262237884405
338 6.272882014468 6.272445166677
173 6.281301840771 6.255508574410
881 6.274347559507 6.269403384353
433 6.275409777957 6.267219582722
615 6.273206552866 6.271611222323
632 6.271324073135 6.275338428527
980 6.281840722356 6.254268895694
570 6.275768794349 6.266354675898
131 6.273768956986 6.270353927255
233 6.279982401066 6.257888915943
814 6.278404746075 6.261007620058
189 6.277766891597 6.262194379373
405 6.276131682330 6.265450028411
441 6.270019467696 6.277532501287
661 6.276260025042 6.264997949531
790 6.269420305194 6.278639417647
574 6.271230372709 6.274994038601
382 6.272453938308 6.272539863643
486 6.275642244301 6.266092777498
623 6.268278165672 6.280760471734
812 6.273325713943 6.270562658748
452 6.279319934094 6.258560664151
356 6.273657310799 6.269760699790
629 6.269098441428 6.278839899773
909 6.274812175911 6.267374617191
18 6.273993881491 6.268957001579
782 6.271430721158 6.274056155917
557 6.270284669559 6.276244761776
976 6.274222980465 6.268357921818
224 6.280375208892 6.256038865671
694 6.281978038950 6.252685938476
618 6.271728539691 6.273148521611
562 6.268784387773 6.278978773719
127 6.273435682829 6.269552357499
466 6.276632254021 6.263156081504
397 6.272032338898 6.272288249360
228 6.272880093817 6.270502978600
905 6.270468480227 6.275185217475
184 6.277003535003 6.262018800513
311 6.272142276373 6.271702864587
572 6.274460378375 6.267061542925
543 6.271625028455 6.272698668247
421 6.269337532489 6.277273594434
68 6.276753431553 6.262410388753
870 6.270942978960 6.274019153941
744 6.274808000321 6.266190091586
495 6.275284632309 6.265174194354
309 6.277389264671 6.260959403574
323 6.267746445113 6.280212091756
823 6.266724497749 6.282097475240
938 6.268489435721 6.278510454398
899 6.269178747138 6.277123294426
781 6.278929793451 6.257567829085
87 6.278277043460 6.258854877964
166 6.267113874684 6.281150100669
291 6.280769483621 6.253823755524
651 6.272455815106 6.270413524643
864 6.273883162849 6.267530717801
594 6.270657004552 6.273883164543
317 6.272773111996 6.269611904975
577 6.280905917427 6.253176237718
86 6.269755057515 6.275380270544
824 6.270937891781 6.272985811182
116 6.272560966553 6.269701192222
637 6.278932101337 6.256827207182
480 6.266397861609 6.281852985349
153 6.275288876342 6.264013825261
642 6.270198693012 6.274194018321
312 6.270840180281 6.272858779360
701 6.271329311178 6.271856211101
60 6.268562868731 6.277375838467
82 6.268708377666 6.277025018094
920 6.267273569554 6.279749922923
67 6.279317613568 6.255659130010
426 6.275646536464 6.262952549780
176 6.273214363776 6.267747785482
391 6.275764486359 6.262622711450
588 6.267936443047 6.278202328227
484 6.274931144648 6.264199658261
239 6.274339352733 6.265348518986
64 6.269675072927 6.274661067842
995 6.273544233530 6.266902433875
342 6.276384430327 6.261198530613
583 6.277514813845 6.258912808014
752 6.276008131953 6.261795709301
383 6.273879136204 6.266024070229
119 6.273548201169 6.266677761548
970 6.271331057661 6.271070018712
833 6.272989604591 6.267685933654
498 6.277252860466 6.259141593918
376 6.268002723250 6.277639290627
591 6.269931039208 6.273712400775
235 6.271626811439 6.270264579397
741 6.272247385400 6.268897020137
462 6.269503904982 6.274371425721
90 6.279842483684 6.253646635990
730 6.271928599016 6.269462993633
505 6.271726744544 6.269849943820
197 6.266135209760 6.281009559702
89 6.270193924604 6.272824598130
473 6.270561534703 6.272010386159
687 6.266861341153 6.279342658185
188 6.277893405621 6.257237249560
515 6.277895673304 6.257169944523
528 6.267500445790 6.277915341673
343 6.274001974595 6.264821982547
295 6.268348982857 6.276114782330
695 6.267441570869 6.277911729229
511 6.281580565590 6.249625284513
304 6.269018982265 6.274479172251
913 6.274343455810 6.263823036091
774 6.272039662180 6.268418567740
934 6.265773572505 6.280885754972
85 6.276140390032 6.260114192252
347 6.273997927734 6.264385454335
467 6.270291082715 6.271735426351
561 6.272349420482 6.267592906936
944 6.268861263332 6.274551573806
395 6.275405517328 6.261432908246
366 6.266596248224 6.279045355255
626 6.272668633281 6.266838476347
917 6.274689552649 6.262745742609
963 6.272134906992 6.267840324049
11 6.265881032561 6.280313398587
351 6.272664835339 6.266742190973
460 6.269255592128 6.273543706983
408 6.270563178069 6.270919794858
897 6.266293155678 6.279420612465
194 6.269259894584 6.273443423106
813 6.267810013166 6.276332647446
331 6.266054447210 6.279837272933
103 6.271428962205 6.269046867960
671 6.270936196537 6.269998667600
170 6.269841873356 6.272165469521
99 6.282383273916 6.247069689272
861 6.278274759861 6.255266147150
292 6.270841862558 6.270115764816
822 6.270289479034 6.271188600372
124 6.268208244087 6.275301763465
668 6.276507045754 6.258620126546
936 6.268273217271 6.274734679929
403 6.280511183960 6.250255426636
765 6.276879406509 6.257502490407
93 6.267329645761 6.276556986518
674 6.267504623014 6.276203967843
440 6.268416886130 6.274300145343
345 6.268637180377 6.273610945644
236 6.273103612801 6.264641647679
667 6.265784159801 6.279271075212
251 6.273099728212 6.264568902383
117 6.269589819279 6.271582678020
44 6.271232106553 6.268266779576
608 6.273661298688 6.263353943202
890 6.271829149319 6.266998031183
445 6.276877187659 6.256896599743
709 6.268633237648 6.273376937195
141 6.266909711865 6.276788527550
30 6.274456256707 6.261662758842
580 6.269588327164 6.271339693436
425 6.270655347874 6.269196392633
163 6.273431735680 6.263629560150
799 6.271525777852 6.267437167446
10 6.267683805072 6.275108298984
37 6.269843407370 6.270769966724
483 6.265734131108 6.278908780960
746 6.271825535621 6.266580748148
732 6.275050609482 6.260110873463
507 6.275168449361 6.259851317514
653 6.270103960307 6.269967023359
457 6.266551811778 6.277028132430
186 6.267061592064 6.275989607909
625 6.266554697305 6.276979519551
955 6.265750616823 6.278574493712
31 6.265982627423 6.277968592613
855 6.265833554253 6.278262446785
7 6.268069915908 6.273780449217
155 6.267871079333 6.274123778075
622 6.265960297582 6.277859028284
156 6.279451994670 6.250854528113
54 6.267167122882 6.275417248194
336 6.268713696536 6.272258990068
721 6.275887174464 6.257825431701
540 6.268938999808 6.271491366509
733 6.275524731626 6.258319611891
444 6.267218449690 6.274918582398
837 6.270200282894 6.268928932855
693 6.268940374624 6.271430623238
672 6.271935874925 6.265417730916
358 6.266259630017 6.276741603950
398 6.272239969545 6.264750106571
275 6.265819501861 6.277585652124
404 6.271032948939 6.267156491150
63 6.269341878988 6.270530908890
945 6.269929491128 6.269345648383
164 6.279849490767 6.249503617626
55 6.271529319761 6.266123859612
434 6.266769969341 6.275617347058
442 6.270381040178 6.268386320196
967 6.266680016280 6.275780772627
868 6.272776932013 6.263551389927
798 6.267560263217 6.273952084556
567 6.270470110232 6.268114383280
45 6.269174488911 6.270620471642
724 6.273540266632 6.261888292077
887 6.272243677074 6.264459109409
482 6.278413901380 6.252075789311
997 6.281308938189 6.246252641508
143 6.265744895287 6.277324504893
834 6.270746575136 6.267280506975
386 6.273887190171 6.260962487856
715 6.266435382308 6.275822122617
891 6.267874505062 6.272888910880
132 6.276509244366 6.255581621099
232 6.274113244748 6.260367926958
50 6.266029074348 6.276511567608
453 6.272557191020 6.263433273522
803 6.265736762501 6.277073970336
348 6.268139222739 6.272103321999
669 6.266164637170 6.276032020622
392 6.266813951281 6.274732322434
247 6.268343971722 6.271643690018
389 6.266361349645 6.275576966522
105 6.278407034766 6.251425214278
836 6.265958765634 6.276247551608
231 6.268712366361 6.270680233691
884 6.282511325773 6.243041599972
15 6.274227064668 6.259582239183
192 6.265863909187 6.276288578048
688 6.269254158498 6.269494689820
922 6.268345224079 6.271279190380
289 6.269673566526 6.268537669036
631 6.267386674953 6.273050709332
633 6.269505382694 6.268778792127
610 6.270749914136 6.266289009920
253 6.267445681740 6.272794571631
95 6.271932236542 6.263745974915
992 6.265764764022 6.276071929700
108 6.266106807158 6.275377754190
775 6.271133873861 6.265244149678
261 6.282781805575 6.241930950641
49 6.269756577407 6.267961322767
130 6.266327696771 6.274769310820
179 6.267622096764 6.271948611590
217 6.274571615542 6.258010816814
692 6.266959060812 6.273214050987
915 6.271425444995 6.264274265324
802 6.266080849680 6.274956240371
925 6.268138016973 6.270829854471
274 6.273210457934 6.260619371834
816 6.275526869893 6.255963937368
298 6.265899195714 6.275146682026
535 6.281436411586 6.244070749140
437 6.265783427129 6.275340934328
125 6.267806636009 6.271128310287
930 6.277380287114 6.251969813388
902 6.269017592408 6.268688509296
958 6.268638495127 6.269435095488
628 6.272993467813 6.260718440947
614 6.267010278743 6.272634995165
611 6.267221333912 6.272194613675
165 6.266593292490 6.273379054958
771 6.270017905581 6.266452767035
795 6.278798700468 6.248832731218
952 6.266514145861 6.273345915240
387 6.266137246493 6.274091036350
139 6.268862623066 6.268628230671
100 6.270473370860 6.265380951772
705 6.277387020110 6.251536151284
896 6.265774231419 6.274697811037
200 6.267621019819 6.270979833302
871 6.270110263547 6.265992820164
983 6.271130431738 6.263937824338
839 6.267164289357 6.271794777398
759 6.266005991189 6.273984469847
47 6.269094227763 6.267807540851
514 6.266816427152 6.272350884100
761 6.265732548350 6.274515314861
367 6.273319824030 6.259306627387
789 6.271630377872 6.262662068687
308 6.267939917274 6.270026514817
190 6.280241754208 6.245381431000
315 6.265848649468 6.274158848230
136 6.265757385942 6.274335731553
978 6.270377806513 6.265068683642
319 6.265939002980 6.273917579281
835 6.276016809580 6.253738456472
325 6.266636526321 6.272476685212
303 6.268415618131 6.268838895822
742 6.266227121423 6.273181253674
250 6.272345689894 6.260865480614
41 6.274573685304 6.256333677416
956 6.267163345390 6.271130233624
229 6.266473909764 6.272508250760
778 6.268788422259 6.267869143839
764 6.268071105762 6.269285974812
649 6.271832763775 6.261753478882
681 6.270652035282 6.264087008534
206 6.265806493182 6.273746382955
559 6.279063454496 6.247217113770
32 6.269336084194 6.266615201903
750 6.266767545510 6.271641740738
418 6.269180166990 6.266712057029
46 6.269759617951 6.265553110450
791 6.267444653618 6.270175278717
838 6.265740222189 6.273577287232
77 6.266195087469 6.272666805891
40 6.266004732651 6.273018229811
636 6.268274453874 6.268477193646
707 6.266325848973 6.272319545235
640 6.272885856333 6.259194475134
646 6.265740442532 6.273410143869
412 6.270374573718 6.264127058530
865 6.265981022754 6.272826647637
69 6.272138591284 6.260469162242
888 6.267387686444 6.269939177844
42 6.269421768311 6.265824996043
857 6.270845227771 6.262870228322
753 6.265847827057 6.272856726248
769 6.268207022410 6.268022630331
293 6.266363250863 6.271672287943
202 6.267009384961 6.270324138594
825 6.267561323703 6.269136617975
487 6.269670554471 6.264891243216
582 6.266817253005 6.270592513495
850 6.270753254094 6.262706645525
3 6.281705860487 6.240727081958
226 6.275170563209 6.253732616190
154 6.266108280109 6.271825477998
758 6.278024772884 6.247977062736
719 6.273653323633 6.256691616975
245 6.272450185372 6.259024129468
463 6.269097036559 6.265723537353
148 6.265918397804 6.271979481145
128 6.267743116986 6.268325625737
683 6.265736542982 6.272290246282
107 6.266635770310 6.270473152278
372 6.276382238817 6.250970860105
207 6.265794327831 6.272134376274
92 6.266959937454 6.269790449605
982 6.268564168040 6.266550382130
363 6.277764629598 6.248123764856
558 6.271036365520 6.261525379705
552 6.272036000071 6.259472797718
556 6.267682711780 6.268175418401
886 6.266474596399 6.270443334433
895 6.275048504172 6.253271861332
847 6.266108771702 6.271100116739
969 6.270107111409 6.263075052472
550 6.266325233644 6.270622378672
496 6.266863868689 6.269522575666
238 6.268785732334 6.265655569101
48 6.267111091860 6.268986970713
447 6.268006245668 6.267186043253
221 6.265765349456 6.271613169864
97 6.265732014693 6.271460982190
728 6.265864786658 6.271158445358
281 6.267811139367 6.267251067977
91 6.268488152214 6.265892313678
842 6.271325818924 6.260214386053
762 6.265765202600 6.271309430568
83 6.266594030930 6.269641671397
699 6.279185789475 6.244449518987
51 6.265918744848 6.270949805901
568 6.267217488823 6.268327564675
244 6.269014813483 6.264711734943
26 6.273772964603 6.255191023801
691 6.277005760450 6.248694103488
612 6.266513441645 6.269671433685
673 6.266195632124 6.270294356159
443 6.274229107047 6.254181241576
598 6.270021029985 6.262495750749
690 6.268865343344 6.264783792521
677 6.268003897087 6.266387426778
191 6.265794528893 6.270799903724
255 6.267503578294 6.267343285584
979 6.266226558855 6.269820197437
684 6.271228639071 6.259744448562
877 6.265736597380 6.270650346959
474 6.269418842212 6.263276688979
991 6.265981423424 6.270145520103
269 6.266291361499 6.269492787880
645 6.265745171051 6.270501074181
953 6.266004313772 6.269968922367
712 6.272564742863 6.256831650287
523 6.267935285562 6.266059518419
928 6.268204579851 6.265484459492
946 6.270286272505 6.261292838907
120 6.267330640553 6.267093234476
56 6.266399816048 6.268867006899
491 6.265832786765 6.269996768586
772 6.269846476233 6.261930055435
98 6.267060681306 6.267499570350
271 6.269099846425 6.263396199798
685 6.268276928044 6.264962462183
518 6.276010301156 6.249372313804
776 6.271732130441 6.257884873661
974 6.266770777915 6.267778663145
57 6.266136736822 6.269016926031
25 6.273321787163 6.254612930809
647 6.267501489611 6.266223121022
879 6.275403387216 6.250377641523
551 6.270558248682 6.259953829439
475 6.265938637691 6.269166510958
477 6.266679242790 6.267654958336
65 6.274111211917 6.252785664518
597 6.269338981076 6.262281236445
370 6.265740149378 6.269464895992
263 6.270466850477 6.260009766551
223 6.265806273743 6.269315816045
643 6.276751219437 6.247372751826
270 6.266910571340 6.266934344247
544 6.280635554246 6.239415784290
494 6.265848924299 6.268958915308
416 6.267745335480 6.265139101902
13 6.272883935300 6.254781127020
273 6.266360716573 6.267809509252
448 6.269177327435 6.262150719859
592 6.266436051238 6.267623949657
24 6.266912291177 6.266645473469
810 6.266081323262 6.268297184005
840 6.265757514413 6.268808852138
379 6.283180547863 6.233906630417
933 6.269585343797 6.261055639086
941 6.268490719669 6.263196407666
458 6.267058860474 6.266057393058
768 6.265732529953 6.268658379223
326 6.265881964814 6.268355984490
961 6.275042189160 6.250015253387
227 6.270941282994 6.258197113660
962 6.265774066168 6.268507441746
419 6.282113055549 6.235739188791
355 6.265899524433 6.268144913961
352 6.271730334953 6.256478228048
678 6.272452061765 6.255028839912
989 6.266553975440 6.266806428291
354 6.266552532672 6.266774333379
714 6.267272591886 6.265313803405
703 6.266165163863 6.267468387072
780 6.265783609839 6.267991990824
422 6.267747555180 6.264051671099
181 6.268561569607 6.262367487222
766 6.266259049480 6.266966209879
296 6.268709706983 6.262062931929
971 6.281040131440 6.237385516574
663 6.265734021306 6.267838357662
516 6.267563445422 6.264162207801
579 6.270658661474 6.257952041939
497 6.265959148164 6.267311915708
374 6.266860499109 6.265486655247
468 6.266028637392 6.267124883637
793 6.266257889335 6.266613135897
277 6.265863617424 6.267282513378
138 6.270197103265 6.258500884972
537 6.267937600830 6.262993513469
476 6.279975383617 6.238875555566
926 6.268943125093 6.260910987809
617 6.273208505290 6.252278304395
362 6.271623245787 6.255430020009
519 6.274454196153 6.249753933400
800 6.268001549644 6.262580533778
830 6.267112946676 6.264348486444
851 6.272034169351 6.254355882415
894 6.266166218219 6.266090655875
994 6.267274547563 6.263861404981
751 6.265959914134 6.266256093577
168 6.266725289308 6.264677887700
252 6.268135606180 6.261840657206
349 6.278922870304 6.240232927714
152 6.265744804137 6.266582817332
121 6.272995399673 6.252069051846
564 6.265819264061 6.266420123604
469 6.266293754486 6.265452228669
94 6.270939587283 6.256113297611
968 6.266723707290 6.264532395540
987 6.268347729652 6.261151092485
301 6.269502427635 6.258796648124
859 6.265833810723 6.266026199543
921 6.267442598161 6.262787373300
21 6.276634459642 6.244255198668
710 6.266397210672 6.264714040448
377 6.269932587582 6.257632788150
310 6.266862183288 6.263668476132
639 6.266054902717 6.265279013835
911 6.265750726736 6.265858686675
513 6.266398512754 6.264495798158
167 6.266961691634 6.263314098912
853 6.265734094124 6.265689586520
689 6.265900182879 6.265346304828
80 6.265783976216 6.265518819896
874 6.269020372425 6.258970441487
459 6.267808887144 6.261386401805
53 6.265881342928 6.265103931927
6 6.272140433715 6.252585353150
257 6.268859903849 6.259084831303
852 6.266595508752 6.263512133627
489 6.269934136188 6.256757381669
39 6.267007598298 6.262577836207
157 6.268209466025 6.260166050326
605 6.266135718475 6.264311423694
862 6.275648682726 6.245200132721
411 6.266512034097 6.263472761845
819 6.265773736648 6.264926893712
215 6.271226905616 6.253914177479
959 6.266292557349 6.263707280736
1 6.267328651353 6.261617140602
522 6.265732494007 6.264747806617
878 6.270195513788 6.255736109240
975 6.266053992106 6.263899667453
375 6.265937908208 6.264124658185
867 6.265880722341 6.264089415257
211 6.269257025992 6.257304152008
112 6.271327564931 6.253079818615
573 6.266908852678 6.261843521148
914 6.269258460171 6.257102231981
409 6.268418154423 6.258679275808
843 6.274691631437 6.246082926909
589 6.267624251413 6.260058764626
910 6.267684898759 6.259904378578
737 6.267062503281 6.261010691581
908 6.266196722416 6.262620022859
169 6.265734168227 6.263435798125
20 6.265982225761 6.262828868152
898 6.265750507075 6.263236609801
450 6.268635865844 6.257436767762
965 6.265833298125 6.263034347234
115 6.270559891574 6.253554077310
61 6.267166178069 6.260316973946
149 6.273766953505 6.246910331900
58 6.269500950475 6.255345845896
981 6.266260210806 6.261798583975
353 6.268634551615 6.256965564672
831 6.265819740005 6.262538213968
196 6.266680789984 6.260767660662
369 6.267872220974 6.258380362477
660 6.266769161100 6.260569518244
716 6.267219410787 6.259636566631
394 6.268068726311 6.257761585122
267 6.265744986936 6.262324436962
815 6.266434713737 6.260816673240
943 6.266029511756 6.261571348117
243 6.265736707085 6.262106904577
439 6.265794932015 6.261885438761
175 6.274579895458 6.244267687627
756 6.266164110736 6.261058698136
801 6.266361983116 6.260519449092
12 6.267559203078 6.258077235647
634 6.265864201395 6.261339712625
549 6.266814776277 6.259362289026
209 6.267384652837 6.258073260849
2 6.268067536980 6.256616410512
424 6.265764909890 6.261103462619
630 6.266107297834 6.260265794371
282 6.266638039156 6.259137978519
258 6.268419423009 6.255503575561
734 6.271038074106 6.250131971260
880 6.272457692092 6.247227106575
665 6.266327080492 6.259417678174
531 6.266472537572 6.259081197657
162 6.266080376447 6.259690635586
33 6.265917704791 6.260006417415
548 6.265898867309 6.259957194066
760 6.267873362882 6.255888506253
385 6.269591311614 6.252180820827
820 6.270287875671 6.250737060499
576 6.267385663765 6.256260697318
770 6.275893659949 6.239156978550
324 6.270564821689 6.249633538244
332 6.273659304673 6.243253612124
940 6.266958184464 6.256620938036
727 6.265732567180 6.259027781499
62 6.269586835383 6.251313234565
500 6.266228247634 6.257821366425
889 6.265757257868 6.258738115181
22 6.266005571328 6.258135358468
504 6.265848375008 6.258440785654
381 6.268140428878 6.253829549691
650 6.278283894697 6.233539865501
134 6.265939368516 6.258014813848
892 6.268937625204 6.251862877643
555 6.271628594526 6.246420192556
872 6.268941749724 6.251646062980
180 6.265806712944 6.257697372032
406 6.267011172791 6.255271252194
848 6.274345507583 6.240473922675
996 6.267685992662 6.253640748920
306 6.266227684397 6.256549810267
729 6.265740295287 6.257370656451
493 6.269844941702 6.248969837261
29 6.267623173931 6.253366701371
364 6.273433709164 6.241698049392
950 6.267220372189 6.254092910418
600 6.265740368738 6.257034107051
644 6.265806933011 6.256687117954
841 6.266005151816 6.256187239428
75 6.266815601561 6.254527890794
856 6.277508062629 6.233139086237
230 6.266637282574 6.254864300397
596 6.278537313273 6.230981786506
717 6.272559078667 6.242826334055
208 6.266473223531 6.254946868652
102 6.268346476720 6.251086075877
606 6.266194543066 6.255350915075
664 6.272775021932 6.242160131042
613 6.279584279610 6.228524798878
218 6.274929048012 6.237695192535
5 6.265848100843 6.255812565759
287 6.271724949692 6.243870946062
410 6.270843545034 6.245560304859
118 6.267165233560 6.252884544570
808 6.270022592522 6.247059573832
697 6.266326464569 6.254442211023
135 6.280644971131 6.225690735418
754 6.265757130088 6.255424986263
360 6.280778910958 6.225110074628
829 6.269175908043 6.248268787019
428 6.269340429876 6.247828646322
777 6.266079903532 6.254003892362
731 6.267807761426 6.250498637907
924 6.268711036554 6.248553924246
427 6.277259574869 6.231435156725
584 6.266768353157 6.252381550160
931 6.268136811444 6.249239600545
313 6.265794127099 6.253919926179
794 6.266681564048 6.251963015102
368 6.265918051164 6.253460769528
792 6.266362616840 6.252483895007
960 6.266107788798 6.252982591699
222 6.267619943176 6.249889331469
627 6.270105535725 6.244641108112
478 6.271930417651 6.240975954295
401 6.266434045484 6.251856017550
973 6.268560270764 6.247526527774
300 6.267327657148 6.249881248077
621 6.273995904538 6.236082287393
17 6.265732015029 6.251754966214
503 6.265765056101 6.251200194486
529 6.269417379565 6.243655161009
210 6.265864493873 6.250618437245
723 6.266029949374 6.250007252778
599 6.271128711018 6.239687421173
237 6.265919092179 6.249762101178
193 6.276257840785 6.229043520886
246 6.279716780959 6.221683814603
8 6.268492003795 6.244058079433
740 6.267938758900 6.245016352659
203 6.266635014642 6.247536282940
276 6.267443625735 6.245910999898
357 6.267008491469 6.246748992439
142 6.265794730317 6.249105450935
863 6.273097786166 6.234289745193
330 6.266475283292 6.247382624588
272 6.271427203484 6.237069608957
828 6.270653691472 6.238588840717
144 6.265736652082 6.248412162625
465 6.272245531135 6.235388668291
266 6.269927943278 6.239971101087
916 6.273105555410 6.233514560008
365 6.267388698228 6.244461831551
471 6.265745078844 6.247678480068
590 6.266196177087 6.246585627527
985 6.265981824419 6.245736809939
554 6.266960814396 6.243462453946
638 6.275282510506 6.226292359454
216 6.265833042277 6.244830031536
435 6.283045243638 6.210234291557
205 6.266225996535 6.243668206008
720 6.266512737711 6.242607727694
151 6.268072295922 6.239433273638
726 6.266594769687 6.242385691113
658 6.265750397734 6.243858091049
259 6.266863025847 6.241461322684
832 6.278667871127 6.217576591337
875 6.275162108735 6.224470177430
290 6.267275525820 6.240216348924
521 6.266291959256 6.241220662029
384 6.276133859062 6.220923584864
698 6.267562384390 6.237998842543
339 6.269506860616 6.233931353601
461 6.266053537297 6.239954227910
545 6.268414350386 6.234687868603
1000 6.265806054590 6.239704597744
214 6.277132485770 6.216652644451
735 6.269016202843 6.232728637677
620 6.267112019151 6.236418226072
318 6.265938272805 6.238296662750
601 6.269672060382 6.230516492828
213 6.268863983095 6.231877109095
595 6.266136227493 6.236747254179
123 6.270379423222 6.227991090605
264 6.271233840648 6.225729710159
609 6.266722916712 6.234664244343
547 6.266399164237 6.235030450149
432 6.277636179356 6.212526481148
52 6.278154182604 6.211369897228
225 6.282248136568 6.203104378691
402 6.271135595282 6.225069838649
571 6.266726080802 6.233113174956
35 6.268275690832 6.229547950672
150 6.265757643142 6.234313908368
569 6.265732511824 6.232308119812
171 6.270471740420 6.222417085119
430 6.267744226084 6.226875694076
747 6.265773901267 6.230038738211
204 6.276625637917 6.206104804158
38 6.265881653720 6.227441653843
4 6.267681618745 6.223808882060
725 6.267271614507 6.223765908073
957 6.269758097550 6.218463323241
388 6.268205800991 6.220134693181
581 6.266055358493 6.224428610199
785 6.281174474401 6.193380349706
137 6.272987673313 6.208959953790
145 6.265899853509 6.223124960842
849 6.268787077160 6.215688793233
106 6.269095632056 6.213629181627
821 6.265783792871 6.219315282583
201 6.272351286053 6.204696781746
314 6.273881149424 6.201411269768
307 6.269423231698 6.210154879367
219 6.265734057541 6.214682068322
254 6.268486868897 6.207528465684
297 6.266678469635 6.207616709148
844 6.274810088045 6.190974746844
553 6.265750837080 6.208876320347
470 6.280108476462 6.178971325730
199 6.266436720461 6.206198098348
390 6.271527548700 6.195607312021
711 6.267059770739 6.199606350825
268 6.266165690859 6.197676724932
43 6.275770948539 6.175160906364
260 6.270748244514 6.182405381967
827 6.267502533802 6.188365236065
939 6.265959530974 6.185521246687
686 6.279054205755 6.154275246170
604 6.268005071246 6.170899886419
146 6.281571087532 6.138587164906
359 6.270016343788 6.160608398981
299 6.276760068614 6.146847297975
322 6.265819026581 6.166091767268
869 6.274462439404 6.147360370176
501 6.266028200682 6.160981722246
901 6.267331635626 6.154709233391
350 6.268565467667 6.137967680272
396 6.271827342361 6.127860619022
140 6.266258469241 6.114328294687
736 6.266911431081 6.096505682044
566 6.273546217269 6.071509443896
858 6.282646549479 6.032726103142
702 6.272666734215 5.959843051838
278 6.266553253895 5.723139388365
