24 2.14675 4.147
17 2.14675 4.00329
9 2.14675 3.97665
61 2.14675 3.961
7 2.14675 3.95079
51 2.14675 4.48889
37 2.14675 4.54925
98 2.14675 4.64583
91 2.14675 4.64829
90 2.14675 4.65976
5 2.14675 3.81288
75 2.14675 4.69926
38 2.14675 4.7012
36 2.14675 4.71049
30 2.14675 4.78457
88 2.14675 4.8015
23 2.14675 3.6979
10 2.14675 4.88347
40 2.14675 4.94958
44 2.14675 4.97924
21 2.14675 3.6192
99 2.14675 5.02634
78 2.14675 5.03204
63 2.14675 3.60682
86 2.14675 3.51665
2 2.14675 5.26158
69 2.14675 5.2805
28 2.14675 5.4308
22 2.14675 5.43094
89 2.14675 3.42525
68 2.14675 5.48159
72 2.14675 3.41869
62 2.14675 3.38337
50 2.14675 5.58763
33 2.14675 5.61147
73 2.14675 5.61258
54 2.14675 3.37085
93 2.14675 3.36716
32 2.14675 5.63107
66 2.14675 5.65839
31 2.14675 5.66082
100 2.14675 5.70693
16 2.14675 3.33758
57 2.14675 5.72612
43 2.14675 5.83515
53 2.14675 3.28051
45 2.14675 3.24544
77 2.14675 3.24183
87 2.14675 3.23214
81 2.14675 6.02878
67 2.14675 6.1024
60 2.14675 3.19505
80 2.14675 6.13011
13 2.14675 6.27546
84 2.17586 6.23953
25 2.1764 6.23871
3 2.1793 3.15787
6 2.20162 6.20087
8 2.20888 6.18997
83 2.26266 6.10914
96 2.29982 3.21858
34 2.38829 5.91908
55 2.38862 5.91858
41 2.43083 5.8541
47 2.47188 5.79099
76 2.49297 5.75839
46 2.50309 5.74268
18 2.52162 5.71386
35 2.59541 5.59779
26 2.67485 3.42671
49 2.67721 3.42821
65 2.67852 5.46398
79 2.70771 3.44783
19 2.71363 3.45171
11 2.71949 5.39645
52 2.76849 5.31402
94 2.81357 5.23621
71 2.81664 3.52405
58 2.87268 5.1306
15 2.90077 5.07862
64 2.91388 5.0539
92 2.93019 5.02268
42 2.93282 5.01758
85 2.94403 4.99574
20 2.95774 3.64518
27 2.95873 4.96663
59 2.972 4.93989
95 2.99637 4.88943
29 3.00169 3.69169
1 3.01867 3.71138
56 3.02544 4.82655
12 3.03258 3.72838
14 3.11366 3.85167
48 3.11787 3.85982
39 3.14266 3.91415
70 3.14679 4.50012
82 3.16383 4.43325
74 3.17863 4.35974
4 3.19266 4.23667
97 3.19292 4.14709
