39 6.12569 1.58827
72 6.12523 1.57903
35 6.12006 1.498
74 6.1167 1.45698
3 6.10244 1.32257
37 6.02166 2.50735
56 5.98349 0.69631
41 5.96569 0.624237
65 5.93102 0.489915
18 5.92273 0.458714
53 5.89823 0.368182
5 5.88292 0.312606
45 5.8618 0.236918
76 5.84928 0.192477
23 5.79449 0.0765749
44 5.79449 2.9193
42 5.79449 2.91582
59 5.79449 2.89267
28 5.79449 2.59566
26 5.79449 2.4264
92 4.87274 1.73043
40 4.8726 1.70791
16 4.87227 1.79165
68 4.87078 1.62911
88 4.8693 1.87965
78 4.85494 1.40313
49 4.79302 2.4006
58 4.79093 2.40912
87 4.7391 2.59532
25 4.60376 0.231934
63 4.58951 3.01185
60 4.56888 0.108707
17 4.53786 0.0982992
77 4.53786 3.05654
27 4.53786 2.97093
82 4.53786 0.383196
71 4.53786 0.412794
89 4.53786 2.69632
6 4.53786 1.33933
79 4.53786 1.89532
55 3.63007 1.59244
38 3.62518 1.95729
96 3.62207 1.47089
57 3.61442 1.39038
32 3.60137 1.28188
98 3.59846 2.18081
14 3.48573 2.64032
33 3.43002 0.470405
15 3.40502 0.377717
100 3.37517 0.269733
52 3.29867 2.93354
81 3.29867 0.342116
66 3.29867 2.84978
62 3.29867 0.566725
22 3.29867 0.690714
85 3.29867 0.693685
84 3.29867 2.63493
54 3.29867 0.966638
51 3.29867 1.05261
19 3.29867 1.64489
69 2.18203 1.6054
91 2.17932 1.91807
31 2.15734 2.13161
11 2.15723 2.13236
99 2.14068 1.19814
95 2.13813 2.24792
90 2.12649 1.11141
4 2.11606 1.05316
43 2.09378 2.44605
2 2.07268 0.840856
7 2.06608 2.5462
64 2.04354 0.714943
50 2.03861 2.63562
75 1.98531 2.79174
86 1.9348 0.299363
80 1.85005 0.0409794
20 1.85005 0.188267
13 1.85005 0.269728
1 1.85005 2.6549
97 1.85005 1.62487
30 1.03267 1.78406
93 0.993379 1.22883
67 0.993256 1.228
10 0.963715 1.05083
29 0.929134 2.49358
46 0.91408 0.811076
34 0.855491 0.569774
48 0.816968 2.83671
9 0.760855 2.98369
83 0.698132 0.106727
24 0.698132 2.92842
94 0.698132 0.357433
61 0.698132 0.439372
8 0.698132 2.65456
12 0.698132 0.676
21 0.698132 2.58006
70 0.698132 2.33598
47 0.698132 1.48756
36 0.698132 1.56354
73 0.698132 1.57255
