12 0 0
45 0.436332 5.58505
47 2.03279 3.63028
27 0.824617 5.16617
17 1.20428 4.60767
95 0.394488 6.14356
6 0.663225 5.72468
96 1.23107 5.02655
82 1.43117 4.7473
28 2.74364 3.49066
11 3.08923 3.35103
68 0.78924 6.00393
59 0.890118 5.86431
15 1.64154 4.88692
52 1.65806 4.88692
85 1.18453 5.86431
31 1.11701 6.00393
60 3.5876 3.35103
94 3.31613 3.49066
37 2.05709 4.7473
9 1.88496 5.02655
13 1.58065 5.72468
75 1.3439 6.14356
71 2.47918 4.60767
62 2.11185 5.16617
19 3.54302 3.63028
78 1.97793 5.58505
33 1.5708 0
69 1.29154 3.07178
84 2.33874 5.3058
91 2.90977 4.46804
4 2.37674 5.44543
21 1.96528 6.14356
51 3.76991 3.76991
58 2.56563 5.44543
14 3.35158 4.32842
81 2.77752 5.3058
46 2.36004 6.00393
23 5.21853 3.21141
92 5.57934 2.37365
87 4.33412 0.698132
2 5.23599 2.0944
99 4.46804 1.11701
26 4.03171 0.418879
53 3.93684 0.558505
89 5.07181 2.23402
73 5.00909 2.23402
18 4.24115 1.25664
72 3.80482 0.558505
70 5.94379 2.93215
3 3.54072 0.418879
32 4.59394 2.0944
65 3.57792 0.698132
5 4.01426 1.39626
50 4.7822 2.37365
20 3.14543 0.279253
77 4.13698 1.95477
83 5.09983 2.79253
88 3.35103 0.837758
55 3.78736 1.53589
61 4.55531 2.51327
10 2.75068 0.139626
63 3.69517 1.81514
38 3.12414 0.977384
86 3.56047 1.67552
49 4.38898 2.6529
1 2.3562 1.3189e-06
97 4.32842 2.6529
80 2.89725 1.11701
40 3.26458 1.67552
66 3.33358 1.81514
41 2.1293 0.139626
24 3.77388 2.51327
39 2.67035 1.25664
64 2.84249 1.53589
7 4.10152 2.79253
100 3.10669 1.95477
57 1.90241 0.279253
16 3.22314 2.37365
34 2.42694 1.39626
74 2.87979 2.0944
22 1.67552 0.418879
76 3.87463 2.93215
79 2.01647 1.25664
36 2.71561 2.23402
8 2.6529 2.23402
56 1.44862 0.558505
35 1.61002 1.11701
25 2.23774 2.0944
29 1.22173 0.698132
48 2.42601 2.37365
67 2.21991 3.21141
42 1.20673 0.977384
93 1.78079 1.95477
98 0.994838 0.837758
43 2.19911 2.51327
90 0.805942 0.837758
54 1.33897 1.81514
44 0.767945 0.977384
30 2.86234 3.21141
