1 0 0
15 0 3.14159
40 0.57011 4.44929
32 0.208878 6.03679
35 0.699479 4.42852
82 0.369586 5.93444
84 0.828674 4.40784
36 0.522316 5.8557
52 0.957692 4.38723
83 0.670895 5.78914
47 1.08653 4.3667
7 0.816805 5.73034
8 1.21518 4.34624
62 0.960808 5.67705
85 1.34365 4.32583
57 1.10336 5.62791
95 1.47192 4.30548
72 1.24474 5.58204
14 1.59999 4.28517
73 1.38517 5.53885
43 1.72786 4.26489
20 1.5248 5.49788
70 1.85552 4.24465
42 1.66373 5.45881
61 1.98297 4.22442
55 1.80205 5.42136
4 2.11019 4.20421
44 1.93983 5.38535
60 2.23719 4.18401
77 2.07713 5.35059
75 2.36395 4.16381
21 2.214 5.31696
13 2.49046 4.14359
98 2.35047 5.28434
10 2.61671 4.12336
45 2.48657 5.25262
29 2.7427 4.1031
11 2.62233 5.22173
76 2.86841 4.08279
54 2.75778 5.1916
66 2.99383 4.06244
80 2.89293 5.16215
25 3.11895 4.04204
22 3.0278 5.13334
2 3.24375 4.02156
48 3.16242 5.10512
92 3.36822 4.00099
39 3.29678 5.07745
19 3.49233 3.98033
3 3.43091 5.05028
79 3.61608 3.95956
6 3.56481 5.02358
94 3.73943 3.93866
96 3.69849 4.99732
86 3.86237 3.91762
30 3.83196 4.97148
46 3.98487 3.89641
18 3.96524 4.94602
58 4.1069 3.87502
88 4.09831 4.92092
90 4.22843 3.85342
93 4.2312 4.89616
23 4.34943 3.83159
16 4.3639 4.87172
89 4.46984 3.80949
64 4.49642 4.84758
81 4.58964 3.7871
33 4.62877 4.82373
71 4.70875 3.76437
9 4.76094 4.80015
69 4.82713 3.74125
67 4.89294 4.77681
38 4.94471 3.7177
26 5.02477 4.75372
74 5.0614 3.69366
56 5.15644 4.73086
91 5.1771 3.66904
63 5.28794 4.70821
37 5.29169 3.64376
51 5.41928 4.68576
97 5.40505 3.6177
59 5.55045 4.6635
68 5.51698 3.59072
50 5.68147 4.64142
87 5.62727 3.56264
34 5.81232 4.61951
49 5.73562 3.53321
78 5.94302 4.59776
17 5.84163 3.50209
41 6.07355 4.57617
31 5.94475 3.4688
53 6.20392 4.55471
99 6.04411 3.43257
65 0.0509382 4.53339
100 6.13833 3.39213
24 0.180981 4.5122
28 6.22469 3.34497
27 0.310858 4.49112
12 0.0131886 3.28456
5 0.440569 4.47015
