40 0.750688 4.78557
71 0.200959 6.22689
84 0.735212 5.01339
27 0.596133 5.59028
45 1.20639 3.93058
87 0.960723 4.86517
14 1.13571 4.38642
79 0.627948 6.12258
54 1.42979 4.25279
50 1.00449 5.61577
23 1.50558 4.38639
92 1.61615 3.88123
89 1.09149 5.54451
41 0.869812 6.25244
85 1.48242 3.38618
29 1.66135 4.85055
67 1.29613 3.1894
61 2.03939 4.59236
5 1.52935 6.08145
4 1.65564 3.20952
94 1.97051 5.27084
2 2.22225 4.6498
13 2.31973 3.49389
12 2.47173 4.0562
90 2.51494 3.98519
98 2.30724 4.86372
80 1.93592 6.151
15 2.49156 3.38969
65 2.54867 3.41395
81 2.51621 4.85008
97 2.86201 4.18458
18 2.87422 4.3053
22 2.76096 4.77037
59 2.21959 6.14507
72 2.97095 4.38181
25 2.80753 4.94255
47 2.68161 5.34641
3 2.73564 5.29999
83 3.29357 3.87523
10 2.70657 6.02924
9 3.4273 4.10047
32 3.4678 3.97245
74 3.31574 4.64705
30 3.54528 3.68795
17 3.30162 5.27072
57 3.70566 4.66289
24 3.33517 5.77109
8 3.47269 5.5548
44 3.39262 3.20934
64 3.83744 2.75235
96 3.42344 3.01307
46 3.76117 1.7326
48 3.58243 1.34907
55 3.58006 2.78591
28 3.41408 2.86449
99 3.75012 3.20667
1 4.21756 4.6923
93 4.21579 5.08312
43 3.84543 5.9777
16 4.55623 4.5166
95 4.26894 5.65324
38 4.19674 3.16818
31 4.93678 4.25615
6 4.62473 5.20762
82 5.09131 4.52466
76 5.27395 3.80666
58 5.26877 3.73391
39 5.22674 4.5828
62 4.98032 3.30286
88 5.42673 4.06073
73 5.49469 3.84934
77 5.3717 4.47453
26 4.68105 3.14733
7 5.51382 3.91649
66 4.78739 3.16236
60 4.87818 5.92967
33 5.42702 4.70399
42 5.26292 5.1508
21 5.52361 5.25175
51 5.18287 6.21662
49 5.6692 5.13894
68 5.45439 5.70055
56 5.52153 5.98331
75 6.27393 4.05909
69 5.57207 6.00584
53 6.08677 3.41586
11 5.89235 3.30185
86 5.6612 5.99243
52 0.0967592 3.44343
34 0.265947 4.54752
36 0.0916369 5.04664
78 0.472499 4.3532
91 0.403895 4.62084
63 0.131668 5.3711
19 0.543289 4.32739
20 0.548875 4.32782
70 0.40881 4.78188
100 0.16898 5.78823
35 0.641981 4.68612
37 0.778275 4.27797
