262 0 0
502 6.28211 0.00172004
81 6.28279 0.00399404
9 6.28171 0.00360378
565 6.28104 0.00243261
539 6.28265 0.00630196
34 6.28305 0.00748663
602 6.28064 0.00316615
454 6.28292 0.00852658
490 6.28224 0.00727987
340 6.28118 0.00515555
420 6.28158 0.00653661
538 6.27958 0.00265777
990 6.28197 0.00768855
906 6.28278 0.00973976
520 6.28025 0.00510115
527 6.28185 0.00834163
563 6.28117 0.00706778
607 6.28252 0.00990546
431 6.28291 0.0107716
305 6.28011 0.00543722
284 6.28051 0.00676374
984 6.28238 0.0106138
786 6.27919 0.00480042
234 6.28077 0.00815333
321 6.27867 0.00406298
361 6.28291 0.0126525
722 6.28104 0.00916394
977 6.28144 0.0100695
773 6.28184 0.0109283
779 6.28198 0.0114518
492 6.27906 0.00570548
133 6.2813 0.0104547
242 6.28238 0.0128016
993 6.28278 0.0136032
805 6.27945 0.00698411
811 6.27815 0.00448004
748 6.28038 0.00913137
873 6.28251 0.0134544
129 6.27971 0.0079614
530 6.2788 0.00625712
679 6.27764 0.00441323
429 6.28305 0.0154684
533 6.27998 0.00933647
159 6.28091 0.0112983
947 6.28037 0.0102319
481 6.27713 0.00413537
74 6.27802 0.00596221
84 6.27626 0.00254396
700 6.28212 0.0142583
587 6.27932 0.00895602
220 6.28091 0.0121454
738 6.28131 0.0129505
288 6.2817 0.0137521
407 6.28144 0.0133056
675 6.27866 0.00776553
787 6.27777 0.00601231
333 6.28265 0.0163148
28 6.28051 0.0121172
998 6.28185 0.0147971
755 6.28225 0.0156235
912 6.28264 0.0164753
510 6.27984 0.011144
14 6.27854 0.00856086
655 6.27663 0.00473804
126 6.27893 0.00950681
174 6.27932 0.0103928
113 6.28104 0.0141085
635 6.277 0.00620888
249 6.28318 0.01858
286 6.27828 0.00877808
666 6.27676 0.0057577
536 6.28037 0.0131569
796 6.27529 0.00307119
256 6.27946 0.0114805
927 6.27985 0.0122955
280 6.28024 0.0130993
455 6.27493 0.00255138
972 6.28225 0.0171946
826 6.28157 0.0161555
696 6.27945 0.0119665
438 6.28078 0.014949
954 6.27879 0.0109887
499 6.28117 0.0157794
846 6.27714 0.00772586
900 6.27751 0.00874216
818 6.27564 0.0050424
198 6.274 0.00188422
652 6.27789 0.0096751
948 6.2779 0.00970853
76 6.27577 0.00549188
59 6.27998 0.013959
866 6.28278 0.0195948
373 6.27726 0.00859736
423 6.28211 0.0183992
745 6.27639 0.00702744
506 6.28171 0.0178021
662 6.28211 0.018763
797 6.2731 0.000769212
648 6.28118 0.0170283
240 6.28251 0.0197916
603 6.27841 0.0116331
334 6.27434 0.00352058
110 6.2788 0.0124453
682 6.2805 0.0159972
316 6.27841 0.0118153
183 6.27959 0.0147687
101 6.27481 0.00521306
525 6.27932 0.0142864
464 6.27614 0.00792255
659 6.27971 0.0151015
767 6.28011 0.0159362
923 6.27688 0.00954062
111 6.27625 0.00841363
172 6.2765 0.00892064
451 6.27469 0.00532985
526 6.27893 0.0138098
919 6.28171 0.0194007
329 6.27541 0.00680833
918 6.28305 0.0225163
739 6.27803 0.0126246
509 6.28011 0.0168634
161 6.28064 0.0179761
788 6.28104 0.0189483
585 6.27738 0.0116635
932 6.27701 0.0109575
524 6.27738 0.011785
654 6.27224 0.00153844
845 6.27343 0.00391907
708 6.27776 0.0125947
670 6.27481 0.00702468
378 6.27651 0.0104248
185 6.27854 0.0146174
158 6.27589 0.00937071
784 6.27446 0.00658261
16 6.27517 0.00811524
904 6.28224 0.0222712
449 6.28131 0.0204813
656 6.27828 0.0144366
676 6.27789 0.0136608
380 6.27867 0.0152547
854 6.28064 0.0192094
876 6.27552 0.0090965
104 6.28292 0.0239346
624 6.28158 0.0214771
335 6.27972 0.0177698
763 6.27701 0.0124752
265 6.27278 0.00406764
713 6.27906 0.0166999
508 6.27638 0.0115111
212 6.28198 0.0227667
743 6.27919 0.0172259
114 6.27958 0.018152
806 6.27601 0.011113
122 6.27816 0.0154395
616 6.27638 0.0119363
706 6.27997 0.019136
415 6.27553 0.0102642
704 6.27354 0.00634953
346 6.27492 0.00919863
147 6.27751 0.0144667
929 6.27142 0.00230775
96 6.27389 0.00723789
988 6.28237 0.0242185
807 6.27412 0.00772839
66 6.28024 0.0202739
178 6.27193 0.00368511
417 6.27423 0.00830424
371 6.27958 0.0190207
283 6.28184 0.0236577
341 6.27688 0.01378
337 6.27726 0.0145872
72 6.27763 0.0154086
413 6.27867 0.017598
241 6.28012 0.0205206
966 6.27601 0.0123255
657 6.27802 0.0165378
560 6.28051 0.0217061
19 6.27266 0.0061082
479 6.27267 0.00625405
393 6.27458 0.0101021
294 6.27777 0.0165055
783 6.27113 0.00325836
27 6.27713 0.0152854
546 6.2747 0.0104228
542 6.27815 0.0173941
575 6.27321 0.00752739
718 6.27505 0.0112675
935 6.2809 0.0230226
883 6.27854 0.0183298
817 6.2754 0.0120871
177 6.2765 0.0143164
344 6.28252 0.0264235
512 6.27299 0.00744568
999 6.27919 0.0200697
885 6.27985 0.0214347
860 6.27565 0.013129
488 6.28077 0.0233873
593 6.27332 0.00848985
937 6.27038 0.00276691
532 6.27153 0.00509742
73 6.27553 0.0131271
78 6.27504 0.0121754
328 6.27589 0.0139292
285 6.27764 0.0174279
907 6.27626 0.0147384
680 6.28145 0.0252373
804 6.27423 0.0109595
327 6.27906 0.0207322
485 6.27235 0.00732163
809 6.27366 0.00993839
893 6.28292 0.028488
749 6.27289 0.00856319
160 6.27183 0.00649031
36 6.26967 0.00216705
586 6.27344 0.0097064
400 6.27614 0.0151321
949 6.27377 0.0105821
23 6.27945 0.0219395
942 6.27676 0.0166674
182 6.27411 0.0114212
195 6.27713 0.0175638
88 6.28238 0.0280751
951 6.27214 0.00764854
187 6.27085 0.00515924
541 6.27815 0.0198687
964 6.27469 0.0129803
641 6.2788 0.0212108
70 6.27971 0.0231232
436 6.27411 0.0120249
109 6.27726 0.0183656
320 6.27075 0.00538202
534 6.28144 0.0267791
986 6.27663 0.0172594
446 6.27152 0.00711065
882 6.27458 0.0132759
279 6.27332 0.010803
903 6.28038 0.0249268
71 6.27493 0.0140786
456 6.27277 0.00977304
399 6.27204 0.00837888
619 6.27577 0.0159677
79 6.26976 0.00398929
578 6.27764 0.0198288
302 6.27011 0.00486202
517 6.27103 0.00671888
248 6.27516 0.0149794
472 6.27256 0.00987246
757 6.28305 0.0310112
414 6.27802 0.0209474
338 6.27288 0.0107401
173 6.2813 0.0276767
881 6.27435 0.0137819
433 6.27541 0.0159657
615 6.27321 0.0115741
632 6.27132 0.00784688
980 6.28184 0.0289164
570 6.27577 0.0168306
131 6.27377 0.0128314
233 6.27998 0.0252964
814 6.2784 0.0221777
189 6.27777 0.0209909
405 6.27613 0.0177353
441 6.27002 0.00565281
661 6.27626 0.0181874
790 6.26942 0.00454589
574 6.27123 0.00819127
382 6.27245 0.0106454
486 6.27564 0.0170925
623 6.26828 0.00242484
812 6.27333 0.0126226
452 6.27932 0.0246246
356 6.27366 0.0134246
629 6.2691 0.00434541
909 6.27481 0.0158107
18 6.27399 0.0142283
782 6.27143 0.00912915
557 6.27028 0.00694055
976 6.27422 0.0148274
224 6.28038 0.0271464
694 6.28198 0.0304994
618 6.27173 0.0100368
562 6.26878 0.00420653
127 6.27344 0.0136329
466 6.27663 0.0200292
397 6.27203 0.0108971
228 6.27288 0.0126823
905 6.27047 0.00800009
184 6.277 0.0211665
311 6.27214 0.0114824
572 6.27446 0.0161238
543 6.27163 0.0104866
421 6.26934 0.00591171
68 6.27675 0.0207749
870 6.27094 0.00916615
744 6.27481 0.0169952
495 6.27528 0.0180111
309 6.27739 0.0222259
323 6.26775 0.00297322
823 6.26672 0.00108783
938 6.26849 0.00467485
899 6.26918 0.00606201
781 6.27893 0.0256175
87 6.27828 0.0243304
166 6.26711 0.00203521
291 6.28077 0.0293616
651 6.27246 0.0127718
864 6.27388 0.0156546
594 6.27066 0.00930214
317 6.27277 0.0135734
577 6.28091 0.0300091
86 6.26976 0.00780504
824 6.27094 0.0101995
116 6.27256 0.0134841
637 6.27893 0.0263581
480 6.2664 0.00133232
153 6.27529 0.0191715
642 6.2702 0.00899129
312 6.27084 0.0103265
701 6.27133 0.0113291
60 6.26856 0.00580947
82 6.26871 0.00616029
920 6.26727 0.00343538
67 6.27932 0.0275262
426 6.27565 0.0202328
176 6.27321 0.0154375
391 6.27576 0.0205626
588 6.26794 0.00498298
484 6.27493 0.0189856
239 6.27434 0.0178368
64 6.26968 0.00852424
995 6.27354 0.0162829
342 6.27638 0.0219868
583 6.27751 0.0242725
752 6.27601 0.0213896
383 6.27388 0.0171612
119 6.27355 0.0165075
970 6.27133 0.0121153
833 6.27299 0.0154994
498 6.27725 0.0240437
376 6.268 0.00554602
591 6.26993 0.00947291
235 6.27163 0.0129207
741 6.27225 0.0142883
462 6.2695 0.00881388
90 6.27984 0.0295387
730 6.27193 0.0137223
505 6.27173 0.0133354
197 6.26614 0.00217575
89 6.27019 0.0103607
473 6.27056 0.0111749
687 6.26686 0.00384265
188 6.27789 0.0259481
515 6.2779 0.0260154
528 6.2675 0.00526997
343 6.274 0.0183633
295 6.26835 0.00707052
695 6.26744 0.00527358
511 6.28158 0.03356
304 6.26902 0.00870613
913 6.27434 0.0193623
774 6.27204 0.0147667
934 6.26577 0.00229955
85 6.27614 0.0230711
347 6.274 0.0187999
467 6.27029 0.0114499
561 6.27235 0.0155924
944 6.26886 0.00863373
395 6.27541 0.0217524
366 6.2666 0.00413995
626 6.27267 0.0163468
917 6.27469 0.0204396
963 6.27213 0.015345
11 6.26588 0.00287191
351 6.27266 0.0164431
460 6.26926 0.0096416
408 6.27056 0.0122655
897 6.26629 0.00376469
194 6.26926 0.00974188
813 6.26781 0.00685266
331 6.26605 0.00334803
103 6.27143 0.0141384
671 6.27094 0.0131866
170 6.26984 0.0110198
99 6.28238 0.0361156
861 6.27827 0.0279192
292 6.27084 0.0130695
822 6.27029 0.0119967
124 6.26821 0.00788354
668 6.27651 0.0245652
936 6.26827 0.00845063
403 6.28051 0.0329299
765 6.27688 0.0256828
93 6.26733 0.00662832
674 6.2675 0.00698134
440 6.26842 0.00888516
345 6.26864 0.00957436
236 6.2731 0.0185437
667 6.26578 0.00391423
251 6.2731 0.0186164
117 6.26959 0.0116026
44 6.27123 0.0149185
608 6.27366 0.0198314
890 6.27183 0.0161873
445 6.27688 0.0262887
709 6.26863 0.00980837
141 6.26691 0.00639678
30 6.27446 0.0215225
580 6.26959 0.0118456
425 6.27066 0.0139889
163 6.27343 0.0195557
799 6.27153 0.0157481
10 6.26768 0.00807701
37 6.26984 0.0124153
483 6.26573 0.00427653
746 6.27183 0.0166046
732 6.27505 0.0230744
507 6.27517 0.023334
653 6.2701 0.0132183
457 6.26655 0.00615717
186 6.26706 0.0071957
625 6.26655 0.00620579
955 6.26575 0.00461081
31 6.26598 0.00521671
855 6.26583 0.00492286
7 6.26807 0.00940486
155 6.26787 0.00906153
622 6.26596 0.00532628
156 6.27945 0.0323308
54 6.26717 0.00776806
336 6.26871 0.0109263
721 6.27589 0.0253599
540 6.26894 0.0116939
733 6.27552 0.0248657
444 6.26722 0.00826672
837 6.2702 0.0142564
693 6.26894 0.0117547
672 6.27194 0.0177676
358 6.26626 0.0064437
398 6.27224 0.0184352
275 6.26582 0.00559966
404 6.27103 0.0160288
63 6.26934 0.0126544
945 6.26993 0.0138397
164 6.27985 0.0336817
55 6.27153 0.0170614
434 6.26677 0.00756796
442 6.27038 0.014799
967 6.26668 0.00740453
868 6.27278 0.0196339
798 6.26756 0.00923322
567 6.27047 0.0150709
45 6.26917 0.0125648
724 6.27354 0.021297
887 6.27224 0.0187262
482 6.27841 0.0311095
997 6.28131 0.0369327
143 6.26574 0.0058608
834 6.27075 0.0159048
386 6.27389 0.0222228
715 6.26644 0.00736318
891 6.26787 0.0102964
132 6.27651 0.0276037
232 6.27411 0.0228174
50 6.26603 0.00667374
453 6.27256 0.019752
803 6.26574 0.00611134
348 6.26814 0.011082
669 6.26616 0.00715329
392 6.26681 0.00845298
247 6.26834 0.0115416
389 6.26636 0.00760834
105 6.27841 0.0317601
836 6.26596 0.00693776
231 6.26871 0.0125051
884 6.28251 0.0401437
15 6.27423 0.0236031
192 6.26586 0.00689673
688 6.26925 0.0136906
922 6.26835 0.0119061
289 6.26967 0.0146476
631 6.26739 0.0101346
633 6.26951 0.0144065
610 6.27075 0.0168963
253 6.26745 0.0103907
95 6.27193 0.0194393
992 6.26576 0.00711338
108 6.26611 0.00780755
775 6.27113 0.0179412
261 6.28278 0.0412544
49 6.26976 0.015224
130 6.26633 0.008416
179 6.26762 0.0112367
217 6.27457 0.0251745
692 6.26696 0.00997126
915 6.27143 0.018911
802 6.26608 0.00822907
925 6.26814 0.0123555
274 6.27321 0.0225659
816 6.27553 0.0272214
298 6.2659 0.00803863
535 6.28144 0.0391146
437 6.26578 0.00784437
125 6.26781 0.012057
930 6.27738 0.0312155
902 6.26902 0.0144968
958 6.26864 0.0137502
628 6.27299 0.0224669
614 6.26701 0.0105503
611 6.26722 0.0109907
165 6.26659 0.00980625
771 6.27002 0.0167325
795 6.2788 0.0343526
952 6.26651 0.00983939
387 6.26614 0.00909427
139 6.26886 0.0145571
100 6.27047 0.0178044
705 6.27739 0.0316492
896 6.26577 0.0084875
200 6.26762 0.0122055
871 6.27011 0.0171925
983 6.27113 0.0192475
839 6.26716 0.0113905
759 6.26601 0.00920084
47 6.26909 0.0153778
514 6.26682 0.0108344
761 6.26573 0.00866999
367 6.27332 0.0238787
789 6.27163 0.0205232
308 6.26794 0.0131588
190 6.28024 0.0378039
315 6.26585 0.00902646
136 6.26576 0.00884958
978 6.27038 0.0181166
319 6.26594 0.00926773
835 6.27602 0.0294469
325 6.26664 0.0107086
303 6.26842 0.0143464
742 6.26623 0.0100041
250 6.27235 0.0223198
41 6.27457 0.0268516
956 6.26716 0.0120551
229 6.26647 0.0106771
778 6.26879 0.0153162
764 6.26807 0.0138993
649 6.27183 0.0214318
681 6.27065 0.0190983
206 6.26581 0.00943892
559 6.27906 0.0359682
32 6.26934 0.0165701
750 6.26677 0.0115436
418 6.26918 0.0164733
46 6.26976 0.0176322
791 6.26744 0.01301
838 6.26574 0.00960802
77 6.2662 0.0105185
40 6.266 0.0101671
636 6.26827 0.0147081
707 6.26633 0.0108658
640 6.27289 0.0239908
646 6.26574 0.00977516
412 6.27037 0.0190582
865 6.26598 0.0103587
69 6.27214 0.0227161
888 6.26739 0.0132461
42 6.26942 0.0173603
857 6.27085 0.0203151
753 6.26585 0.0103286
769 6.26821 0.0151627
293 6.26636 0.011513
202 6.26701 0.0128612
825 6.26756 0.0140487
487 6.26967 0.0182941
582 6.26682 0.0125928
850 6.27075 0.0204787
3 6.28171 0.0424582
226 6.27517 0.0294527
154 6.26611 0.0113598
758 6.27802 0.0352082
719 6.27365 0.0264937
245 6.27245 0.0241612
463 6.2691 0.0174618
148 6.26592 0.0112058
128 6.26774 0.0148597
683 6.26574 0.0108951
107 6.26664 0.0127122
372 6.27638 0.0322144
207 6.26579 0.0110509
92 6.26696 0.0133949
982 6.26856 0.0166349
363 6.27776 0.0350615
558 6.27104 0.0216599
552 6.27204 0.0237125
556 6.26768 0.0150099
886 6.26647 0.012742
895 6.27505 0.0299134
847 6.26611 0.0120852
969 6.27011 0.0201103
550 6.26633 0.0125629
496 6.26686 0.0136627
238 6.26879 0.0175297
48 6.26711 0.0141983
447 6.26801 0.0159993
221 6.26577 0.0115721
97 6.26573 0.0117243
728 6.26586 0.0120269
281 6.26781 0.0159342
91 6.26849 0.017293
842 6.27133 0.0229709
762 6.26577 0.0118759
83 6.26659 0.0135436
699 6.27919 0.0387358
51 6.26592 0.0122355
568 6.26722 0.0148577
244 6.26901 0.0184736
26 6.27377 0.0279943
691 6.27701 0.0344912
612 6.26651 0.0135139
673 6.2662 0.012891
443 6.27423 0.0290041
598 6.27002 0.0206896
690 6.26887 0.0184015
677 6.268 0.0167979
191 6.26579 0.0123854
255 6.2675 0.015842
979 6.26623 0.0133651
684 6.27123 0.0234409
877 6.26574 0.012535
474 6.26942 0.0199086
991 6.26598 0.0130398
269 6.26629 0.0136925
645 6.26575 0.0126842
953 6.266 0.0132164
712 6.27256 0.0263537
523 6.26794 0.0171258
928 6.2682 0.0177008
946 6.27029 0.0218925
120 6.26733 0.0160921
56 6.2664 0.0143183
491 6.26583 0.0131885
772 6.26985 0.0212553
98 6.26706 0.0156857
271 6.2691 0.0197891
685 6.26828 0.0182228
518 6.27601 0.033813
776 6.27173 0.0253004
974 6.26677 0.0154066
57 6.26614 0.0141684
25 6.27332 0.0285724
647 6.2675 0.0169622
879 6.2754 0.0328077
551 6.27056 0.0232315
475 6.26594 0.0140188
477 6.26668 0.0155303
65 6.27411 0.0303996
597 6.26934 0.0209041
370 6.26574 0.0137204
263 6.27047 0.0231755
223 6.26581 0.0138695
643 6.27675 0.0358126
270 6.26691 0.016251
544 6.28064 0.0437695
494 6.26585 0.0142264
416 6.26775 0.0180462
13 6.27288 0.0284042
273 6.26636 0.0153758
448 6.26918 0.0210346
592 6.26644 0.0155614
24 6.26691 0.0165398
810 6.26608 0.0148881
840 6.26576 0.0143765
379 6.28318 0.0492787
933 6.26959 0.0221297
941 6.26849 0.0199889
458 6.26706 0.0171279
768 6.26573 0.0145269
326 6.26588 0.0148293
961 6.27504 0.0331701
227 6.27094 0.0249882
962 6.26577 0.0146779
419 6.28211 0.0474461
355 6.2659 0.0150404
352 6.27173 0.0267071
678 6.27245 0.0281565
989 6.26655 0.0163789
354 6.26655 0.016411
714 6.26727 0.0178715
703 6.26617 0.0157169
780 6.26578 0.0151933
422 6.26775 0.0191336
181 6.26856 0.0208178
766 6.26626 0.0162191
296 6.26871 0.0211224
971 6.28104 0.0457998
663 6.26573 0.0153469
516 6.26756 0.0190231
579 6.27066 0.0252333
497 6.26596 0.0158734
374 6.26686 0.0176987
468 6.26603 0.0160604
793 6.26626 0.0165722
277 6.26586 0.0159028
138 6.2702 0.0246844
537 6.26794 0.0201918
476 6.27998 0.0443098
926 6.26894 0.0222743
617 6.27321 0.030907
362 6.27162 0.0277553
519 6.27445 0.0334314
800 6.268 0.0206048
830 6.26711 0.0188368
851 6.27203 0.0288294
894 6.26617 0.0170947
994 6.26727 0.0193239
751 6.26596 0.0169292
168 6.26673 0.0185074
252 6.26814 0.0213446
349 6.27892 0.0429524
152 6.26574 0.0166025
121 6.273 0.0311163
564 6.26582 0.0167652
469 6.26629 0.0177331
94 6.27094 0.027072
968 6.26672 0.0186529
987 6.26835 0.0220342
301 6.2695 0.0243887
859 6.26583 0.0171591
921 6.26744 0.0203979
21 6.27663 0.0389301
710 6.2664 0.0184713
377 6.26993 0.0255525
310 6.26686 0.0195168
639 6.26605 0.0179063
911 6.26575 0.0173266
513 6.2664 0.0186895
167 6.26696 0.0198712
853 6.26573 0.0174957
689 6.2659 0.017839
80 6.26578 0.0176665
874 6.26902 0.0242149
459 6.26781 0.0217989
53 6.26588 0.0180814
6 6.27214 0.0306
257 6.26886 0.0241005
852 6.2666 0.0196732
489 6.26993 0.0264279
39 6.26701 0.0206075
157 6.26821 0.0230193
605 6.26614 0.0188739
862 6.27565 0.0379852
411 6.26651 0.0197125
819 6.26577 0.0182584
215 6.27123 0.0292711
959 6.26629 0.019478
1 6.26733 0.0215682
522 6.26573 0.0184375
878 6.2702 0.0274492
975 6.26605 0.0192856
375 6.26594 0.0190606
867 6.26588 0.0190959
211 6.26926 0.0258812
112 6.27133 0.0301055
573 6.26691 0.0213418
914 6.26926 0.0260831
409 6.26842 0.024506
843 6.27469 0.0371024
589 6.26762 0.0231265
910 6.26768 0.0232809
737 6.26706 0.0221746
908 6.2662 0.0205653
169 6.26573 0.0197495
20 6.26598 0.0203564
898 6.26575 0.0199487
450 6.26864 0.0257485
965 6.26583 0.020151
115 6.27056 0.0296312
61 6.26717 0.0228683
149 6.27377 0.036275
58 6.2695 0.0278395
981 6.26626 0.0213867
353 6.26863 0.0262197
831 6.26582 0.0206471
196 6.26668 0.0224176
369 6.26787 0.0248049
660 6.26677 0.0226158
716 6.26722 0.0235487
394 6.26807 0.0254237
267 6.26574 0.0208609
815 6.26643 0.0223686
943 6.26603 0.021614
243 6.26574 0.0210784
439 6.26579 0.0212999
175 6.27458 0.0389176
756 6.26616 0.0221266
801 6.26636 0.0226659
12 6.26756 0.0251081
634 6.26586 0.0218456
549 6.26681 0.023823
209 6.26738 0.025112
2 6.26807 0.0265689
424 6.26576 0.0220818
630 6.26611 0.0229195
282 6.26664 0.0240473
258 6.26842 0.0276817
734 6.27104 0.0330533
880 6.27246 0.0359582
665 6.26633 0.0237676
531 6.26647 0.0241041
162 6.26608 0.0234947
33 6.26592 0.0231789
548 6.2659 0.0232281
760 6.26787 0.0272968
385 6.26959 0.0310045
820 6.27029 0.0324482
576 6.26739 0.0269246
770 6.27589 0.0440283
324 6.27056 0.0335518
332 6.27366 0.0399317
940 6.26696 0.0265644
727 6.26573 0.0241575
62 6.26959 0.0318721
500 6.26623 0.0253639
889 6.26576 0.0244472
22 6.26601 0.0250499
504 6.26585 0.0247445
381 6.26814 0.0293558
650 6.27828 0.0496454
134 6.26594 0.0251705
892 6.26894 0.0313224
555 6.27163 0.0367651
872 6.26894 0.0315392
180 6.26581 0.0254879
406 6.26701 0.0279141
848 6.27435 0.0427114
996 6.26769 0.0295446
306 6.26623 0.0266355
729 6.26574 0.0258147
493 6.26984 0.0342155
29 6.26762 0.0298186
364 6.27343 0.0414873
950 6.26722 0.0290924
600 6.26574 0.0261512
644 6.26581 0.0264982
841 6.26601 0.0269981
75 6.26682 0.0286574
856 6.27751 0.0500462
230 6.26664 0.028321
596 6.27854 0.0522035
717 6.27256 0.040359
208 6.26647 0.0282384
102 6.26835 0.0320992
606 6.26619 0.0278344
664 6.27278 0.0410252
613 6.27958 0.0546605
218 6.27493 0.0454901
5 6.26585 0.0273727
287 6.27172 0.0393144
410 6.27084 0.037625
118 6.26717 0.0303008
808 6.27002 0.0361257
697 6.26633 0.0287431
135 6.28064 0.0574946
754 6.26576 0.0277603
360 6.28078 0.0580752
829 6.26918 0.0349165
428 6.26934 0.0353567
777 6.26608 0.0291814
731 6.26781 0.0326867
924 6.26871 0.0346314
427 6.27726 0.0517502
584 6.26677 0.0308038
931 6.26814 0.0339457
313 6.26579 0.0292654
794 6.26668 0.0312223
368 6.26592 0.0297245
792 6.26636 0.0307014
960 6.26611 0.0302027
222 6.26762 0.033296
627 6.27011 0.0385442
478 6.27193 0.0422094
401 6.26643 0.0313293
973 6.26856 0.0356588
300 6.26733 0.0333041
621 6.274 0.047103
17 6.26573 0.0314303
503 6.26577 0.0319851
529 6.26942 0.0395301
210 6.26586 0.0325669
723 6.26603 0.0331781
599 6.27113 0.0434979
237 6.26592 0.0334232
193 6.27626 0.0541418
246 6.27972 0.0615015
8 6.26849 0.0391272
740 6.26794 0.038169
203 6.26664 0.035649
276 6.26744 0.0372743
357 6.26701 0.0364363
142 6.26579 0.0340799
863 6.2731 0.0488956
330 6.26648 0.0358027
272 6.27143 0.0461157
828 6.27065 0.0445965
144 6.26574 0.0347731
465 6.27225 0.0477966
266 6.26993 0.0432142
916 6.27311 0.0496707
365 6.26739 0.0387235
471 6.26575 0.0355068
590 6.2662 0.0365997
985 6.26598 0.0374485
554 6.26696 0.0397229
638 6.27528 0.0568929
216 6.26583 0.0383553
435 6.28305 0.072951
205 6.26623 0.0395171
720 6.26651 0.0405776
151 6.26807 0.043752
726 6.26659 0.0407996
658 6.26575 0.0393272
259 6.26686 0.041724
832 6.27867 0.0656087
875 6.27516 0.0587151
290 6.26728 0.042969
521 6.26629 0.0419646
384 6.27613 0.0622617
698 6.26756 0.0451865
339 6.26951 0.049254
461 6.26605 0.0432311
545 6.26841 0.0484974
1000 6.26581 0.0434807
214 6.27713 0.0665327
735 6.26902 0.0504567
620 6.26711 0.0467671
318 6.26594 0.0448886
601 6.26967 0.0526688
213 6.26886 0.0513082
595 6.26614 0.0464381
123 6.27038 0.0551942
264 6.27123 0.0574556
609 6.26672 0.0485211
547 6.2664 0.0481549
432 6.27764 0.0706588
52 6.27815 0.0718154
225 6.28225 0.0800809
402 6.27114 0.0581155
571 6.26673 0.0500721
35 6.26828 0.0536374
150 6.26576 0.0488714
569 6.26573 0.0508772
171 6.27047 0.0607682
430 6.26774 0.0563096
747 6.26577 0.0531466
204 6.27663 0.0770805
38 6.26588 0.0557437
4 6.26768 0.0593764
725 6.26727 0.0594194
957 6.26976 0.064722
388 6.26821 0.0630506
581 6.26606 0.0587567
785 6.28117 0.089805
137 6.27299 0.0742254
145 6.2659 0.0600603
849 6.26879 0.0674965
106 6.2691 0.0695561
821 6.26578 0.06387
201 6.27235 0.0784885
314 6.27388 0.081774
307 6.26942 0.0730304
219 6.26573 0.0685032
254 6.26849 0.0756568
297 6.26668 0.0755686
844 6.27481 0.0922106
553 6.26575 0.074309
470 6.28011 0.104214
199 6.26644 0.0769872
390 6.27153 0.087578
711 6.26706 0.083579
268 6.26617 0.0855086
43 6.27577 0.108024
260 6.27075 0.10078
827 6.2675 0.0948201
939 6.26596 0.0976641
686 6.27905 0.12891
604 6.26801 0.112285
146 6.28157 0.144598
359 6.27002 0.122577
299 6.27676 0.136338
322 6.26582 0.117094
869 6.27446 0.135825
501 6.26603 0.122204
901 6.26733 0.128476
350 6.26857 0.145218
396 6.27183 0.155325
140 6.26626 0.168857
736 6.26691 0.18668
566 6.27355 0.211676
858 6.28265 0.250459
702 6.27267 0.323342
278 6.26655 0.560046
