84 0 0 0
201 0 0 3.14159
63 1e+07 1e+07 3.05468
177 1e+07 1e+07 nan
1 1e+07 1e+07 0
106 1e+07 1e+07 2.96725
219 1e+07 1e+07 2.87954
143 1e+07 1e+07 nan
120 1e+07 1e+07 0
216 1e+07 1e+07 2.79144
203 1e+07 1e+07 2.70282
162 1e+07 1e+07 2.6296
141 1e+07 1e+07 0
267 1e+07 1e+07 2.61359
55 1e+07 1e+07 2.52366
127 1e+07 1e+07 2.29763
146 1e+07 1e+07 0
86 1e+07 1e+07 2.43298
294 1e+07 1e+07 2.34153
39 1e+07 1e+07 0
256 1e+07 1e+07 1.96792
235 1e+07 1e+07 2.24929
215 1e+07 1e+07 2.15631
221 1e+07 1e+07 0
64 1e+07 1e+07 1.61107
197 1e+07 1e+07 2.06266
206 1e+07 1e+07 1.96845
51 1e+07 1e+07 0
26 1e+07 1e+07 1.18982
12 1e+07 1e+07 1.87385
261 1e+07 1e+07 1.7791
139 1e+07 1e+07 0
168 1e+07 1e+07 0.564403
19 1e+07 1e+07 1.68449
43 1e+07 1e+07 1.5904
171 1e+07 1e+07 0
80 1e+07 1e+07 0
48 1e+07 1e+07 1.49733
292 1e+07 1e+07 1.4059
213 1e+07 1e+07 0
16 1e+07 1e+07 0
133 1e+07 1e+07 1.31692
82 1e+07 1e+07 1.64872
122 1e+07 1e+07 1.61159
40 1e+07 1e+07 1.65897
163 1e+07 1e+07 1.54454
178 1e+07 1e+07 1.64574
269 1e+07 1e+07 1.44445
85 1e+07 1e+07 1.2314
119 1e+07 1e+07 1.61273
10 1e+07 1e+07 0
188 1e+07 1e+07 0
224 1e+07 1e+07 1.307
286 1e+07 1e+07 1.15059
202 1e+07 1e+07 1.56379
233 1e+07 1e+07 1.12393
89 1e+07 1e+07 1.07608
204 1e+07 1e+07 1.50261
74 1e+07 1e+07 0
30 1e+07 1e+07 0.874656
46 1e+07 1e+07 0
270 1e+07 1e+07 1.00975
104 1e+07 1e+07 1.43266
199 1e+07 1e+07 0.476845
17 1e+07 1e+07 0.953804
250 1e+07 1e+07 1.35706
209 1e+07 1e+07 0
121 1e+07 1e+07 0
27 1e+07 1e+07 0
144 1e+07 1e+07 0.910598
226 1e+07 1e+07 1.27869
96 1e+07 1e+07 0.882376
59 1e+07 1e+07 0
132 1e+07 1e+07 0.870865
299 1e+07 1e+07 1.20026
264 1e+07 1e+07 0
151 1e+07 1e+07 0
41 1e+07 1e+07 0.876859
2 1e+07 1e+07 1.12436
109 1e+07 1e+07 0.899978
88 1e+07 1e+07 0
208 1e+07 1e+07 1.05366
278 1e+07 1e+07 0.938735
111 1e+07 1e+07 0.990854
212 1e+07 1e+07 0
240 1e+07 1e+07 0
279 1e+07 1e+07 0
6 1e+07 1e+07 0
167 1e+07 1e+07 0
24 1e+07 1e+07 0
33 1e+07 1e+07 0
126 1e+07 1e+07 0
20 1e+07 1e+07 0
107 1e+07 1e+07 0
52 1e+07 1e+07 0
211 1e+07 1e+07 0
81 1e+07 1e+07 0
15 1e+07 1e+07 0
243 1e+07 1e+07 0
70 1e+07 1e+07 0
193 1e+07 1e+07 0.978121
113 1e+07 1e+07 0
79 1e+07 1e+07 0.725522
76 1e+07 1e+07 0
207 1e+07 1e+07 1.11052
277 1e+07 1e+07 0
262 1e+07 1e+07 0
110 1e+07 1e+07 0
28 1e+07 1e+07 0
280 1e+07 1e+07 0
290 1e+07 1e+07 0
73 1e+07 1e+07 0
230 1e+07 1e+07 0
172 1e+07 1e+07 0
189 1e+07 1e+07 0.675152
287 1e+07 1e+07 0
77 1e+07 1e+07 0.955811
231 1e+07 1e+07 0
165 1e+07 1e+07 0
4 1e+07 1e+07 0
45 1e+07 1e+07 0
159 1e+07 1e+07 0
297 1e+07 1e+07 0
272 1e+07 1e+07 0
232 1e+07 1e+07 0
9 1e+07 1e+07 0
227 1e+07 1e+07 0
248 1e+07 1e+07 0
97 1e+07 1e+07 0
125 1e+07 1e+07 0
181 1e+07 1e+07 0
7 1e+07 1e+07 0
42 1e+07 1e+07 0
83 1e+07 1e+07 0
158 1e+07 1e+07 0
129 1e+07 1e+07 1.15028
118 1e+07 1e+07 1.10134
258 1e+07 1e+07 0
196 1e+07 1e+07 0
268 1e+07 1e+07 0
173 1e+07 1e+07 0
50 1e+07 1e+07 0
95 1e+07 1e+07 0
58 1e+07 1e+07 0
238 1e+07 1e+07 0
105 1e+07 1e+07 0
192 1e+07 1e+07 0
214 1e+07 1e+07 0
90 1e+07 1e+07 0
222 1e+07 1e+07 0
142 1e+07 1e+07 0
116 1e+07 1e+07 0
56 1e+07 1e+07 0
32 1e+07 1e+07 0
153 1e+07 1e+07 0
296 1e+07 1e+07 0
103 1e+07 1e+07 0
131 1e+07 1e+07 0
108 1e+07 1e+07 0
288 1e+07 1e+07 0
218 1e+07 1e+07 0
112 1e+07 1e+07 0
23 1e+07 1e+07 0
184 1e+07 1e+07 0
93 1e+07 1e+07 0
60 1e+07 1e+07 0
29 1e+07 1e+07 0
229 1e+07 1e+07 0
291 1e+07 1e+07 0
293 1e+07 1e+07 0
157 1e+07 1e+07 0
145 1e+07 1e+07 0
176 1e+07 1e+07 0
220 1e+07 1e+07 0
69 1e+07 1e+07 0
169 1e+07 1e+07 0
61 1e+07 1e+07 0
147 1e+07 1e+07 0
252 1e+07 1e+07 0
102 1e+07 1e+07 0
174 1e+07 1e+07 0
253 1e+07 1e+07 0
245 1e+07 1e+07 0
205 1e+07 1e+07 0
255 1e+07 1e+07 0
44 1e+07 1e+07 0
18 1e+07 1e+07 0.103866
78 1e+07 1e+07 0
152 1e+07 1e+07 0
13 1e+07 1e+07 0
38 1e+07 1e+07 0
166 1e+07 1e+07 0
300 1e+07 1e+07 0
266 1e+07 1e+07 0
35 1e+07 1e+07 0
251 1e+07 1e+07 0
57 1e+07 1e+07 0
195 1e+07 1e+07 0
8 1e+07 1e+07 0
236 1e+07 1e+07 0
91 1e+07 1e+07 0
200 1e+07 1e+07 0
115 1e+07 1e+07 0
187 1e+07 1e+07 1.10127
254 1e+07 1e+07 1.15022
186 1e+07 1e+07 0
22 1e+07 1e+07 0
65 1e+07 1e+07 0
182 1e+07 1e+07 0
67 1e+07 1e+07 0
175 1e+07 1e+07 0
282 1e+07 1e+07 0
92 1e+07 1e+07 0
249 1e+07 1e+07 0
223 1e+07 1e+07 0
257 1e+07 1e+07 0.834906
160 1e+07 1e+07 0
274 1e+07 1e+07 0
62 1e+07 1e+07 0
259 1e+07 1e+07 0
138 1e+07 1e+07 0.955612
25 1e+07 1e+07 0.674736
136 1e+07 1e+07 0
164 1e+07 1e+07 0
228 1e+07 1e+07 0
275 1e+07 1e+07 0
130 1e+07 1e+07 0
246 1e+07 1e+07 0
137 1e+07 1e+07 1.11034
295 1e+07 1e+07 0.724979
285 1e+07 1e+07 0.977807
68 1e+07 1e+07 0
239 1e+07 1e+07 0
66 1e+07 1e+07 0
194 1e+07 1e+07 0
37 1e+07 1e+07 1.21129
289 1e+07 1e+07 0
265 1e+07 1e+07 0
210 1e+07 1e+07 0
283 1e+07 1e+07 0.990031
49 1e+07 1e+07 0.937837
47 1e+07 1e+07 1.0529
273 1e+07 1e+07 0
185 1e+07 1e+07 0.899004
134 1e+07 1e+07 1.12368
124 1e+07 1e+07 0.875819
53 1e+07 1e+07 1.19962
149 1e+07 1e+07 0.869775
5 1e+07 1e+07 0
94 1e+07 1e+07 0.881254
98 1e+07 1e+07 1.2781
21 1e+07 1e+07 0.909466
241 1e+07 1e+07 0
281 1e+07 1e+07 1.3565
117 1e+07 1e+07 0.952678
183 1e+07 1e+07 0.474425
242 1e+07 1e+07 1.43212
11 1e+07 1e+07 1.00864
247 1e+07 1e+07 0.873315
31 1e+07 1e+07 1.50208
150 1e+07 1e+07 1.075
170 1e+07 1e+07 1.52597
234 1e+07 1e+07 1.12287
179 1e+07 1e+07 1.56325
161 1e+07 1e+07 1.14954
190 1e+07 1e+07 1.30609
148 1e+07 1e+07 1.61219
276 1e+07 1e+07 1.23038
87 1e+07 1e+07 1.44363
75 1e+07 1e+07 1.64517
271 1e+07 1e+07 1.54379
237 1e+07 1e+07 1.65837
101 1e+07 1e+07 1.6109
298 1e+07 1e+07 1.64808
72 1e+07 1e+07 1.31593
114 1e+07 1e+07 1.40494
128 1e+07 1e+07 1.49639
198 1e+07 1e+07 1.58949
135 1e+07 1e+07 1.81438
34 1e+07 1e+07 1.6836
284 1e+07 1e+07 1.77823
123 1e+07 1e+07 1.87301
156 1e+07 1e+07 1.96762
99 1e+07 1e+07 2.09175
71 1e+07 1e+07 2.06184
140 1e+07 1e+07 2.1555
155 1e+07 1e+07 2.2485
36 1e+07 1e+07 2.36974
14 1e+07 1e+07 2.34074
180 1e+07 1e+07 2.43221
244 1e+07 1e+07 2.52289
263 1e+07 1e+07 2.66877
260 1e+07 1e+07 2.61283
3 1e+07 1e+07 2.70207
154 1e+07 1e+07 2.79069
100 1e+07 1e+07 nan
225 1e+07 1e+07 2.8788
54 1e+07 1e+07 2.9665
217 1e+07 1e+07 nan
191 1e+07 1e+07 3.05393
