492 1e+07 1e+07 0.70052
541 1e+07 1e+07 0.629838
9 1e+07 1e+07 0.623817
443 1e+07 1e+07 0.583286
509 1e+07 1e+07 0.574729
234 1e+07 1e+07 0.543692
520 1e+07 1e+07 0.533101
236 1e+07 1e+07 0.507307
266 1e+07 1e+07 0.494874
624 1e+07 1e+07 0.472641
92 1e+07 1e+07 0.458413
374 1e+07 1e+07 0.438901
431 1e+07 1e+07 0.422818
308 1e+07 1e+07 0.405563
28 1e+07 1e+07 0.387458
107 1e+07 1e+07 0.372249
312 1e+07 1e+07 0.351808
24 1e+07 1e+07 0.338523
46 1e+07 1e+07 0.315197
493 1e+07 1e+07 0.303823
192 1e+07 1e+07 0.276597
583 1e+07 1e+07 0.267238
165 1e+07 1e+07 0.233944
132 1e+07 1e+07 0.226899
169 1e+07 1e+07 0.181073
31 1e+07 1e+07 0.177174
10 1e+07 1e+07 0.108635
153 1e+07 1e+07 0.111965
489 1e+07 1e+07 0.154474
408 1e+07 1e+07 0.161137
647 1e+07 1e+07 0.193554
289 1e+07 1e+07 0.202597
214 1e+07 1e+07 0.229536
32 1e+07 1e+07 0.240608
103 1e+07 1e+07 0.263881
540 1e+07 1e+07 0.276851
305 1e+07 1e+07 0.297352
225 1e+07 1e+07 0.31222
61 1e+07 1e+07 0.330443
35 1e+07 1e+07 0.347323
491 1e+07 1e+07 0.363554
43 1e+07 1e+07 0.382709
93 1e+07 1e+07 0.397099
593 1e+07 1e+07 0.418957
242 1e+07 1e+07 0.431557
553 1e+07 1e+07 0.456901
490 1e+07 1e+07 0.467665
599 1e+07 1e+07 0.498053
444 1e+07 1e+07 0.506801
288 1e+07 1e+07 0.546077
189 1e+07 1e+07 0.552349
215 1e+07 1e+07 0.617408
422 1e+07 1e+07 0.619175
157 1e+07 1e+07 0.696815
379 1e+07 1e+07 0.702583
219 1e+07 1e+07 0.744445
42 1e+07 1e+07 0.752856
247 1e+07 1e+07 0.784609
270 1e+07 1e+07 0.79512
8 1e+07 1e+07 0.821434
181 1e+07 1e+07 0.833839
36 1e+07 1e+07 0.856505
342 1e+07 1e+07 0.890654
606 1e+07 1e+07 0.924426
71 1e+07 1e+07 0.992637
206 1e+07 1e+07 0.870754
78 1e+07 1e+07 0.958266
184 1e+07 1e+07 0.9789
475 1e+07 1e+07 0.942657
344 1e+07 1e+07 0.906807
438 1e+07 1e+07 0
150 1e+07 1e+07 0
287 1e+07 1e+07 0
563 1e+07 1e+07 0
161 1e+07 1e+07 0
446 1e+07 1e+07 0
281 1e+07 1e+07 0
360 1e+07 1e+07 0
146 1e+07 1e+07 0
357 1e+07 1e+07 0
223 1e+07 1e+07 0
588 1e+07 1e+07 0
554 1e+07 1e+07 0
616 1e+07 1e+07 0
644 1e+07 1e+07 0
470 1e+07 1e+07 0
313 1e+07 1e+07 0
632 1e+07 1e+07 0
271 1e+07 1e+07 0
291 1e+07 1e+07 0
156 1e+07 1e+07 0
332 1e+07 1e+07 0
307 1e+07 1e+07 0
388 1e+07 1e+07 0
34 1e+07 1e+07 0
245 1e+07 1e+07 0
602 1e+07 1e+07 0
259 1e+07 1e+07 0
311 1e+07 1e+07 0
373 1e+07 1e+07 0
27 1e+07 1e+07 0
587 1e+07 1e+07 0
424 1e+07 1e+07 0
532 1e+07 1e+07 0
370 1e+07 1e+07 0
366 1e+07 1e+07 0
95 1e+07 1e+07 0
377 1e+07 1e+07 0
498 1e+07 1e+07 0
188 1e+07 1e+07 0
196 1e+07 1e+07 0
241 1e+07 1e+07 0
174 1e+07 1e+07 0
204 1e+07 1e+07 0
383 1e+07 1e+07 0
133 1e+07 1e+07 0
23 1e+07 1e+07 0
52 1e+07 1e+07 0
154 1e+07 1e+07 0
511 1e+07 1e+07 0
86 1e+07 1e+07 0
638 1e+07 1e+07 0
536 1e+07 1e+07 0
393 1e+07 1e+07 0
534 1e+07 1e+07 0
15 1e+07 1e+07 0
367 1e+07 1e+07 0
614 1e+07 1e+07 0
497 1e+07 1e+07 0
283 1e+07 1e+07 0
547 1e+07 1e+07 0
399 1e+07 1e+07 0
326 1e+07 1e+07 0
59 1e+07 1e+07 0
519 1e+07 1e+07 0
316 1e+07 1e+07 0
494 1e+07 1e+07 0
459 1e+07 1e+07 0
238 1e+07 1e+07 0
483 1e+07 1e+07 0
318 1e+07 1e+07 0
386 1e+07 1e+07 0
201 1e+07 1e+07 0
102 1e+07 1e+07 0
474 1e+07 1e+07 0
384 1e+07 1e+07 0
262 1e+07 1e+07 0
221 1e+07 1e+07 0
258 1e+07 1e+07 0
623 1e+07 1e+07 0
503 1e+07 1e+07 0
45 1e+07 1e+07 0
566 1e+07 1e+07 0
400 1e+07 1e+07 0
69 1e+07 1e+07 0
466 1e+07 1e+07 0
630 1e+07 1e+07 0
121 1e+07 1e+07 0
432 1e+07 1e+07 0
351 1e+07 1e+07 0
353 1e+07 1e+07 0
524 1e+07 1e+07 0
315 1e+07 1e+07 0
442 1e+07 1e+07 0
47 1e+07 1e+07 0
479 1e+07 1e+07 0
19 1e+07 1e+07 0
222 1e+07 1e+07 0
325 1e+07 1e+07 0
62 1e+07 1e+07 0
345 1e+07 1e+07 0
457 1e+07 1e+07 0
70 1e+07 1e+07 0
185 1e+07 1e+07 0
445 1e+07 1e+07 0
80 1e+07 1e+07 0
167 1e+07 1e+07 0
507 1e+07 1e+07 0
436 1e+07 1e+07 0
401 1e+07 1e+07 0
229 1e+07 1e+07 0
510 1e+07 1e+07 0
203 1e+07 1e+07 0
365 1e+07 1e+07 0
500 1e+07 1e+07 0
406 1e+07 1e+07 0
412 1e+07 1e+07 0
202 1e+07 1e+07 0
254 1e+07 1e+07 0
239 1e+07 1e+07 0
513 1e+07 1e+07 0
7 1e+07 1e+07 0
349 1e+07 1e+07 0
372 1e+07 1e+07 0
531 1e+07 1e+07 0
187 1e+07 1e+07 0
110 1e+07 1e+07 0
322 1e+07 1e+07 0
168 1e+07 1e+07 0
162 1e+07 1e+07 0
627 1e+07 1e+07 0
486 1e+07 1e+07 0
119 1e+07 1e+07 0
558 1e+07 1e+07 0
63 1e+07 1e+07 0
112 1e+07 1e+07 0
282 1e+07 1e+07 0
84 1e+07 1e+07 0
380 1e+07 1e+07 0
598 1e+07 1e+07 0
274 1e+07 1e+07 0
90 1e+07 1e+07 0
85 1e+07 1e+07 0
116 1e+07 1e+07 0
333 1e+07 1e+07 0
571 1e+07 1e+07 0
303 1e+07 1e+07 0
65 1e+07 1e+07 0
53 1e+07 1e+07 0
338 1e+07 1e+07 0
25 1e+07 1e+07 0
378 1e+07 1e+07 0
396 1e+07 1e+07 0
640 1e+07 1e+07 0
575 1e+07 1e+07 0
75 1e+07 1e+07 0
128 1e+07 1e+07 0
159 1e+07 1e+07 0
67 1e+07 1e+07 0
64 1e+07 1e+07 0
117 1e+07 1e+07 0
484 1e+07 1e+07 0
589 1e+07 1e+07 0
559 1e+07 1e+07 0
302 1e+07 1e+07 0
39 1e+07 1e+07 0
251 1e+07 1e+07 0
506 1e+07 1e+07 0
414 1e+07 1e+07 0
269 1e+07 1e+07 0
364 1e+07 1e+07 0
317 1e+07 1e+07 0
580 1e+07 1e+07 0
257 1e+07 1e+07 0
579 1e+07 1e+07 0
522 1e+07 1e+07 0
411 1e+07 1e+07 0
350 1e+07 1e+07 0
653 1e+07 1e+07 0
144 1e+07 1e+07 0
581 1e+07 1e+07 0
629 1e+07 1e+07 0
108 1e+07 1e+07 0
600 1e+07 1e+07 0
590 1e+07 1e+07 0
546 1e+07 1e+07 0
278 1e+07 1e+07 0
328 1e+07 1e+07 0
381 1e+07 1e+07 0
517 1e+07 1e+07 0
469 1e+07 1e+07 0
643 1e+07 1e+07 0
499 1e+07 1e+07 0
416 1e+07 1e+07 0
395 1e+07 1e+07 0
190 1e+07 1e+07 0
646 1e+07 1e+07 0
472 1e+07 1e+07 0
596 1e+07 1e+07 0
230 1e+07 1e+07 0
57 1e+07 1e+07 0
81 1e+07 1e+07 0
607 1e+07 1e+07 0
96 1e+07 1e+07 0
636 1e+07 1e+07 0
619 1e+07 1e+07 0
66 1e+07 1e+07 0
171 1e+07 1e+07 0
163 1e+07 1e+07 0
213 1e+07 1e+07 0
40 1e+07 1e+07 0
605 1e+07 1e+07 0
428 1e+07 1e+07 0
439 1e+07 1e+07 0
604 1e+07 1e+07 0
478 1e+07 1e+07 0
573 1e+07 1e+07 0
468 1e+07 1e+07 0
321 1e+07 1e+07 0
114 1e+07 1e+07 0
460 1e+07 1e+07 0
298 1e+07 1e+07 0
14 1e+07 1e+07 0
306 1e+07 1e+07 0
628 1e+07 1e+07 0
139 1e+07 1e+07 0
140 1e+07 1e+07 0
402 1e+07 1e+07 0
631 1e+07 1e+07 0
352 1e+07 1e+07 0
256 1e+07 1e+07 0
88 1e+07 1e+07 0
172 1e+07 1e+07 0
98 1e+07 1e+07 0
211 1e+07 1e+07 0
82 1e+07 1e+07 0
335 1e+07 1e+07 0
597 1e+07 1e+07 0
356 1e+07 1e+07 0
548 1e+07 1e+07 0
462 1e+07 1e+07 0
518 1e+07 1e+07 0
30 1e+07 1e+07 0
327 1e+07 1e+07 0
545 1e+07 1e+07 0
538 1e+07 1e+07 0
331 1e+07 1e+07 0
285 1e+07 1e+07 0
418 1e+07 1e+07 0
369 1e+07 1e+07 0
398 1e+07 1e+07 0
419 1e+07 1e+07 0
48 1e+07 1e+07 0
272 1e+07 1e+07 0
231 1e+07 1e+07 0
295 1e+07 1e+07 0
273 1e+07 1e+07 0
426 1e+07 1e+07 0
130 1e+07 1e+07 0
514 1e+07 1e+07 0
105 1e+07 1e+07 0
111 1e+07 1e+07 0
527 1e+07 1e+07 0
87 1e+07 1e+07 0
265 1e+07 1e+07 0
279 1e+07 1e+07 0
564 1e+07 1e+07 0
148 1e+07 1e+07 0
539 1e+07 1e+07 0
542 1e+07 1e+07 0
22 1e+07 1e+07 0
530 1e+07 1e+07 0
299 1e+07 1e+07 0
253 1e+07 1e+07 0
127 1e+07 1e+07 0
458 1e+07 1e+07 0
240 1e+07 1e+07 0
423 1e+07 1e+07 0
557 1e+07 1e+07 0
441 1e+07 1e+07 0
390 1e+07 1e+07 0
12 1e+07 1e+07 0
122 1e+07 1e+07 0
300 1e+07 1e+07 0
447 1e+07 1e+07 0
173 1e+07 1e+07 0
427 1e+07 1e+07 0
525 1e+07 1e+07 0
252 1e+07 1e+07 0
216 1e+07 1e+07 0
371 1e+07 1e+07 0
502 1e+07 1e+07 0
294 1e+07 1e+07 0
549 1e+07 1e+07 0
550 1e+07 1e+07 0
118 1e+07 1e+07 0
569 1e+07 1e+07 0
471 1e+07 1e+07 0
576 1e+07 1e+07 0
20 1e+07 1e+07 0
521 1e+07 1e+07 0
263 1e+07 1e+07 0
567 1e+07 1e+07 0
29 1e+07 1e+07 0
183 1e+07 1e+07 0
158 1e+07 1e+07 0
641 1e+07 1e+07 0
648 1e+07 1e+07 0
582 1e+07 1e+07 0
610 1e+07 1e+07 0
421 1e+07 1e+07 0
123 1e+07 1e+07 0
608 1e+07 1e+07 0
337 1e+07 1e+07 0
99 1e+07 1e+07 0
255 1e+07 1e+07 0
452 1e+07 1e+07 0
645 1e+07 1e+07 0
115 1e+07 1e+07 0
464 1e+07 1e+07 0
60 1e+07 1e+07 0
16 1e+07 1e+07 0
55 1e+07 1e+07 0
160 1e+07 1e+07 0
297 1e+07 1e+07 0
217 1e+07 1e+07 0
417 1e+07 1e+07 0
551 1e+07 1e+07 0
277 1e+07 1e+07 0
310 1e+07 1e+07 0
570 1e+07 1e+07 0
142 1e+07 1e+07 0
621 1e+07 1e+07 0
104 1e+07 1e+07 0
94 1e+07 1e+07 0
343 1e+07 1e+07 0
585 1e+07 1e+07 0
609 1e+07 1e+07 0
376 1e+07 1e+07 0
141 1e+07 1e+07 0
560 1e+07 1e+07 0
329 1e+07 1e+07 0
394 1e+07 1e+07 0
650 1e+07 1e+07 0
314 1e+07 1e+07 0
626 1e+07 1e+07 0
120 1e+07 1e+07 0
515 1e+07 1e+07 0
456 1e+07 1e+07 0
347 1e+07 1e+07 0
44 1e+07 1e+07 0
449 1e+07 1e+07 0
363 1e+07 1e+07 0
249 1e+07 1e+07 0
89 1e+07 1e+07 0
595 1e+07 1e+07 0
91 1e+07 1e+07 0
634 1e+07 1e+07 0
199 1e+07 1e+07 0
137 1e+07 1e+07 0
261 1e+07 1e+07 0
13 1e+07 1e+07 0
72 1e+07 1e+07 0
368 1e+07 1e+07 0
620 1e+07 1e+07 0
58 1e+07 1e+07 0
268 1e+07 1e+07 0
131 1e+07 1e+07 0
309 1e+07 1e+07 0
129 1e+07 1e+07 0
339 1e+07 1e+07 0
476 1e+07 1e+07 0
657 1e+07 1e+07 0
637 1e+07 1e+07 0
409 1e+07 1e+07 0
410 1e+07 1e+07 0
451 1e+07 1e+07 0
391 1e+07 1e+07 0
341 1e+07 1e+07 0
227 1e+07 1e+07 0
434 1e+07 1e+07 0
584 1e+07 1e+07 0
193 1e+07 1e+07 0
267 1e+07 1e+07 0
622 1e+07 1e+07 0
235 1e+07 1e+07 0
659 1e+07 1e+07 0
41 1e+07 1e+07 0
226 1e+07 1e+07 0
635 1e+07 1e+07 0
79 1e+07 1e+07 0
612 1e+07 1e+07 0
477 1e+07 1e+07 0
413 1e+07 1e+07 0
178 1e+07 1e+07 0
611 1e+07 1e+07 0
385 1e+07 1e+07 0
591 1e+07 1e+07 0
654 1e+07 1e+07 0
17 1e+07 1e+07 0
603 1e+07 1e+07 0
4 1e+07 1e+07 0
523 1e+07 1e+07 0
151 1e+07 1e+07 0
382 1e+07 1e+07 0
440 1e+07 1e+07 0
552 1e+07 1e+07 0
572 1e+07 1e+07 0
403 1e+07 1e+07 0
448 1e+07 1e+07 0
433 1e+07 1e+07 0
186 1e+07 1e+07 0
37 1e+07 1e+07 0
404 1e+07 1e+07 0
83 1e+07 1e+07 0
480 1e+07 1e+07 0
387 1e+07 1e+07 0
292 1e+07 1e+07 0
467 1e+07 1e+07 0
50 1e+07 1e+07 0
177 1e+07 1e+07 0
533 1e+07 1e+07 0
482 1e+07 1e+07 0
164 1e+07 1e+07 0
473 1e+07 1e+07 0
516 1e+07 1e+07 0
290 1e+07 1e+07 0
320 1e+07 1e+07 0
565 1e+07 1e+07 0
561 1e+07 1e+07 0
346 1e+07 1e+07 0
246 1e+07 1e+07 0
182 1e+07 1e+07 0
455 1e+07 1e+07 0
264 1e+07 1e+07 0
618 1e+07 1e+07 0
11 1e+07 1e+07 0
577 1e+07 1e+07 0
3 1e+07 1e+07 0
106 1e+07 1e+07 0
243 1e+07 1e+07 0
205 1e+07 1e+07 0
97 1e+07 1e+07 0
450 1e+07 1e+07 0
495 1e+07 1e+07 0
652 1e+07 1e+07 0
463 1e+07 1e+07 0
218 1e+07 1e+07 0
323 1e+07 1e+07 0
562 1e+07 1e+07 0
170 1e+07 1e+07 0
330 1e+07 1e+07 0
2 1e+07 1e+07 0
296 1e+07 1e+07 0
100 1e+07 1e+07 0
209 1e+07 1e+07 0
275 1e+07 1e+07 0
54 1e+07 1e+07 0
568 1e+07 1e+07 0
555 1e+07 1e+07 0
293 1e+07 1e+07 0
340 1e+07 1e+07 0
601 1e+07 1e+07 0
660 1e+07 1e+07 0
485 1e+07 1e+07 0
207 1e+07 1e+07 0
453 1e+07 1e+07 0
248 1e+07 1e+07 0
586 1e+07 1e+07 0
487 1e+07 1e+07 0
392 1e+07 1e+07 0
437 1e+07 1e+07 0
481 1e+07 1e+07 0
1 1e+07 1e+07 0
180 1e+07 1e+07 0
49 1e+07 1e+07 0
633 1e+07 1e+07 0
543 1e+07 1e+07 0
276 1e+07 1e+07 0
284 1e+07 1e+07 0
304 1e+07 1e+07 0
38 1e+07 1e+07 0
613 1e+07 1e+07 0
397 1e+07 1e+07 0
124 1e+07 1e+07 0
56 1e+07 1e+07 0
508 1e+07 1e+07 0
556 1e+07 1e+07 0
639 1e+07 1e+07 0
286 1e+07 1e+07 0
77 1e+07 1e+07 0
651 1e+07 1e+07 0
194 1e+07 1e+07 0
429 1e+07 1e+07 0
143 1e+07 1e+07 0
505 1e+07 1e+07 0
529 1e+07 1e+07 0
76 1e+07 1e+07 0
220 1e+07 1e+07 0
73 1e+07 1e+07 0
232 1e+07 1e+07 0
354 1e+07 1e+07 0
26 1e+07 1e+07 0
656 1e+07 1e+07 0
109 1e+07 1e+07 0
191 1e+07 1e+07 0
176 1e+07 1e+07 0
334 1e+07 1e+07 0
435 1e+07 1e+07 0
415 1e+07 1e+07 0
407 1e+07 1e+07 0
389 1e+07 1e+07 0
74 1e+07 1e+07 0
5 1e+07 1e+07 0
233 1e+07 1e+07 0
537 1e+07 1e+07 0
33 1e+07 1e+07 0
208 1e+07 1e+07 0
362 1e+07 1e+07 0
228 1e+07 1e+07 0
655 1e+07 1e+07 0
152 1e+07 1e+07 0
18 1e+07 1e+07 0
210 1e+07 1e+07 0
496 1e+07 1e+07 0
501 1e+07 1e+07 0
68 1e+07 1e+07 0
375 1e+07 1e+07 0
465 1e+07 1e+07 0
488 1e+07 1e+07 0
244 1e+07 1e+07 0
512 1e+07 1e+07 0
138 1e+07 1e+07 0
425 1e+07 1e+07 0
101 1e+07 1e+07 0
454 1e+07 1e+07 0
6 1e+07 1e+07 0
420 1e+07 1e+07 0
358 1e+07 1e+07 0
280 1e+07 1e+07 0
504 1e+07 1e+07 0
301 1e+07 1e+07 0
625 1e+07 1e+07 0
145 1e+07 1e+07 0
361 1e+07 1e+07 0
136 1e+07 1e+07 0
237 1e+07 1e+07 0
617 1e+07 1e+07 0
51 1e+07 1e+07 0
113 1e+07 1e+07 0
544 1e+07 1e+07 0
198 1e+07 1e+07 0
615 1e+07 1e+07 0
642 1e+07 1e+07 0
319 1e+07 1e+07 0
649 1e+07 1e+07 0
658 1e+07 1e+07 0
578 1e+07 1e+07 0
147 1e+07 1e+07 0
155 1e+07 1e+07 0
134 1e+07 1e+07 0
175 1e+07 1e+07 0
528 1e+07 1e+07 0
135 1e+07 1e+07 0
359 1e+07 1e+07 0
592 1e+07 1e+07 0
430 1e+07 1e+07 0
574 1e+07 1e+07 0
21 1e+07 1e+07 0
224 1e+07 1e+07 0
260 1e+07 1e+07 0
126 1e+07 1e+07 0
526 1e+07 1e+07 0
149 1e+07 1e+07 0
535 1e+07 1e+07 0
250 1e+07 1e+07 0
355 1e+07 1e+07 0
405 1e+07 1e+07 0
166 1e+07 1e+07 0
195 1e+07 1e+07 0
336 1e+07 1e+07 0
594 1e+07 1e+07 0
125 1e+07 1e+07 0
200 1e+07 1e+07 0
348 1e+07 1e+07 0
212 1e+07 1e+07 0
197 1e+07 1e+07 0
461 1e+07 1e+07 0
324 1e+07 1e+07 0
179 1e+07 1e+07 0
