92 1e+07 1e+07 nan
11 1e+07 1e+07 nan
144 1e+07 1e+07 nan
52 1e+07 1e+07 nan
130 1e+07 1e+07 nan
106 1e+07 1e+07 nan
5 1e+07 1e+07 2.96443
115 1e+07 1e+07 2.92596
84 1e+07 1e+07 0.652449
8 1e+07 1e+07 1.83718
120 1e+07 1e+07 2.34876
137 1e+07 1e+07 2.37332
21 1e+07 1e+07 1.35554
62 1e+07 1e+07 0
60 1e+07 1e+07 0
7 1e+07 1e+07 0
127 1e+07 1e+07 1.4429
55 1e+07 1e+07 1.36739
6 1e+07 1e+07 0.700478
128 1e+07 1e+07 1.1695
124 1e+07 1e+07 0
133 1e+07 1e+07 0
105 1e+07 1e+07 0
35 1e+07 1e+07 0
123 1e+07 1e+07 0
97 1e+07 1e+07 0
19 1e+07 1e+07 0
72 1e+07 1e+07 0
34 1e+07 1e+07 0
61 1e+07 1e+07 0
37 1e+07 1e+07 0
109 1e+07 1e+07 0
116 1e+07 1e+07 0
82 1e+07 1e+07 0
110 1e+07 1e+07 0
36 1e+07 1e+07 0
146 1e+07 1e+07 0
63 1e+07 1e+07 0
149 1e+07 1e+07 0
131 1e+07 1e+07 0
83 1e+07 1e+07 0
102 1e+07 1e+07 0
49 1e+07 1e+07 0
143 1e+07 1e+07 0
88 1e+07 1e+07 0
150 1e+07 1e+07 0
38 1e+07 1e+07 0
40 1e+07 1e+07 0
70 1e+07 1e+07 0
98 1e+07 1e+07 0
119 1e+07 1e+07 0
59 1e+07 1e+07 0
101 1e+07 1e+07 0
103 1e+07 1e+07 0
74 1e+07 1e+07 0
138 1e+07 1e+07 0
95 1e+07 1e+07 0
2 1e+07 1e+07 0
108 1e+07 1e+07 0
47 1e+07 1e+07 0
118 1e+07 1e+07 0
25 1e+07 1e+07 0
29 1e+07 1e+07 0
56 1e+07 1e+07 0
117 1e+07 1e+07 0
33 1e+07 1e+07 0
100 1e+07 1e+07 0
112 1e+07 1e+07 0
54 1e+07 1e+07 0
93 1e+07 1e+07 0
140 1e+07 1e+07 0
86 1e+07 1e+07 0
73 1e+07 1e+07 0
27 1e+07 1e+07 0
90 1e+07 1e+07 0
125 1e+07 1e+07 0
85 1e+07 1e+07 0
134 1e+07 1e+07 0
39 1e+07 1e+07 0
15 1e+07 1e+07 0
114 1e+07 1e+07 0
80 1e+07 1e+07 0
67 1e+07 1e+07 0
3 1e+07 1e+07 0
96 1e+07 1e+07 0
147 1e+07 1e+07 0
9 1e+07 1e+07 0
28 1e+07 1e+07 0
22 1e+07 1e+07 0
14 1e+07 1e+07 0
1 1e+07 1e+07 0
77 1e+07 1e+07 0
122 1e+07 1e+07 0
50 1e+07 1e+07 0
113 1e+07 1e+07 0
136 1e+07 1e+07 0
20 1e+07 1e+07 0
126 1e+07 1e+07 0
18 1e+07 1e+07 0
69 1e+07 1e+07 0
43 1e+07 1e+07 0
87 1e+07 1e+07 0
141 1e+07 1e+07 0
76 1e+07 1e+07 0
79 1e+07 1e+07 0
94 1e+07 1e+07 0
132 1e+07 1e+07 0
66 1e+07 1e+07 0
12 1e+07 1e+07 0
111 1e+07 1e+07 0
16 1e+07 1e+07 0
13 1e+07 1e+07 0
107 1e+07 1e+07 0
81 1e+07 1e+07 0
139 1e+07 1e+07 0
99 1e+07 1e+07 0
24 1e+07 1e+07 0
45 1e+07 1e+07 0
142 1e+07 1e+07 0
145 1e+07 1e+07 0
89 1e+07 1e+07 0
71 1e+07 1e+07 0
64 1e+07 1e+07 0
75 1e+07 1e+07 0
104 1e+07 1e+07 0
46 1e+07 1e+07 0
31 1e+07 1e+07 0
121 1e+07 1e+07 0
4 1e+07 1e+07 1.65795
58 1e+07 1e+07 0
135 1e+07 1e+07 0
68 1e+07 1e+07 0
53 1e+07 1e+07 1.05812
44 1e+07 1e+07 0.59841
30 1e+07 1e+07 1.94146
65 1e+07 1e+07 1.7995
42 1e+07 1e+07 2.17722
23 1e+07 1e+07 1.60078
17 1e+07 1e+07 1.52551
78 1e+07 1e+07 0.976664
148 1e+07 1e+07 0
48 1e+07 1e+07 2.63261
41 1e+07 1e+07 2.13134
26 1e+07 1e+07 0
57 1e+07 1e+07 0.835384
129 1e+07 1e+07 1.06834
51 1e+07 1e+07 1.79641
32 1e+07 1e+07 2.42723
91 1e+07 1e+07 0.510576
10 1e+07 1e+07 2.77975
