1110000111110010000100000
101100110110100000001001100010001
101001101110100000000000111011
1010010011001111
100010000101011100000010011111001010011100101101000000
1111
0
100100
10000010010
110111
1001111011101000001001000
11011
1011100010100100
100110001001111100111000
1110101101110001111101011111
1100110010110111
100111110101111101110011110101111
11111011000110000010001110010001001100110110101000100
10011001000111001001111100010
1101111111101001101010101100100101100011010000010111
10110010110101
10110111000000101110010110100101
10111000100
1011
100001110010010
10000000111001001001111000010000001011011010
100101010111101011100001101011101011010011101011
100001
11101110101
100101010100001011110001010110000
11110000100100000111100001
11110111111
11100100111000110111101
101
110
11100011100101010110001110101100101101100
1001001000111
111100100011011111010101101
1
1101101111
1101100110001001
1010110100101101110
111110001010010011100110001011101001010101111110001000
1011110111000111101000010001111110
101101001011
11010
111010
1001011000011001100101111101001
1001
101100110010100011111001001101
110111100010110110001000000101
10010000
0
110
11000000010011
1010111
111111110100001100101011000000100011111111000100
111
10100000010000
10110101111000000
10
10010101
1000110001001011010001110101000100010
11000000101
100000110110101000000010101110111011100
1110100000011010000101110110100100101100
1001111001010111001000010000001
11
1010101100000101100111100101010001
111010110
11000001001111111110011111101101110100010111
1101110010111001001110110000100111110100
1001000101111010001101110
110101111011001110101101101
100001010001101111101100001101001001
100000001011111
110111101100100010111110100111011010101000111000011
111
1111001000100100101
111001010011100100010110011101010
1110001010100100110
1011000
100
100001000
1110011011
10111000100101000011000
111110111001011111000001101101010
1111111
11010000101010001011101
1010100011110100010100001100111
10001001110
111101100011110011111000011000010
10000001101
1011010100001101101011111
100010010010011101001110100001
1111001110
110
1011001110111111001
1011111000100001
10
101101111100100000010110101110000111001
100100110011001000111000101111100011110011101
101000000000110
111110011010
111011
1010011001001111101000011001
11011101110101010010
10100100
110000000011011010011010110101001
1001100100111011
1101111010101
1100100101011111011
111000001110111
100
101010110101001
10000110000
11100000010
10110001110
101001111001010010101
11011111000101100001000101011010111000001
10000011111101001000000
101100110010
110011011011001100101111000110000001010000110000101000
11001001110000001111100100
100011
100111011011001000
11010111110101
1000010101110011
101000100010011011000010001100000111100101100100101
1110010100100000011101111101010000110
1011110000011001
101010111010111010100000001
11010101101110001010100110011011010001001011110
101010
1001001110
11100110001011011001001001
1011100011111
1000001100
101111010111111111100100001100011101001
11001100011000011000010101011001011011110
100100110
111100111
10101
111101011010101111010101000101000101101001011000
11001
101111001101000010100111010101
1010100111000010010110
1
1111001111010101110011011101110
1000
11011000001011111001010001111100010110111111
100010000010011001010110100101101111
11101111
11010011111111010101100001101010010011101111
111011010011000
1110110
110000110000100101100000001111011100100
110
110110010001010
1111001110110111111111101101
1
10101
11011011101001011100000001
101101
1001111011001011110010101101110010000
1000101001100011
1100001101100111100001
110110010101100011
11111111011001011011001011010100
111110110110011001010111
100011000
1011101101000111110001111101
10010101101001010011110
1010111111110001
11011101111001101110110100110110101
1001101111110010
10100010000011011111000110001001100011101
101100100100111100100
11000001001
101101101010011011000000010
1111001101100100
11
1011011001110100100111101100010000111100111101101111
110101
1010010000011011010111001001001100111101110111
11110010000
11101010110111110101000011
1
11
10000111
111100001011001101000
100100111001011110010
101001110000100010
1100000100110
1101000010
1000
10100001000100011011
110110110101001101111010110001111100011001
10111010111011111000011010101100010101011101100
101010001010011110110111000011010001100110
11000101010010111000001101100
1
1111011000100
10110100100010
1100010101
110010000001100111100000
11010010111001000001100101100001100110111
100000001001111100101011011
11111101011110000010
10101011111001011
1010
1111101101001100
10000001010001011000000000110
1101101111011000000101011101110101010010110100
101111101111110100001001000001101110
1010001010110011101010
1010010110001010
0
11010101101110111110110001
10
1111110011000
1000110100001010101011101001010011101011
1100001001001000001100111001
110111100
1000110010
1000111111111001101111001111111010111
101000010001101110100111111001001100010000100010
11010000011101000
11101110111011011100100010010110111111
10011110000101100110110101
1100
10110111
111001010000111100111
1011101101100000010100
10000111111111000
1001010111010101001001111
1100011100
11111001010000111111000110001111010111100010
0
111001010111
110001100101101001001111011
1100
1001011111010110
1101000111101011001
10010000
1000111100111110001110111110
1100011111111101100000110000000000011
100010010110
110010000001010011000111111
10110000001110110110
1100000011010110001000
0
1110101010111110010010001011100000111
101001111
10110000100110110010101011010100010011001
11000
1010011110011000000100011110101101
111001000100
10001111100
1010111001011100000000011111001110110101
11
111001
11110001100011111001010001
10001110110
101111000110100000000
110
1011111111110
100
1110
1100110011001011
101110100010001111100101
101001100100000110101000000
100101
10010010111111110110
10100101000011010100000111
101110110111
1001101110000010010
11101100
1000100010011000011010101010
1000011011010110101100100100001010000
101110111010101010100011101101001010
1100101001101001111100
11111101110111010000001100001010
1011001110101000011
101010111111001101001001001101010001101001100101111001000
100111110110111101001110000
11001111100100010
1000000100001011011
11
11000111100000111010
11010110010000110111101101
1100001100111111001111100101110010
1
101000000
101101100
1000110010
101010001000001110011
1001001101101111000011000101101001
10110000010100100111011010110110010
110101010111
0
10000101011100100
1001100001101101100011010
10001000000
111000010110100100
1000
101000010011000110111101101010
1010001110000100
11010011010001010100011101100
101011000
110
11111011010011000001000110000111111001111100
101000100010000011011
11111111110110011101001000011010
10010010100001101011001101
101101111
110011010011100
10000110001000001110010110111
111011
1010110000
1010110
10010011010000110000101111
100010111100110100001010000000101110100
1011100100011
11100111111111011011110000000000000101000101011010100111
101
100011011100100000011000010000100000100011000100001010
110101110001111
11111101100111111000010
10011111
10000011000010010100100
101010111
100001110000001
1010110111110
111001100001101111111011100001011001
1000101
100111001000000010000011111011101011100111
1110
101
110100100011
1001000101010111010000001011011100000
101011000100111110101
1010000000110110100110011001110011
10101100
111000110100011010001000000
11110101001010111100100110100
111011110011010000011011000011000
1000101111111000111111
1101010100
10010111000100011011011101001001011110111100
1110101
1000100110011111
110
110100000110111000111011110010
110000010110101100000
101111100
1101110010000111110110101000110
100010100111001011001000111011010011011010100
110111011101100
1001001010000011001101011010111110010110
11101010010110111101011011
101000000001000111111
10011110
11101010101011000100001110010110011101010001
101011100110001001011110
111101001011111
1100000001110111001001001101000010000110101
11101111111
10101
1011011101111010101110000111111110
100010100111111000001010001
10
100
100011010
11011
10100111111011010111101
101010000000101100
1000010010111110100000
10011111011010011001
10110100101011100100100010101101
10110000010101011011011110010001101011000001
11011001001010000000100
100001111010100000110101011000100001010001
1101101001001111011000010000101
1000101111101
1110101001000001010
10100101001000101000110011000111
1100011100110111110001000110110110110110
110010011010
1011100101101
111111011
110101000010101011011110001100110011111
1100101110100
100
11100001101101010100100010011010110010011001110011111
11000100101
1100111000111010101110
11
1010
1000000101101111000100010101101010111110
100111101111101
1000111101000101000
1001111101000010100011000100100
11000100101
110011111
111100
10000000
1101100
101000000001110110110010111
10011111111000111101000
101110010011111010100000111011
1011111110110110
0
101110011100001
1101001011110001010110100111100101
10
101100
100001101011001110100110110011001000010111
10000111100110
1010110100011011011011001
1000010101010010001
10101010111001000001100000011111011
1100010111001101100000001101000111
100000011
101111000100000000011010010111111111000
10100110010100010001011110010000
11011010
110001001000011011011011100111010
100001101111110111010010110000011100100100110
1
10101011110000010110
110
111001001101110010010010000101
111110011011010011110110011110110010001110
10000010100010000001010110110001111011111111001101
101111010
101110101000
101111000010110001110111001001111
110011111111011001000010100
11010100100
1011111000
111001101011110111111100111101
1010101000011111011101001001101101101011011
101111010000011000111
1100011110101
111000011000101110100
11010100
1110111
101101111010011001000111
111100001
1110011101001111000000000111101110110100110111
100100111010000101101111101101000001
100110100100011110000000111111101001010
1001010001001100
10001111001101
11
1000000
11110100000000110
111
0
110001101010110010000010011001001
1110100101110101000010111001
10000100001100001100111
0
10
11
11000101111
1010
1000011000011100001110011110
110100111110011101100110110
1001011010
111111101101110000110110000111000111111
101010011100001110101
1101010
1111010111000101100010001011010011
110010000001000110101010110011110010111011011000
110
1
10011101010110011111010011
101001111110000001110111100000110
1110100011
1000010011111001111
10000
111001111100
1000111111
1011000010101
101001010010100001100000011
10011000000110000100110111000111110011010010
100100000000110110011000
1100011000111100000111001101
111
1000100000001011111011111111000001
10110101000110000100101100000
101111001001100111110100111001111001001110101111
100010110100001001100
1000111001100100110001010011001
11110
1000101101
1010110
101001100
1110111111110110000001010000
1110010111011111011111110001
101111111100101111
11
1111010000110010111001111
1110011100010
1000000110111001110111010010111000
1000100001111001000000111001111000
10010101011000100
1000
101010100000000100101100101001111111111001010001
110010011101111001100010
10001010011100101
11001000010101110010000001011
10101101000
11010111111011
110001101001011100101100101100100111
110100001000101011
110010111010000110100110100
100100110110110011010111100111101110000011111010
101011
100101110000100000010011111001101100001111
110011000100111101100
1000100100001100111100111100000000
10100000100110011010
110000001000110100101111100
101110100101000010100101
1000100000111
11001100000
101111110111110001000000
101001101110011001010001
1010011111010
11101101101111001011011011111100000001101001
11010001111010011101110
1011100100011111101110000000010
10111100110101000011010
1010
100010011101110011100101100101111110
10001000000110000011001101100010001100001
111101
11000111000110010010
10110000100010110
10
11
11101110100001100111101100000101010110
1001001
110011011011010010111100111100011
10011010100100
110001011100111010000100000001010
1011000010100001
11101000100111001001101000110011010100011010011110010
1000010000101011
10
1001011001110110100001000
10011111111111
1011111111111001001101
101011100
101101001010010111100000000011110011
11001101100
100011011010
11111001000000001111101010001111111010001011111001
1011001101111001101110010100111010111010
1010011100001
111010001010
10010000101010001
1001000000000110000100101
1100111000010100110110100101001
1110100010111000011111100000110
1110000
110001011101111111001110100010
10
11011101101101111100010111010
1001
10011000110001111111100100111110110111111001100100
1001100000
0
110110001010001110010010111101
110100111010100110011110100001010011110
11010101111011010001010111011
10011110100100101100
1000100010011100111000001001100111
10010010
100001010010
1111101
1
1000010001101100000111101101
10001101101011000101110001
1011011001101111110000
1100
1100010000111111100011101000010
1001001111110000111101000010101100
111111001111110011
10001000111111111001001110111
110001100001000101011011101110101101111010111
100001
1111101100011000
100
1111001110011111010
11110111
1010110001101011111001011101110001100010101010101
11100101011100000111000
10000001111100100011110010010011100011
110010010000100011110110111001010011111
101101111100110000001001001100000000000
101001011100010
10
101100101001010
100100111111111111000100010000010101010001010000110001010
110100111011111100010010010000010
1110001101111011000000001010111101100110100100100001
11010000
11001011111000001010001110111001101001000
11
0
100
11100100001010110001010001100010010
111010000111110111
111010010
11000111100110001110100000101111
1111101001000
111110
1001010001110010110110100110001101001101
11111110001110011110011
100100101
1101111101
1
111010011011010100100110110011011
110101001010001011001011101110110111001
11110
100111110000011011010101001010011110101111101000010001
10111110011
11010011111100101101
1010011001
1000110000010010
111
1011010010011101100110
101001
10001001011010101000101001011110011110001011110001
101001110100000100111000110100101
11010
10011
1001000010111001
10010111110001001101110000011111100010000101111
1011010111001111100001101011011001
100000110000011
110110100010011111100
110110110111000001
10000101111111100100100110010100001110101
101001
11011010111100111100010101101000111
111101
1000000011111
10110110111001010010010110111011001010
1000011001100010011100010010110111011
101101101010000111000011
110101
11010000010111100111100100001010101111010101
1100000
100
1011000010111010111100110011110011111
110000001110111100011000110000111000101110111110
111111100111001
10111101000101000100001
111
110100111100010010011100000
10001010110001110
10010010101110001100010101000100
0
1001
1110000011111000111101000010001011
1010011001001101
100101000100101001
100100001001010100
11100110111101
100110001010
11111010110001
101000110100000
10011000001100101011001011
110000110
10001011101101
11000000010111010111100011010001101110010001010111101
111001010
1110010100101010000011
11011101111001111
10100001100001
10101110001
100100100000111100110001011101100000111000
1000010000011000100000011001101110101001
100001001101
1111010110100110
10110010001001111011011101011001
100101
11
110
11100010010000000111001101100110110011000000
100111
1000001011100
111011011110100010
10010010000
11
1001011111000
100011
1100100100111110001011101111100000111101
10100110100011
11001110000001011100000100001
100001111001
1000111011010101100
10
1001010000010011110101001111011010011
10001010101
111010111
100100101
10100010011111100111110011
1111001011011111010000100
11110110111010011010101100000000010010
10001100110011011
1
11110110000101000100001111001011011111100101110101000
1000100000000011111000000110010101110
10101000101110011000
11001000
1111011010010101010101001001110001011011001111100101
0
1110000011010001111001000010000
1011010100100101101001110011100101111010011001111101
110
100010110010011111110001000001101001101000
101101111001011111011111
1111100001111011101011010100110
10101011001000100110110111010100011000001000011101
10011000000100001101010101111101100
10010001
0
0
10001110101111110
10001010
1010010100111000
0
0
10101
101100000110111110001
1101111001100000101000010101110
110010110010000110100100011110001100010001111
1101010001000000110111100110001
11000001111
1101100010000011
10010000100101011010
10011100100
0
11001110010010010011001011110001001010000100100001110111
111100000100
110
11
11110110100010110010010
1000111010011101
1111001001110010
10111000111
110001110101001000001101100
1011010
10111001101001110110110011110100011000101101
111010
101011001101100110
10100001110011011001100000010101000
100011100001
100110010100010001111010110111001010011111011101001010
10011101111100110
11011011101111100011000000100011010110111
1010011100011111
0
0
1001011000101000111000000101100110001
10111001000011011
1111010000110100010
110000101010111010000110100100011011101100101010011
101001111100100000
10001101011000100110101001011010110000011100
100110100011011111111011100
1110001111011010010001100010110101111101110
110110010110011111000
1000010000110010010000000110011000110111000000011011000
110
0
100100011110101000110111110100100
1010111101
101110010110110
0
10110000
11000010110011
11111010010011110010100001100000111011000010000011111
1000011101110110000110001010110111101000
110110110110000011001000000001010011101
10010010000000000000
1
101
1010011
111
110001101100010101001100100100111
1110001101000011110110111
110110100001110010010000111001
1000101000111111101100
1110111111010001100111001100101110000001001100000101
1101001101000000100
11010101010001011100001110001111001
11000001111101111110000011010111
11100010010110110
11110101000111110010001001001001101011110110110
101100110100010001101110011111010010011
111110110100101110000000
110111101010011111010011110
1010000001001001100110
1010001000000
10000000111101101010
1110110
101111100011101000111101001011110011
111001
111111110011110100011100
1011101001110
10111100000010010010110100110001111000101110011011110
1111010011010111001001010011111000110101111
101011000110001000101
11001010010001111111000100110110
11001011110000010000
1010000010
110010011101101011001101100111101111111001100011
10100110011011100100011010110100011000001011100
10011110101010101
10010110011100011111000011101110011
10010000000001101110100100
100100111
100011000010110010101100010111000111110110100010001111
11010
11100011111
100101110111001010111100
10010001000
110100001011
11
10011101111110
10111110111100
11111010
0
100110
11
100010110010101110
1111100101110110010011100001010010100100110111
1
10000100
110100101000010001001001001100
100111100100110001101001101001001000110
1000011
101100001011
100011000000100100100
1001000011100100
100100101010100111000100100101010111010001011001
1001000000000001000001011101110000110001
10111000000
1001100010101
1100111011110011011101011010110111111
111111011100100101110101101
1011110110101111111010011000010100011110
11011100011
111100100110
1100011110001001000011
11011010101111000000000100010000
100000011111
11011101100011
111000100110001010010011010101110101101100000
10001110111011110011011010010100111010110101111011
11100000111110101011000
101011110111111010011111100001111
1000111011111100
1001110
1001010001101011010100010
1000110100101001100
1110001011001010100101110000101011
1110000001100001000000111
101111010010101011100100101001
110000011011100001100
1000001001000011010
1100000101100000000100111
0
101101010000010100000
101001000100111111110011010100
1110110011011101100
110001101011111101100111000
11011011100100
1111101101
10001010110010110110101011101000111001
10
100100010011110101100011001011100000110
100001000011100100100011100001001
1100111101000000011001
100101001000011001001
1001000001110
1011101
100000101101
101000100
1000101100000110
1011
1110101001000010001011111010001
1000010111111110111110010110011101111
101000011
10
10011000101101010
1001000000
110100101011111111011101000001000011111111111000
1011111
111001111111000011
1000000101011100000010111001010100000110
10110001000
110110110001110011101110100
111011000
1101101010010111100101010111101101
110100
101011111110111001000
11
10000010100100010110
10110110011100010111110011001101001010011011101
10010
101110111011000101101011101001000101
1011101
10110001110110000101100001000010011
1100100
100111111001110100000
110110100000110011
100000110010100111101100
1000
10000100110100011101111011101010011110011011010110100
10001
1010110111110011001111100001001110
101101101
11
1100001110
111001010001010110101
101101001011111011110100000
110011001001000001110110111001100011011
10001011110100110001111
11010011000110111
1011000101111111111
11
1011111011000111111100
110001010111010011001110111001011
1110010011011111001000100000
1011111110
10010001111100001110010000
10
1000110001111000000010010100000
1100100001001011010
1010110010001010100000110010111101
100001111110100011011
101000001110111010010010010101101010011001001
10111
10111100
10011011
100001101101
1111000110
10001000111110
100000010000110
100101
101010
1100110100001111
1001101011
101010011010000010010001111001101100
1101011010111111111101001110000001100111010010101111
11100011001110001010100011011000
11100100110001
1100
1001011001001001110100000000110001011101
10001111101100011111101011010111111001011
1100010110100101100000
110011001
1010000010001111010010011110001101
100000100111011100001010000
10001100011100101110010111110000
10111000101000110101100010
11
101010101111011000100110001110111011001110000010111
1001001
10100010100010100001000011011
1001111110110011001100010000001100011100
111101000010011011100
111100000100001110110011110010110101
0
11
1010001000110100100
11100000
1001000010011001010101011
100100110000000110101010110000110000110011000
0
101111101011000110
1011010000
100101110000111000011111010110110001
11110110110000010010101000001101000
100
1100111011100011101010
10011010011010
11
10111
11111101101111001101110010000
111
10000011
