111101111110001000110100001010111011
111111101100111100110
100100
11001000
1100011000101
11001100000000101100001110110011001100011100100011010111
1100010110101000
100001000001001011111
110101110011010
100001011101011001010101010100101101100011
100010101011100011011100
10010011100001110101101
111111000010001100000111010100011
11110011101111011101
100101
1000101001011010011101110110010011
110
11011
110101100010111
11101010000101011100001010001011010111110111111
10101101001111010001000
110100011100001100001011000010010110001
1000100101
11
1111101100
11
100001001010010100101010000101011
11010100001100001100100001001101000110011011
10001100001000010010
1110000110001101000011
1111101110011010100110110
1010011011111110000011010011
1010110111110000101011101100011
110100
11001111001
1001011111001011101100011111011111111
11100111100100
11
100111000011
10101111101101110011
1011110110100110101011010010
100110011101011001100100101111110101101110
1011011111001010101
100010111111101111010111100100000
101001000111010101011100
110000111001100
11111110110110001
100010101111010100001100
100111011110
11001
110011101011011101101010110011010
10110
11000010111
1001010
101100001011101001
1110000
1001111110100100
1
1011001011010011111111
10000100
11011000101011101110011000100
111010010101110110101010100001001
11101011
0
111100011111100
1100011111
101000
110001110111010111110111010100001001011001100110000010
111010100101101000010110
110110110010
1111000000
1001010111101111010101010111001110
101101010
11001
100010010010001110110110
101100101101011100001011101001100110100010
1001101111000101001011100110101000101101
100010101111
1010
1001011111011010111
110001000111001100001010010110010101101
11
1011010010001000010100101011110011110100
100111010001000101010001100111111111100111110100
101110001010011110110010110100100100111100000010
11011000111101010000111000001111111000111010001
1100111010001010000100111000101
110000
11110011000011101011011001111001111110000101
110110111
10111010001111111000011010
10101000010111111011000110
11111010000000
11011010
1010100001010011100100001010101100010
11001010011001110011100000110101111100
110110011
1111110100110
1010110111111100010111011
11000111101101100
