286517
191284
273021
14424
4046
206337
67848
37680
77756
225750
119345
208257
199917
24370
207773
264739
198345
229441
267383
76885
207773
14045
15407
157549
255548
171806
104321
245520
85063
39946
229441
176848
227742
203549
187371
230628
214132
58851
77094
286446
89950
192411
301118
286660
20850
10971
58679
216442
240233
24768
95307
145597
142104
108506
107346
201791
86536
212673
145351
269252
251264
78345
144328
180094
85063
136640
214691
294902
193316
286517
87588
280724
283631
87180
267898
3114
201315
130780
25927
139198
152571
120449
90969
99381
227742
197269
301118
11294
107346
144793
87497
163920
24893
228313
41221
104664
67154
59776
206070
64245
46810
95898
44646
28450
181951
114836
136991
185949
245016
266409
24768
203117
191960
112306
105186
119217
113674
104321
234379
27774
55263
21376
189238
183997
55759
33562
286446
222606
92767
297195
284397
242732
92456
133488
78425
80017
54193
212004
260064
102546
282839
89440
2934
175610
6519
214351
98151
120449
18282
31439
253645
178404
156572
140334
58679
16280
278952
148625
238291
178893
144820
221596
117674
42249
159753
192293
116305
212119
208920
183697
13135
190790
268575
120932
64842
273892
32994
159203
201153
51078
296375
150892
30496
150892
97642
88277
271139
79522
234979
210268
253107
185419
236681
70250
224216
95307
259264
41792
6519
271139
220750
18980
161473
296627
137418
222606
269631
273938
84789
172207
25196
80178
127406
160270
32994
221656
246773
4762
299268
285439
19600
249214
172228
255805
121395
94645
50572
185419
239841
160537
156099
265387
179938
17369
260438
119871
239495
229800
201153
127406
206249
30087
7602
30874
188709
41479
253800
134388
149156
56749
224589
169499
107063
94773
121395
227026
294079
273830
216442
38889
134388
75509
2934
116305
194158
71698
42237
238861
104021
240498
66351
113674
268156
74036
144820
156827
215723
203117
95898
67589
256700
21376
37080
64842
218788
156827
95169
18980
132029
11681
160842
72976
189210
164408
186326
85222
37080
224696
21376
139898
166844
189210
255805
133763
259264
204716
95073
279394
104330
190259
149160
167286
210268
186491
32994
233174
147122
232429
253046
86081
244779
110007
152208
133193
82692
37080
19907
219967
261052
39946
167650
230186
32680
119345
66067
97105
128978
157961
80017
38367
152208
224216
203549
168832
215485
41792
100091
64045
272423
155308
144793
22992
74419
296375
258525
256524
137418
275940
178088
204730
121821
42237
134976
153120
264169
2934
250791
92767
264983
25624
233863
117098
56749
242732
282846
78345
281239
85063
136640
60673
44489
87305
83811
112969
186566
38889
176511
24107
120932
50276
31793
241325
194158
167286
93700
263098
169520
147668
57036
133488
174205
288552
56175
31439
229612
37080
104895
17825
222619
48635
78943
264983
236834
260202
185026
122731
103540
58679
251264
222391
211502
280015
164408
104021
253046
63628
69487
222606
208920
227026
160842
185419
23016
215073
215485
58286
252411
126955
76575
175610
275940
255139
244779
214351
214351
128045
139898
16928
184808
194995
239304
93700
279436
207932
196690
229800
267572
72128
153153
177563
101965
119217
166352
123184
32680
83066
181002
282481
9940
58286
260438
93029
9546
204730
109304
28450
30139
251834
45108
19063
144820
88366
109304
124664
294775
111725
160270
68744
285956
118421
241325
88296
236219
104330
210268
267997
288552
193316
57758
103887
250614
16533
513
258525
25624
109723
285439
55558
62142
135335
74409
8993
221596
286517
239100
22602
99104
98284
88277
190259
21934
133580
274563
257248
44489
185419
223196
136797
80218
87180
46810
132244
100419
47089
89950
124664
155308
181951
282839
21934
119871
159203
135873
146528
253046
180917
169005
154704
84490
60265
45048
101300
191887
19605
57932
39382
8257
87254
176511
87180
171806
24893
22107
77390
71250
215275
2934
29068
200320
91643
154704
19600
56749
94773
165897
5153
271676
30874
158728
158385
89950
201987
258525
87180
218763
120449
227543
226320
9546
207773
116965
283631
229155
137127
58679
103277
156827
167015
236834
57036
