479612
436311
32798
45881
259499
466969
151126
360112
79297
318823
458479
115942
259029
250730
97540
330569
271286
189321
58566
52323
349726
16498
209381
30051
183086
419007
388614
290697
351001
96999
195799
335018
40435
231359
55156
472137
368226
207623
11232
451592
199952
469281
70458
127317
389120
177465
458479
159795
36202
195799
384945
384945
381956
87143
87143
62328
17773
160867
29416
368584
434538
395053
378115
154960
301205
429863
126711
173585
316052
136870
121126
12168
285787
368945
139482
177465
225190
277736
8911
261287
467710
393988
144333
350489
166801
411280
85729
186204
71868
118293
233395
11232
197114
102744
341459
495783
221752
468965
167936
30825
285229
465820
42597
67443
337279
188197
414832
57333
135236
97540
316961
98163
178861
135236
130108
340696
230759
395763
202121
300093
197279
423307
487044
388614
214653
329824
383864
424286
472137
232945
460923
428363
195799
3594
179667
28322
362640
88729
265836
838
372017
256698
282428
48879
388145
82870
65598
111982
487899
268292
84598
355835
195799
256698
419765
400043
259786
311269
334551
234848
217035
293773
163537
402381
472137
338397
106747
14300
104275
370569
14955
480662
301205
470478
210560
192324
59432
276127
479634
225956
37304
251857
259499
403746
500163
183599
487044
259499
167936
495414
162753
378115
464432
326472
286446
433646
338397
70717
449062
444735
116914
139420
99775
416807
107466
314785
287217
346839
266707
439458
248714
475609
191484
500897
381956
191232
354017
368584
117765
22292
40486
282997
397639
5090
282997
360115
440737
296039
106348
69264
415028
235227
213714
23881
328162
497830
12371
108874
19497
448147
55156
267294
422459
415570
436311
311710
285229
470594
354390
400043
493939
395053
358519
69993
76425
321012
104613
22310
111996
223578
271422
32798
123855
155103
238673
450303
153515
417292
244689
175425
370569
470594
108304
299118
389120
232229
286446
176793
201313
319450
256860
194593
389744
111982
435381
470594
429863
46740
172636
229293
440406
436100
430228
67443
88058
170990
197682
417420
269051
430967
89573
316030
402958
381036
108874
472137
106348
71868
147095
310132
67157
397259
179667
458479
194593
111982
100503
123855
162753
277736
25797
282037
388614
460923
348646
482798
305037
42597
78073
69896
155103
350965
382770
242501
241224
175425
214653
22074
417420
355854
332387
489820
430748
186204
121126
125857
296478
234284
424015
133510
4683
452803
411739
70458
85205
436100
55931
393430
159212
315452
139482
316030
167351
204837
51728
397639
49779
266878
417630
470630
296578
424286
460923
406100
287916
80628
34361
264042
490616
136993
391667
495354
272323
484574
64906
356837
94355
296478
426619
261287
286479
71263
70717
450303
447580
299576
28322
500163
61899
126711
470478
34361
237077
102744
441379
19099
366869
154960
281062
354626
470143
349612
27023
244047
336408
273074
277102
106348
246870
207920
366871
27846
452652
436601
479612
399331
243368
187640
74652
475102
313138
229293
190485
43549
334357
307172
62328
374172
461658
342010
237802
102744
194593
433646
347111
204913
381036
297543
313138
122897
183086
353284
153515
132339
470594
309871
216054
383864
493321
466689
360112
479634
194174
229955
23938
23277
31237
267294
73098
171729
282997
483799
279886
472137
417292
300093
350366
304422
276127
338415
99113
451953
197114
260576
81568
167351
246549
473583
232945
407285
437784
269051
389120
130108
491256
85205
333092
22310
352193
402381
366871
135236
389120
322826
286446
488292
296578
314067
467710
69993
152113
71709
23881
22074
332787
286479
360626
253243
431731
85205
337046
375042
354017
229955
188197
347575
492248
194593
45881
22292
276517
84598
336408
340696
408025
295383
330569
211205
102744
296578
453375
430228
368584
477513
455341
374976
267295
495414
301445
203707
81568
134516
256768
115041
357979
111491
139482
27846
480368
360626
50484
259029
451953
382770
275308
38484
183086
96834
420316
463340
72683
378115
395039
118817
32798
29416
176761
297543
203940
473583
176761
463239
106348
97344
77202
146613
390357
226748
177890
372892
265571
397639
307172
388614
286479
76278
426619
139482
354390
30717
282037
426626
407285
181537
233365
441379
381757
398751
414112
79812
374976
270477
46731
164820
46705
303963
311269
436311
204913
161247
490616
463340
62098
296039
351001
23881
51638
460192
340696
404742
491256
118293
16498
74475
298503
248283
199245
354626
322826
111491
437784
372069
57333
164820
36202
97344
466731
347111
222397
171171
7106
210560
308934
251563
183599
161247
272323
236580
296478
105571
316961
287916
235227
332387
38484
207337
254190
241829
61761
251857
350366
1818
118293
80628
341094
159067
190485
308934
3594
401054
152901
191215
289246
460192
429125
144333
296478
205715
52323
87143
488171
366130
56851
221752
371358
90676
417292
298503
335449
481640
44308
357979
161247
341094
442388
1818
499179
130108
484574
182178
216874
136365
41952
181258
275426
475102
323233
69264
352193
372069
163899
18566
414112
223578
241224
466689
317703
335449
267295
149223
317909
484574
9686
153515
327718
452803
332387
1426
265836
492248
183599
151126
305713
395763
328935
74652
372892
327228
147717
401054
373466
312200
418378
292952
207920
337046
430015
21306
170990
372892
346839
161247
356837
30825
315452
359426
485392
321787
360115
418378
313127
222685
71709
292952
114557
74279
368584
170990
397994
18566
254190
279886
4683
174975
250730
213714
187062
353284
405243
350366
235227
257512
12168
84183
287217
1426
126663
446053
322703
490821
369052
308934
383568
117765
94355
2096
199245
145275
347111
93046
340589
89704
51728
345415
441597
471682
236851
126663
329824
137677
477513
58566
69896
167936
325842
31237
169308
449523
479612
164930
113577
25822
147095
1818
147095
417630
183599
343058
67488
25822
115041
405243
298503
171729
424746
246870
320531
162128
44979
146613
475609
202825
380157
227723
364169
207623
257951
212061
155802
408017
370569
446875
433646
197279
449062
80628
114557
307172
98163
359426
8911
226748
443981
308038
67488
373466
230489
384945
216054
444735
32029
363596
145962
84598
82839
12168
295383
18874
224231
125857
424746
271385
73156
364647
463340
205715
125857
259786
8150
235991
295188
196446
127309
244720
180663
199245
112414
398751
263187
3594
24734
468309
367990
173727
59432
132013
187062
351959
152113
76278
157506
76825
348490
237077
444735
487044
430015
254190
415570
115942
155802
217661
314067
285787
453375
489292
158123
251584
67157
413205
255341
86253
383568
116117
267080
116914
256603
119627
149223
399331
204913
306371
160867
229955
36496
283391
386791
147391
30717
308038
269887
189889
21306
257512
470478
152522
415479
303963
395053
486152
224231
147717
257512
282428
441379
196188
73398
369834
317703
230489
449062
196188
30717
106348
88729
250730
390054
480368
390288
418378
465820
337252
286479
163537
268292
428363
316052
187640
241294
216054
346839
131027
357255
95284
409822
479612
469281
166801
350366
286446
389120
302323
154925
417420
408383
419765
169308
479886
401695
241224
400043
46731
251857
364169
213031
12371
298503
23277
370569
33043
408025
222685
168349
445086
495354
259029
422598
464432
416807
280178
420638
313138
76825
76278
406905
171171
3144
256698
149223
81325
165790
233395
130108
408025
88729
340696
93991
390054
38320
470594
97277
449062
364169
443134
395053
357979
203940
327228
326710
296578
281062
255341
286202
356837
4683
368584
27846
188197
120606
351001
273074
463340
77293
74475
50484
179667
88729
149223
249168
132741
296039
347111
80637
163537
467235
159795
201313
170990
160867
23277
140401
436100
447580
422439
473378
128918
296478
2096
316961
89634
30717
80637
58566
109731
338390
103341
465820
427339
429125
213031
64906
234848
237077
327718
67443
202825
161247
269887
43549
321856
465820
189126
262274
85205
288645
237802
225190
80628
408025
216054
353284
440406
471682
410573
236851
311710
200679
199245
246870
308038
77293
308934
35422
490616
311269
282037
192324
470143
226748
406905
290697
361468
273968
229293
452803
59432
456980
350366
321012
44979
244047
177465
488171
215298
267295
393430
22074
462598
86076
267294
273074
176081
252652
480662
164820
237457
436100
28322
205897
161247
111491
171171
203707
383693
391165
154925
441379
26623
184529
266878
71263
415946
433646
241224
130108
375965
128918
331443
339642
395053
272323
286446
252899
195799
441379
408017
420638
58566
111996
304422
222685
234284
148525
89634
111491
222397
254190
57642
251563
101245
496813
494409
205897
105571
401695
10584
487899
35069
340589
3144
430228
286446
464432
186204
476675
79812
271422
76278
140401
60809
60244
35422
464928
210560
130108
75603
96999
57300
314067
348490
164820
483799
17773
41477
89573
417630
53015
77293
134399
68458
264884
251563
351959
229955
97540
7106
310132
47940
82411
449062
102744
145275
487899
253243
29249
115942
2416
129761
350366
316867
154960
15739
474710
348646
57300
69896
273873
286446
328972
77293
351959
83215
328935
209848
490616
101245
218320
298503
154960
476344
420316
435381
299118
408337
189321
329824
208421
191484
134399
57642
183086
466689
253243
155103
316052
479886
397639
80637
269051
400644
342872
116117
493939
171729
2096
159795
279297
221368
456561
102010
368584
380449
45881
171285
469281
404742
176081
350489
90676
309871
406903
451160
448147
335018
284736
267295
316030
187640
24734
76278
267995
366869
372069
261287
217035
374976
86974
167351
273074
49779
275426
137677
102744
495354
483799
74475
398751
159067
424286
177465
140848
14955
302924
86253
347575
81462
354390
338167
443772
57642
86253
213714
420638
466731
144333
316052
19099
241829
479634
289246
287916
424746
98163
69993
419007
83407
147391
1818
417630
256603
350965
64040
269887
155103
335018
110692
245585
364169
449062
360115
418378
41952
71709
23938
188933
221752
338397
207337
454055
319766
171171
414832
418378
447580
166098
347111
217661
314067
349577
135338
63591
204837
375965
6074
31237
213714
117765
275426
256603
251857
135236
177890
465820
383693
373466
328162
97344
217035
209381
239032
210560
373936
329824
128918
838
493321
154197
218320
479886
181894
26623
224373
55931
400644
232229
82497
291828
23277
35422
42094
443772
349577
391667
408025
238673
272323
410573
12478
159795
117765
417630
41477
495783
422459
349577
496013
415479
2096
384945
73156
