0 0 4473 1446
4634 5915 6987 7896
4473 0 7875 577
5260 2633 6274 3305
6274 2722 7172 3747
3174 1446 5238 2651
7522 9161 8185 9824
7875 0 8454 1012
8376 4388 9720 5731
6890 8668 7522 9473
7172 1815 8315 3178
0 4072 1185 5598
7071 4016 7258 4203
5238 2124 5504 2418
4565 577 5958 1274
2862 4541 4230 5909
4582 3302 4752 3471
3348 7896 8049 8600
1351 9255 3685 10000
8713 3624 9291 4202
8185 8373 9149 9521
2480 1446 3174 2411
6105 4203 7823 5424
8049 5731 8575 8373
7823 3178 8713 4388
2410 8600 3900 9255
7823 4388 8376 5731
8969 0 9933 591
6581 940 7481 1815
1356 1852 2327 2822
0 7805 635 8923
1286 3376 4582 4541
3900 8600 5791 10000
4752 3305 6274 4203
4582 4203 6105 5915
2287 6208 4634 7896
8575 7179 10000 8373
849 3449 1286 4030
0 6812 652 7805
0 4030 1286 4072
8575 6182 9797 7179
4313 5915 4634 6208
2327 2651 4582 3376
4752 2651 5260 3305
0 1446 2480 1852
635 7896 3348 8600
5791 8600 6890 10000
7522 8600 8185 9161
2188 9146 2406 9255
3671 5909 4313 6208
