97 0 84 71 58 45 32 19 6
P 1
S 3 1
S 1 1
S 1 1
S 1 1
S 1 1
S 1 1
S 1 1
S 1 1
S 1 1
S 1 1
S 1 1
S 1 1
P 1
S 3 1
S 1 1
S 1 1
S 1 1
S 1 1
S 1 1
S 1 1
S 1 1
S 1 1
S 1 1
S 1 1
P 1
S 3 1
S 1 1
S 1 1
S 1 1
S 1 1
S 1 1
S 1 1
S 1 1
S 1 1
S 1 1
P 1
S 3 1
S 1 1
S 1 1
S 1 1
S 1 1
S 1 1
S 1 1
S 1 1
S 1 1
P 1
S 3 1
S 1 1
S 1 1
S 1 1
S 1 1
S 1 1
S 1 1
S 1 1
P 1
S 3 1
S 1 1
S 1 1
S 1 1
S 1 1
S 1 1
S 1 1
P 1
S 3 1
S 1 1
S 1 1
S 1 1
S 1 1
S 1 1
P 1
S 3 1
S 1 1
S 1 1
S 1 1
S 1 1
P 1
S 3 1
S 1 1
S 1 1
S 1 1
P 1
S 3 1
S 1 1
S 1 1
P 1
S 3 1
S 1 1
P 1
S 3 1
P 1
P 3
S 4 1
S 1 1
S 1 1
S 1 1
S 1 1
S 1 1
S 1 1
S 1 1
S 1 1
S 1 1
S 1 1
S 1 1
P 1
S 4 1
S 1 1
S 1 1
S 1 1
S 1 1
S 1 1
S 1 1
S 1 1
S 1 1
S 1 1
S 1 1
P 1
S 4 1
S 1 1
S 1 1
S 1 1
S 1 1
S 1 1
S 1 1
S 1 1
S 1 1
S 1 1
P 1
S 4 1
S 1 1
S 1 1
S 1 1
S 1 1
S 1 1
S 1 1
S 1 1
S 1 1
P 1
S 4 1
S 1 1
S 1 1
S 1 1
S 1 1
S 1 1
S 1 1
S 1 1
P 1
S 4 1
S 1 1
S 1 1
S 1 1
S 1 1
S 1 1
S 1 1
P 1
S 4 1
S 1 1
S 1 1
S 1 1
S 1 1
S 1 1
P 1
S 4 1
S 1 1
S 1 1
S 1 1
S 1 1
P 1
S 4 1
S 1 1
S 1 1
S 1 1
P 1
S 4 1
S 1 1
S 1 1
P 1
S 4 1
S 1 1
P 1
S 4 1
P 1
P 4
S 5 1
S 1 1
S 1 1
S 1 1
S 1 1
S 1 1
S 1 1
S 1 1
S 1 1
S 1 1
S 1 1
S 1 1
P 1
S 5 1
S 1 1
S 1 1
S 1 1
S 1 1
S 1 1
S 1 1
S 1 1
S 1 1
S 1 1
S 1 1
P 1
S 5 1
S 1 1
S 1 1
S 1 1
S 1 1
S 1 1
S 1 1
S 1 1
S 1 1
S 1 1
P 1
S 5 1
S 1 1
S 1 1
S 1 1
S 1 1
S 1 1
S 1 1
S 1 1
S 1 1
P 1
S 5 1
S 1 1
S 1 1
S 1 1
S 1 1
S 1 1
S 1 1
S 1 1
P 1
S 5 1
S 1 1
S 1 1
S 1 1
S 1 1
S 1 1
S 1 1
P 1
S 5 1
S 1 1
S 1 1
S 1 1
S 1 1
S 1 1
P 1
S 5 1
S 1 1
S 1 1
S 1 1
S 1 1
P 1
S 5 1
S 1 1
S 1 1
S 1 1
P 1
S 5 1
S 1 1
S 1 1
P 1
S 5 1
S 1 1
P 1
S 5 1
P 1
P 5
S 6 1
S 1 1
S 1 1
S 1 1
S 1 1
S 1 1
S 1 1
S 1 1
S 1 1
S 1 1
S 1 1
S 1 1
P 1
S 6 1
S 1 1
S 1 1
S 1 1
S 1 1
S 1 1
S 1 1
S 1 1
S 1 1
S 1 1
S 1 1
P 1
S 6 1
S 1 1
S 1 1
S 1 1
S 1 1
S 1 1
S 1 1
S 1 1
S 1 1
S 1 1
P 1
S 6 1
S 1 1
S 1 1
S 1 1
S 1 1
S 1 1
S 1 1
S 1 1
S 1 1
P 1
S 6 1
S 1 1
S 1 1
S 1 1
S 1 1
S 1 1
S 1 1
S 1 1
P 1
S 6 1
S 1 1
S 1 1
S 1 1
S 1 1
S 1 1
S 1 1
P 1
S 6 1
S 1 1
S 1 1
S 1 1
S 1 1
S 1 1
P 1
S 6 1
S 1 1
S 1 1
S 1 1
S 1 1
P 1
S 6 1
S 1 1
S 1 1
S 1 1
P 1
S 6 1
S 1 1
S 1 1
P 1
S 6 1
S 1 1
P 1
S 6 1
P 1
P 6
S 7 1
S 1 1
S 1 1
S 1 1
S 1 1
S 1 1
S 1 1
S 1 1
S 1 1
S 1 1
S 1 1
S 1 1
P 1
S 7 1
S 1 1
S 1 1
S 1 1
S 1 1
S 1 1
S 1 1
S 1 1
S 1 1
S 1 1
S 1 1
P 1
S 7 1
S 1 1
S 1 1
S 1 1
S 1 1
S 1 1
S 1 1
S 1 1
S 1 1
S 1 1
P 1
S 7 1
S 1 1
S 1 1
S 1 1
S 1 1
S 1 1
S 1 1
S 1 1
S 1 1
P 1
S 7 1
S 1 1
S 1 1
S 1 1
S 1 1
S 1 1
S 1 1
S 1 1
P 1
S 7 1
S 1 1
S 1 1
S 1 1
S 1 1
S 1 1
S 1 1
P 1
S 7 1
S 1 1
S 1 1
S 1 1
S 1 1
S 1 1
P 1
S 7 1
S 1 1
S 1 1
S 1 1
S 1 1
P 1
S 7 1
S 1 1
S 1 1
S 1 1
P 1
S 7 1
S 1 1
S 1 1
P 1
S 7 1
S 1 1
P 1
S 7 1
P 1
P 7
S 8 1
S 1 1
S 1 1
S 1 1
S 1 1
S 1 1
S 1 1
S 1 1
S 1 1
S 1 1
S 1 1
S 1 1
P 1
S 8 1
S 1 1
S 1 1
S 1 1
S 1 1
S 1 1
S 1 1
S 1 1
S 1 1
S 1 1
S 1 1
P 1
S 8 1
S 1 1
S 1 1
S 1 1
S 1 1
S 1 1
S 1 1
S 1 1
S 1 1
S 1 1
P 1
S 8 1
S 1 1
S 1 1
S 1 1
S 1 1
S 1 1
S 1 1
S 1 1
S 1 1
P 1
S 8 1
S 1 1
S 1 1
S 1 1
S 1 1
S 1 1
S 1 1
S 1 1
P 1
S 8 1
S 1 1
S 1 1
S 1 1
S 1 1
S 1 1
S 1 1
P 1
S 8 1
S 1 1
S 1 1
S 1 1
S 1 1
S 1 1
P 1
S 8 1
S 1 1
S 1 1
S 1 1
S 1 1
P 1
S 8 1
S 1 1
S 1 1
S 1 1
P 1
S 8 1
S 1 1
S 1 1
P 1
S 8 1
S 1 1
P 1
S 8 1
P 1
P 8
S 9 1
S 1 1
S 1 1
S 1 1
S 1 1
S 1 1
S 1 1
S 1 1
S 1 1
S 1 1
S 1 1
S 1 1
P 1
S 9 1
S 1 1
S 1 1
S 1 1
S 1 1
S 1 1
S 1 1
S 1 1
S 1 1
S 1 1
S 1 1
P 1
S 9 1
S 1 1
S 1 1
S 1 1
S 1 1
S 1 1
S 1 1
S 1 1
S 1 1
S 1 1
P 1
S 9 1
S 1 1
S 1 1
S 1 1
S 1 1
S 1 1
S 1 1
S 1 1
S 1 1
P 1
S 9 1
S 1 1
S 1 1
S 1 1
S 1 1
S 1 1
S 1 1
S 1 1
P 1
S 9 1
S 1 1
S 1 1
S 1 1
S 1 1
S 1 1
S 1 1
P 1
S 9 1
S 1 1
S 1 1
S 1 1
S 1 1
S 1 1
P 1
S 9 1
S 1 1
S 1 1
S 1 1
S 1 1
P 1
S 9 1
S 1 1
S 1 1
S 1 1
P 1
S 9 1
S 1 1
S 1 1
P 1
S 9 1
S 1 1
P 1
S 9 1
P 1
P 9
S 2 1
S 1 1
S 1 1
S 1 1
S 1 1
P 1
S 2 1
S 1 1
S 1 1
S 1 1
P 1
S 2 1
S 1 1
S 1 1
P 1
S 2 1
S 1 1
P 1
S 2 1
P 1
P 2
