10 10 10 10 10
10 13 23 11 13
9 13 32 10 9
9 24 56 11 24
9 24 73 13 17
9 24 90 15 17
9 24 114 17 24
9 24 124 15 10
9 24 145 17 10
9 28 173 17 10
9 28 193 17 10
9 28 212 18 10
7 28 219 17 10
7 28 234 17 10
7 28 247 17 13
6 28 253 16 13
6 28 261 15 13
6 28 272 14 13
2 28 274 13 13
2 28 289 14 15
2 28 297 13 8
2 28 308 13 11
2 28 319 13 11
2 28 331 12 11
2 28 358 13 11
2 28 364 12 11
1 28 365 12 11
1 28 381 12 11
1 28 408 13 11
1 28 433 13 11
1 28 434 13 11
0 28 434 12 11
0 29 463 13 11
0 29 478 13 15
0 29 502 13 24
0 29 509 13 24
0 29 510 13 1
0 29 538 13 1
0 29 542 13 1
0 29 544 12 1
0 29 550 12 6
0 29 553 11 6
0 29 578 12 6
0 29 593 12 15
0 29 593 12 15
0 29 593 11 15
0 29 597 11 15
0 29 626 11 15
0 29 649 12 15
0 29 662 12 15
0 29 680 13 15
0 30 710 13 15
0 30 722 13 15
0 30 746 13 24
0 30 748 13 24
0 30 755 12 24
0 30 776 13 24
0 30 787 12 11
0 30 792 12 11
0 30 812 12 11
0 30 815 12 11
0 30 831 12 11
0 30 851 13 11
0 30 872 13 11
0 30 899 13 11
0 30 926 13 27
0 30 932 13 6
0 30 948 13 6
0 30 970 13 6
0 30 998 14 6
0 30 998 13 0
0 30 1026 14 28
0 31 1057 15 28
0 31 1085 15 28
0 31 1090 15 28
0 31 1098 14 28
0 31 1104 13 6
0 31 1129 14 6
0 31 1141 13 6
0 31 1153 13 6
0 31 1158 13 6
0 31 1186 13 28
0 31 1216 13 28
0 31 1222 13 6
0 31 1228 13 6
0 31 1230 13 6
0 31 1236 13 6
0 31 1244 12 6
0 31 1257 13 6
0 31 1265 12 6
0 31 1267 12 6
0 31 1289 12 6
0 31 1302 13 6
0 31 1328 13 6
0 31 1337 13 6
0 31 1360 13 6
0 31 1366 13 6
0 31 1382 13 6
0 31 1397 13 6
0 31 1411 13 6
