39 6.125687788933 1.588266046202
72 6.125225067531 1.579029037904
35 6.120055394569 1.497997853125
74 6.116700451986 1.456976911107
3 6.102442957170 1.322574622389
37 6.021663793383 2.507350518169
56 5.983486825066 0.696309611100
41 5.965691088818 0.624236555865
65 5.931021584157 0.489915188316
18 5.922726529267 0.458714271185
53 5.898228324000 0.368182186950
5 5.882916590670 0.312606497847
45 5.861795648490 0.236917600669
76 5.849278498235 0.192477098039
23 5.794493116619 0.076574860606
44 5.794493116621 2.919298670547
42 5.794493116621 2.915818693028
59 5.794493116621 2.892674834877
28 5.794493116621 2.595655901944
26 5.794493116621 2.426396360894
92 4.872741911608 1.730432342084
40 4.872597512474 1.707913127673
16 4.872265830224 1.791650374612
68 4.870777461583 1.629112879608
88 4.869295844182 1.879645824283
78 4.854938028248 1.403134455588
49 4.793017380515 2.400598666597
58 4.790929237309 2.409121009114
87 4.739098378888 2.595322470194
25 4.603758790792 0.231934296284
63 4.589507815254 3.011853782228
60 4.568877822027 0.108707304403
17 4.537856055184 0.098299218584
77 4.537856055184 3.056537018977
27 4.537856055186 2.970934427281
82 4.537856055185 0.383196265761
71 4.537856055185 0.412793969734
89 4.537856055185 2.696317060991
6 4.537856055185 1.339334237137
79 4.537856055185 1.895315711471
55 3.630067189922 1.592436077568
38 3.625182924256 1.957285707078
96 3.622071677522 1.470889669595
57 3.614423076455 1.390377908067
32 3.601372084394 1.281875746712
98 3.598460859652 2.180805175043
14 3.485726469409 2.640317713835
33 3.430023380459 0.470404979684
15 3.405015185356 0.377717315008
100 3.375165610816 0.269732549965
52 3.298672286269 2.933541542013
81 3.298672286270 0.342115516052
66 3.298672286269 2.849781922445
62 3.298672286269 0.566724887939
22 3.298672286269 0.690713726166
85 3.298672286269 0.693685427318
84 3.298672286269 2.634926894368
54 3.298672286269 0.966638250362
51 3.298672286269 1.052607103138
19 3.298672286269 1.644889005855
69 2.182031979824 1.605404516506
91 2.179324195143 1.918066262027
31 2.157339146983 2.131605296777
11 2.157230990355 2.132360165653
99 2.140679725746 1.198143255418
95 2.138125562265 2.247917634182
90 2.126489604068 1.111408192930
4 2.116063763127 1.053158758014
43 2.093775806235 2.446052544937
2 2.072683671051 0.840855545015
7 2.066075577414 2.546198272273
64 2.043539683331 0.714942527997
50 2.038613483933 2.635616499822
75 1.985306562929 2.791735687064
86 1.934797551371 0.299363233405
80 1.850049007115 0.040979374373
20 1.850049007113 0.188266546586
13 1.850049007114 0.269727920101
1 1.850049007114 2.654903783365
97 1.850049007114 1.624872418759
30 1.032670273125 1.784064667157
93 0.993378772434 1.228833819674
67 0.993255685592 1.227996153101
10 0.963715395776 1.050829962800
29 0.929134215624 2.493575117877
46 0.914080060869 0.811076023560
34 0.855490994778 0.569773747762
48 0.816967863091 2.836707066574
9 0.760854913910 2.983687504577
83 0.698131700796 0.106726581758
24 0.698131700797 2.928421694283
94 0.698131700797 0.357432642127
61 0.698131700798 0.439371552022
8 0.698131700798 2.654562576667
12 0.698131700798 0.676000183293
21 0.698131700798 2.580063233580
70 0.698131700798 2.335982914343
47 0.698131700798 1.487564919216
36 0.698131700798 1.563539907068
73 0.698131700798 1.572550160829
