1 0.000000000000 0.000000000000
15 0.000000000000 3.141592653590
40 0.570109718444 4.449288585035
32 0.208877751301 6.036794345794
35 0.699479120006 4.428518347519
82 0.369585640281 5.934439579387
84 0.828674233257 4.407835367334
36 0.522316435512 5.855695190755
52 0.957692047081 4.387232365399
83 0.670895314207 5.789136936294
47 1.086529208671 4.366702130269
7 0.816805408054 5.730343315863
8 1.215182008517 4.346237490820
62 0.960807892010 5.677048358305
85 1.343646363013 4.325831288751
57 1.103355126138 5.627906858424
95 1.471917794492 4.305476350598
72 1.244741878226 5.582042859790
14 1.599991408442 4.285165458957
73 1.385172845033 5.538848239260
43 1.727861867611 4.264891322587
20 1.524796971562 5.497880424411
70 1.855523362652 4.244646545019
42 1.663726580415 5.458805430971
61 1.982969578913 4.224423591277
55 1.802048800914 5.421363857693
4 2.110193658885 4.204214752262
44 1.939832778685 5.385349452455
60 2.237188159729 4.184012106272
77 2.077134426778 5.350594997594
75 2.363945005216 4.163807477075
21 2.213999671410 5.316962673881
13 2.490455431277 4.143592387850
98 2.350466737219 5.284337279990
10 2.616709924199 4.123358010168
45 2.486567798054 5.252621336828
29 2.742698150322 4.103095107077
11 2.622330196085 5.221731473393
76 2.868408875866 4.082793969111
54 2.757777359549 5.191595706565
66 2.993829875217 4.062444341885
80 2.892929505346 5.162151358575
25 3.118947825656 4.042035343549
22 3.027804184986 5.133343438417
2 3.243748186068 4.021555370083
48 3.162416714410 5.105123366747
92 3.368215056594 4.000991985892
39 3.296780516408 5.077447959134
19 3.492331015472 3.980331796559
3 3.430907396274 5.050278606364
79 3.616076928413 3.959560299809
6 3.564807765808 5.023580606970
94 3.739431724600 3.938661709733
96 3.698490826891 4.997322618731
86 3.862372131898 3.917618747904
30 3.831964723048 4.971476204143
46 3.984872361714 3.896412393235
18 3.965236665443 4.946015450809
58 4.106903731193 3.875021579958
88 4.098313038212 4.920916652126
90 4.228434206658 3.853422829734
93 4.231199486997 4.896158036863
23 4.349427846949 3.831589799302
16 4.363900993670 4.871719538701
89 4.469844118122 3.809492718541
64 4.496421939631 4.847582598655
81 4.589637040631 3.787097684555
33 4.628766159577 4.823729994726
71 4.708754115270 3.764365763946
9 4.760936987260 4.800145694231
69 4.827134952305 3.741251835491
67 4.892937294448 4.776814725134
38 4.944709495314 3.717703075328
26 5.024769524103 4.753723063353
74 5.061395680554 3.693656940055
56 5.156435718570 4.730857533581
91 5.177096292269 3.669038428683
63 5.287937543440 4.708205721576
37 5.291694642898 3.643756281999
51 5.419276307636 4.685755896207
97 5.405048484094 3.617697569225
59 5.550452980158 4.663496939842
68 5.516981160012 3.590719740666
50 5.681468203859 4.641418285871
87 5.627268281007 3.562638531685
34 5.812322306539 4.619509862345
49 5.735616749570 3.533208728316
78 5.943015309603 4.597762040874
17 5.841629902565 3.502091873330
41 6.073546934474 4.576165590010
31 5.944745406880 3.468798145175
53 6.203916606916 4.554711632511
99 6.044113904302 3.432571639661
65 0.050938152195 4.533391605885
100 6.138329051058 3.392132598171
24 0.180981024239 4.512197225737
28 6.224694963615 3.344970773567
27 0.310858461170 4.491120451482
12 0.013188567408 3.284564246626
5 0.440568710804 4.470153454024
