40 0.750687693356 4.785574889456
71 0.200958959221 6.226893567198
84 0.735211793802 5.013391267783
27 0.596132962048 5.590283728083
45 1.206385393285 3.930584813268
87 0.960723328027 4.865166285646
14 1.135714306245 4.386423110131
79 0.627947540005 6.122581985375
54 1.429791262316 4.252787968387
50 1.004489374552 5.615770583788
23 1.505581794115 4.386390028918
92 1.616146189677 3.881225345244
89 1.091492775015 5.544508702046
41 0.869811640919 6.252444460777
85 1.482419530534 3.386180167987
29 1.661349834464 4.850552198670
67 1.296132627890 3.189398053327
61 2.039387328181 4.592360884377
5 1.529354834719 6.081447788100
4 1.655640687771 3.209521402480
94 1.970510425590 5.270835730670
2 2.222249648483 4.649796097629
13 2.319727287755 3.493886495479
12 2.471726695278 4.056195432048
90 2.514936736670 3.985192597626
98 2.307239342928 4.863716590736
80 1.935924654744 6.150996795188
15 2.491560082602 3.389688665821
65 2.548669154458 3.413951290548
81 2.516213884611 4.850081491157
97 2.862012467359 4.184577401313
18 2.874224172064 4.305299285911
22 2.760964136518 4.770373975515
59 2.219589746600 6.145074345959
72 2.970949836824 4.381809180983
25 2.807527838061 4.942549050620
47 2.681614631294 5.346411820164
3 2.735638601066 5.299991199421
83 3.293567694132 3.875234020271
10 2.706565961191 6.029238580202
9 3.427298801651 4.100467227713
32 3.467798368875 3.972452598090
74 3.315738514744 4.647053108745
30 3.545281161619 3.687948159391
17 3.301623786251 5.270721389241
57 3.705663779086 4.662891275373
24 3.335165200276 5.771085361266
8 3.472687335093 5.554799521081
44 3.392616375167 3.209335343961
64 3.837439211227 2.752353426071
96 3.423437598601 3.013071954036
46 3.761167661570 1.732603446794
48 3.582429985098 1.349073188931
55 3.580058079513 2.785914804403
28 3.414076481713 2.864489719458
99 3.750117630842 3.206667555213
1 4.217560591530 4.692303573901
93 4.215792513328 5.083124562051
43 3.845433278635 5.977695833718
16 4.556228802894 4.516597737380
95 4.268943060965 5.653237081246
38 4.196741058655 3.168179735182
31 4.936782399903 4.256153068370
6 4.624731871447 5.207618354327
82 5.091308945037 4.524658398536
76 5.273946392669 3.806663715768
58 5.268765828819 3.733910554120
39 5.226737288741 4.582800574080
62 4.980317840828 3.302860938049
88 5.426729835890 4.060734931828
73 5.494693364575 3.849343831994
77 5.371700661465 4.474525010687
26 4.681052273354 3.147327384581
7 5.513820139128 3.916494863219
66 4.787392133119 3.162355702965
60 4.878180121267 5.929667870661
33 5.427020656327 4.703989366488
42 5.262915043558 5.150801662408
21 5.523613143627 5.251746296328
51 5.182866793201 6.216622118141
49 5.669203608557 5.138936499229
68 5.454389251821 5.700554350675
56 5.521531432379 5.983313500788
75 6.273932168181 4.059092433258
69 5.572067018863 6.005842392241
53 6.086770337411 3.415855172239
11 5.892354593825 3.301848748602
86 5.661200186814 5.992430840930
52 0.096759191780 3.443430058265
34 0.265947446729 4.547515271387
36 0.091636856823 5.046636789297
78 0.472499181292 4.353198899014
91 0.403894582118 4.620839534395
63 0.131667931386 5.371097378466
19 0.543289368691 4.327392151982
20 0.548875300573 4.327817450325
70 0.408809573371 4.781876433751
100 0.168979866529 5.788228816122
35 0.641981489821 4.686120176361
37 0.778275271469 4.277965390134
