34 76 46 71 13 2 12 1 56 34 
76 66 66 50 77 38 65 56 50 75 
6 25 26 5 86 84 100 89 73 71 
67 82 71 7 59 6 56 73 58 25 
90 52 41 24 13 39 63 50 6 89 
51 98 64 88 37 23 11 35 61 56 
20 8 66 96 74 44 79 32 72 96 
94 47 85 23 86 33 40 41 46 67 
23 27 5 8 16 55 39 49 28 87 
8 100 19 23 88 32 29 80 17 27 
94 50 76 18 48 6 11 34 77 21 
82 18 58 27 14 7 48 83 30 23 
10 81 32 12 30 60 1 75 34 48 
8 71 43 69 50 36 58 79 77 4 
2 31 85 68 69 65 8 23 91 91 
35 57 83 80 95 35 38 7 97 14 
89 28 27 2 8 25 12 41 64 26 
40 50 83 56 62 70 24 60 85 88 
81 3 61 76 68 12 30 92 62 47 
53 22 58 44 12 95 42 92 7 31 
