25 46 24 73 26 82 63 15 80 85 28 9 89 5 3 61 66 81 15 57 60 40 72 39 27 90 57 50 57 49 24 28 91 70 29 69 66 68 19 17 24 12 78 26 34 52 6 14 61 97 92 100 24 15 42 51 46 40 15 62 34 27 81 39 23 73 52 11 98 60 2 31 24 33 28 22 87 23 72 25 76 61 98 79 2 79 77 15 95 7 24 55 51 50 70 80 47 53 56 4 
19 91 49 90 11 49 77 50 85 21 76 97 33 92 97 56 85 44 9 25 14 89 46 17 1 35 72 16 89 94 70 28 85 20 88 34 51 26 76 74 12 31 72 74 68 18 86 98 95 39 36 31 54 46 20 72 43 97 57 45 37 63 26 3 79 65 62 14 81 1 23 97 41 54 90 49 71 9 41 49 26 79 88 52 58 36 30 48 17 29 57 16 8 80 54 82 61 79 91 61 
85 22 40 81 1 22 99 69 84 98 76 96 1 44 51 67 14 62 65 5 45 59 44 58 68 27 20 27 67 58 16 46 70 20 21 64 96 84 81 45 14 91 60 75 4 8 50 100 14 34 12 30 48 56 26 24 47 91 15 63 70 88 52 14 89 47 19 28 25 90 31 83 38 57 78 53 74 38 4 60 75 76 45 50 51 40 26 39 41 29 51 18 45 11 34 32 78 27 84 7 
39 27 21 61 9 99 44 83 40 21 59 1 16 88 17 24 58 25 57 10 20 92 72 46 96 18 90 16 85 100 20 88 42 10 15 88 93 37 33 47 14 10 36 3 65 16 71 8 40 99 54 96 1 23 74 37 8 87 70 16 1 14 11 32 39 98 25 70 31 30 45 75 65 7 92 27 86 48 50 68 69 2 7 33 48 75 64 55 62 68 19 77 6 12 1 49 92 83 56 47 
51 51 73 6 92 33 10 64 69 74 39 97 45 60 6 40 13 60 14 71 27 61 99 6 64 98 91 33 98 57 94 28 6 19 30 51 48 1 39 14 60 13 14 8 48 27 48 33 13 87 14 73 1 36 53 25 64 8 87 77 39 49 40 14 46 11 15 96 56 60 58 29 94 50 49 75 17 73 98 4 26 98 92 77 51 85 28 64 61 79 74 47 32 55 39 83 81 22 59 19 
46 9 14 13 94 61 87 20 37 38 99 8 33 85 59 18 55 95 70 70 68 1 40 20 73 10 68 49 14 70 25 33 63 85 34 83 51 26 1 43 66 75 63 34 59 79 77 83 32 44 81 70 71 67 83 40 75 41 75 12 84 49 1 92 12 54 9 80 72 70 67 34 42 59 90 40 13 4 22 9 57 77 92 60 73 81 46 19 37 36 8 48 99 83 31 91 28 70 29 71 
92 35 38 24 16 53 41 12 46 7 89 27 34 10 23 55 12 31 44 69 16 96 17 33 82 15 76 95 49 37 25 3 99 38 52 49 93 74 20 15 5 59 32 34 62 28 40 16 92 10 57 14 33 6 44 60 4 95 26 66 73 14 80 86 67 92 77 72 65 72 4 73 14 23 51 41 21 16 95 17 58 63 72 48 8 53 94 44 22 13 12 84 97 50 28 78 41 21 46 79 
85 52 60 79 88 16 21 88 74 67 8 94 91 64 36 8 8 68 71 55 99 25 36 13 13 4 58 15 80 50 79 79 28 25 66 69 53 98 43 29 18 78 22 59 84 98 38 94 71 2 33 4 8 5 93 21 57 64 71 86 27 97 80 76 14 8 63 89 42 7 62 89 96 59 68 27 10 58 81 15 43 60 19 92 50 45 19 97 8 15 52 7 27 99 20 50 94 35 14 65 
99 44 20 83 39 9 77 12 30 50 31 71 59 19 43 74 51 63 58 64 7 18 55 17 67 29 13 45 21 13 36 95 51 96 62 24 45 50 20 18 1 69 62 51 87 55 54 99 43 8 37 69 45 51 75 98 46 32 64 54 99 45 10 22 29 92 78 81 58 48 23 3 92 52 31 77 42 79 40 79 26 68 20 57 17 8 72 84 20 7 94 58 48 59 62 82 58 51 14 21 
61 6 7 27 69 89 52 24 74 63 60 31 64 62 75 50 94 46 16 77 97 90 42 35 25 55 81 35 38 72 22 68 69 13 5 79 50 88 37 61 70 10 89 89 46 24 42 85 32 69 21 57 3 41 27 2 32 90 16 20 10 18 10 30 37 38 92 65 36 31 65 80 97 67 62 42 4 10 47 33 46 12 23 84 10 52 36 75 66 7 71 45 65 63 9 54 55 86 2 66 
79 25 61 97 16 26 63 53 18 60 74 29 52 55 71 7 81 100 3 39 12 64 41 25 58 41 92 33 92 98 59 41 4 14 72 61 96 37 25 59 68 37 92 24 23 87 51 35 30 32 47 17 30 42 26 66 87 14 54 32 44 27 39 9 12 17 10 81 96 7 3 76 43 37 47 51 79 66 64 90 64 76 31 69 89 20 17 50 53 40 86 67 42 60 23 54 21 49 36 23 
98 69 12 8 89 66 12 9 91 31 80 26 89 30 39 56 77 49 41 64 23 10 89 99 70 100 43 48 99 42 7 66 20 96 84 83 32 86 79 93 52 22 32 20 56 60 35 52 10 18 76 11 77 18 75 85 15 34 70 38 55 12 55 98 49 93 71 57 30 98 17 20 92 29 55 37 34 100 24 94 33 86 18 74 22 77 20 93 84 48 4 54 17 30 56 45 53 45 48 32 
89 98 27 17 13 22 53 62 9 75 82 40 56 97 87 51 60 78 30 21 42 61 12 81 41 14 96 19 79 81 59 84 74 58 82 35 40 45 95 7 86 47 56 37 39 36 46 51 44 73 19 87 37 70 41 6 92 10 85 87 32 82 68 91 43 74 64 20 26 37 34 32 16 29 19 92 82 88 91 78 60 71 81 12 94 73 40 73 34 60 100 5 17 95 29 10 96 54 56 13 
7 75 70 51 23 13 20 50 63 70 92 68 50 13 85 49 81 50 24 95 27 40 50 76 22 35 92 64 59 19 32 62 57 23 68 94 34 10 67 18 35 57 75 75 33 38 69 20 43 62 71 8 19 25 84 26 55 46 26 2 3 34 9 87 48 77 95 59 36 26 55 24 37 65 79 93 6 31 63 95 37 76 47 23 11 47 4 63 58 75 3 64 74 47 67 76 59 19 32 78 
86 39 49 73 39 75 18 28 69 75 39 90 40 19 7 8 10 53 43 67 41 71 18 72 24 46 97 16 32 92 89 75 90 52 74 90 15 45 62 34 21 80 14 87 3 10 36 98 93 23 25 93 55 38 91 73 2 100 87 23 24 61 21 8 49 9 99 53 51 41 65 33 97 20 28 30 61 12 79 41 14 19 99 12 100 55 46 12 79 8 17 61 26 61 5 70 64 59 92 89 
45 39 5 58 61 3 95 65 35 49 84 1 17 98 68 82 9 88 7 39 53 69 85 96 5 67 79 94 61 21 57 42 42 6 42 77 4 3 42 70 22 17 6 56 98 79 29 57 50 64 23 87 66 22 3 75 44 38 77 92 81 45 26 25 80 30 62 43 34 16 9 67 72 68 26 38 69 24 6 44 71 14 22 50 28 27 56 90 35 46 60 15 58 7 86 2 80 53 34 62 
17 2 76 79 89 72 29 46 53 17 22 67 40 62 90 43 36 97 62 42 4 74 82 52 71 76 66 50 63 82 40 88 62 78 69 7 68 81 37 26 14 22 13 58 54 17 78 18 81 16 74 67 77 43 43 80 46 37 4 7 82 25 82 40 88 44 42 44 49 19 14 90 67 41 63 1 95 75 13 91 76 65 58 80 23 87 22 79 4 46 29 79 35 85 21 93 95 80 13 35 
70 21 69 71 33 92 92 75 57 79 10 82 58 55 12 74 3 82 46 83 98 47 60 72 4 36 75 44 80 49 5 97 81 1 22 54 70 80 23 37 14 3 79 61 8 75 21 52 58 65 50 90 21 52 3 59 88 91 54 48 48 13 37 71 57 12 31 10 90 66 41 69 58 86 93 81 88 22 93 91 39 21 70 85 83 6 42 74 74 83 93 48 75 36 93 43 68 99 95 23 
66 37 75 98 90 85 31 51 85 1 47 44 99 53 9 34 20 68 62 68 85 86 99 15 93 24 76 51 78 39 94 86 11 60 48 1 48 47 1 79 16 44 68 83 7 64 94 74 49 6 14 59 46 53 33 81 87 24 90 69 34 43 18 94 25 27 27 91 49 62 9 34 7 5 56 50 29 46 93 32 63 32 20 19 52 12 96 43 5 82 77 25 28 89 91 70 51 60 11 52 
62 28 94 75 1 9 79 11 94 47 45 61 19 12 12 91 29 18 96 100 57 9 92 75 15 24 73 6 94 9 20 3 38 99 86 58 86 59 47 72 23 20 39 20 65 28 20 84 92 39 21 1 24 9 3 88 20 45 84 16 36 48 65 40 19 83 96 21 97 83 41 68 77 81 1 39 96 64 85 3 97 50 68 88 39 65 31 33 92 75 69 100 99 36 29 54 63 2 38 38 
80 29 5 97 95 24 39 31 76 49 55 68 29 57 94 15 7 99 33 93 98 80 41 26 82 13 51 14 16 10 70 94 35 64 89 71 64 40 26 87 32 4 85 4 31 18 83 100 6 62 94 54 19 34 23 70 6 40 86 86 20 96 40 25 87 59 81 76 92 44 92 30 98 100 18 90 56 91 25 33 62 19 14 76 44 59 94 41 31 56 70 74 46 94 49 40 34 56 85 60 
40 62 86 93 29 3 29 10 56 1 97 71 81 50 57 99 23 14 2 49 66 87 86 54 96 61 51 2 83 72 25 30 68 69 30 47 31 53 72 78 9 14 48 28 57 72 100 71 5 95 73 38 3 96 96 74 83 18 97 15 92 38 31 20 37 83 93 24 54 9 93 11 38 17 92 19 36 10 85 17 40 60 2 99 76 49 100 80 78 83 55 15 79 88 73 2 36 32 80 45 
13 48 96 44 50 14 2 60 1 76 42 59 93 22 93 8 13 55 16 67 47 70 6 36 13 95 44 60 81 40 68 84 63 25 54 43 67 35 74 82 44 68 62 32 71 1 48 94 10 35 16 60 65 95 69 99 100 10 43 1 13 90 88 5 55 70 84 96 99 96 94 32 70 77 100 97 11 74 18 30 99 40 94 2 37 61 53 85 12 15 79 59 41 78 16 76 46 49 11 15 
59 97 34 45 89 15 68 42 95 44 26 7 10 64 21 1 10 77 75 2 44 94 33 71 5 73 22 7 24 76 68 12 13 99 22 39 12 48 18 41 58 82 13 57 44 22 79 15 76 23 91 24 59 33 37 21 14 58 34 9 40 82 44 59 13 68 79 25 5 48 1 75 25 52 4 81 36 23 5 48 3 42 90 74 30 53 47 87 20 57 65 54 91 89 10 14 10 47 41 90 
15 50 17 87 63 11 81 22 4 15 34 90 99 36 83 56 7 69 39 28 60 70 78 83 95 17 58 8 18 28 77 52 91 19 42 95 17 87 76 89 39 30 12 2 59 95 72 57 92 70 6 53 3 81 13 69 88 72 13 96 80 56 71 76 27 44 52 7 100 37 11 67 36 78 47 89 25 22 22 18 97 43 91 24 92 75 46 57 3 32 84 75 51 22 40 65 87 61 60 22 
98 61 54 17 79 23 51 24 47 58 35 98 91 72 42 22 75 74 78 78 68 99 17 29 59 41 52 1 33 24 72 12 53 22 16 72 51 48 39 33 18 30 50 58 8 53 55 48 45 30 38 41 76 79 81 46 29 49 49 81 29 80 82 9 7 53 16 7 41 3 12 62 24 81 70 79 99 57 58 68 62 61 77 15 39 26 90 59 25 32 42 57 65 91 7 73 42 69 91 85 
48 62 4 96 30 32 83 7 55 1 5 50 35 8 16 31 62 75 9 93 1 15 1 57 18 9 29 81 12 40 71 99 95 11 55 6 90 53 96 53 89 84 34 3 75 70 5 74 41 76 94 6 55 28 58 80 78 34 52 66 47 85 89 56 16 56 72 83 34 32 39 76 16 62 47 48 89 45 56 10 50 22 16 86 34 6 61 39 40 69 69 26 66 71 51 63 7 54 34 85 
85 39 53 65 25 10 28 41 82 45 42 4 54 96 93 57 89 85 95 78 48 41 46 66 14 62 94 22 85 53 90 39 93 51 7 47 73 94 65 52 57 30 31 62 78 15 69 75 57 24 88 67 39 97 83 44 25 31 52 18 39 81 18 70 89 90 87 31 21 4 9 59 57 3 31 46 98 91 71 83 15 6 85 90 13 71 40 21 99 21 76 68 67 40 94 14 83 64 41 20 
53 63 68 67 22 36 60 92 27 2 76 59 30 61 71 17 45 86 41 24 90 88 34 34 91 33 82 64 32 79 2 74 67 6 37 64 40 17 8 69 22 18 96 3 14 34 58 45 84 61 59 3 28 33 66 23 73 53 54 12 49 7 50 28 53 81 47 88 40 75 75 9 28 70 53 5 95 86 64 78 31 1 13 1 76 77 40 54 39 33 37 23 86 31 92 6 71 97 28 18 
32 72 60 39 86 49 17 94 3 31 10 29 57 51 60 83 43 12 45 36 83 27 41 64 27 40 84 72 84 68 71 95 79 24 7 84 87 65 28 20 56 98 51 11 55 28 86 27 68 94 88 78 73 64 41 39 68 64 77 60 96 49 47 58 22 2 2 14 54 48 47 63 28 15 41 44 57 54 41 89 64 73 58 65 90 80 24 16 82 9 94 27 48 17 78 34 91 60 42 96 
47 65 91 97 4 67 92 82 99 73 60 43 14 78 43 11 68 31 76 16 39 67 32 77 12 50 7 94 1 45 67 100 70 97 93 30 55 33 12 37 25 7 57 100 28 85 34 86 2 78 78 18 13 20 84 79 68 20 19 49 96 17 19 39 85 71 64 55 99 66 97 66 50 96 21 94 31 60 21 62 2 3 55 94 44 54 29 69 80 22 70 6 99 15 15 48 37 2 97 69 
86 9 52 14 69 15 89 76 87 17 78 40 5 29 95 86 39 72 35 12 2 72 91 13 30 89 5 82 76 56 79 33 63 37 63 50 12 72 90 51 16 74 2 20 30 97 94 95 58 29 35 97 40 2 78 33 2 86 41 15 41 76 72 80 28 2 82 42 12 43 21 95 87 9 59 56 59 34 61 95 4 45 78 6 76 52 26 35 4 14 1 8 37 35 70 61 25 58 93 51 
96 39 78 59 57 32 70 61 92 90 49 25 1 48 71 46 31 83 86 17 26 44 45 59 41 50 98 62 36 66 6 87 7 64 61 42 68 19 80 72 46 31 56 69 81 75 96 37 93 73 11 4 69 52 2 83 65 86 23 6 37 31 43 21 99 32 26 56 53 28 37 31 65 34 4 61 56 92 32 85 89 94 85 69 41 72 71 29 64 85 39 55 98 80 54 34 81 43 41 5 
42 9 31 81 98 59 98 90 94 73 60 94 18 31 91 93 74 47 87 42 66 93 3 37 22 72 23 35 46 14 16 63 50 23 98 17 96 12 11 27 34 58 62 83 39 89 28 66 11 77 30 15 96 2 12 90 9 79 25 5 1 67 23 51 55 52 71 36 73 82 8 53 17 84 29 99 88 81 46 43 66 36 12 79 6 27 16 1 11 19 49 49 88 91 25 62 6 40 54 44 
38 62 19 65 20 12 85 24 93 18 10 21 48 53 46 68 28 13 28 54 82 8 27 60 92 71 19 2 61 5 60 92 55 19 25 88 17 60 78 95 40 19 29 88 26 10 88 34 13 78 19 22 89 70 96 61 75 100 48 40 8 23 32 35 19 77 4 32 37 20 44 37 85 70 8 16 18 37 53 39 31 34 4 10 23 46 20 65 66 29 56 29 16 5 35 91 17 25 40 73 
98 48 91 21 36 20 36 85 12 28 93 94 69 34 39 67 86 91 85 90 36 10 4 59 62 15 76 88 60 12 16 75 53 65 25 41 69 45 65 54 66 40 13 92 8 41 31 92 87 38 77 28 21 92 42 92 50 12 18 25 87 27 12 38 44 73 70 72 25 6 20 51 99 78 68 9 27 87 31 42 19 71 43 52 98 90 16 25 7 11 67 57 39 44 92 45 52 80 44 99 
79 94 4 91 46 52 13 10 70 28 31 16 41 77 34 80 96 95 22 98 30 18 62 58 95 29 85 28 26 19 88 23 50 74 27 16 43 66 61 8 82 20 51 11 65 60 72 6 38 59 91 38 41 52 17 63 94 67 9 70 74 54 2 18 74 42 57 12 6 72 92 68 44 16 24 28 30 74 10 15 86 55 46 31 94 87 1 40 70 42 13 66 21 15 13 34 49 90 25 4 
17 15 84 40 29 58 20 51 29 92 34 13 27 46 37 45 87 72 61 72 56 25 73 58 32 25 39 62 3 62 44 3 54 88 95 10 97 47 89 80 84 10 14 82 16 45 4 15 21 86 85 59 87 97 69 64 80 89 97 88 83 83 44 97 71 71 44 63 27 34 88 26 56 23 19 78 95 50 75 39 70 62 67 68 18 77 82 18 72 54 62 30 51 42 62 23 93 88 10 48 
19 93 32 57 98 24 50 98 96 48 58 42 19 72 38 6 98 7 76 36 13 66 51 75 56 55 6 23 73 28 33 53 72 55 87 79 33 60 7 60 2 6 34 97 56 8 55 71 80 79 6 84 49 9 85 45 56 44 88 92 5 38 13 96 80 77 79 1 14 28 83 1 14 27 50 8 89 51 96 73 33 13 49 85 87 93 69 41 96 57 89 22 7 35 69 54 2 83 82 97 
60 91 24 65 4 99 49 72 46 50 63 39 72 60 57 64 88 63 16 53 39 52 43 81 49 61 14 62 6 35 23 23 36 23 49 38 5 64 6 51 53 48 45 49 82 6 12 69 70 47 35 97 72 51 80 73 32 86 20 79 8 42 52 47 19 85 32 78 57 41 72 91 67 72 96 75 6 50 40 75 56 17 58 67 55 7 32 3 49 17 3 61 40 19 20 5 14 8 95 31 
76 51 7 10 24 81 17 97 69 98 33 53 50 12 55 97 27 35 52 18 87 68 56 83 72 83 78 32 33 52 39 67 81 50 21 24 91 6 25 81 58 12 77 53 13 34 5 58 48 25 25 18 26 14 25 90 42 1 50 60 69 39 71 90 68 4 44 12 96 84 70 19 10 64 98 87 55 58 67 98 19 82 92 94 83 74 22 51 25 24 2 62 49 22 90 61 19 96 28 91 
91 9 31 48 10 87 31 61 88 81 4 3 69 94 41 52 10 33 65 97 19 99 38 73 6 100 56 56 51 69 85 57 80 14 82 22 77 88 30 70 52 82 68 94 15 11 65 16 77 23 59 9 57 8 6 66 12 85 96 54 53 86 98 54 79 41 99 1 79 69 9 4 95 77 60 70 97 3 76 11 27 22 40 82 12 35 50 50 30 91 86 25 76 24 83 37 65 64 65 77 
65 83 47 66 26 8 37 13 42 92 35 82 34 33 87 31 77 34 56 58 69 49 78 27 5 28 43 12 17 40 17 64 94 82 7 89 33 27 14 38 48 63 59 18 68 19 84 40 47 69 58 97 28 77 57 29 32 69 87 13 29 72 33 46 15 29 78 59 90 27 51 41 12 35 21 30 17 60 10 22 43 43 29 94 78 80 11 11 61 5 75 3 100 89 16 70 14 65 50 55 
69 31 12 78 94 36 78 39 89 69 59 69 33 34 6 39 37 21 76 72 100 11 60 3 96 8 17 54 86 60 29 100 3 28 57 74 51 66 97 58 59 50 10 68 14 22 31 22 57 47 6 32 15 65 51 33 13 75 67 100 26 63 45 14 45 6 41 32 67 12 56 32 56 28 77 75 96 54 7 75 26 20 17 2 44 52 64 75 36 79 12 58 4 75 39 24 73 82 53 21 
23 24 65 79 77 89 89 14 2 43 85 45 30 74 27 52 14 45 56 85 56 32 97 57 49 10 55 55 12 25 46 92 77 1 92 12 38 86 54 98 63 41 28 94 52 10 66 34 4 59 43 88 65 55 63 57 70 45 84 48 54 41 97 67 64 6 62 3 66 41 85 49 24 56 55 49 68 4 89 29 12 34 20 33 17 57 2 84 45 3 85 78 45 62 15 49 63 85 73 39 
2 64 99 21 39 6 54 19 56 18 57 24 17 70 45 82 8 92 82 40 69 86 61 57 16 72 96 43 84 16 38 25 92 83 31 46 69 45 30 63 79 6 49 46 13 46 69 88 73 99 59 59 95 34 46 48 87 10 97 93 40 72 2 34 3 99 44 90 53 25 12 46 9 75 17 16 61 48 62 59 71 16 7 7 99 18 46 27 86 75 34 61 92 93 38 25 88 18 18 72 
54 17 44 26 56 91 10 29 35 9 66 88 6 53 86 35 11 25 98 30 36 61 82 27 22 75 41 75 11 96 27 4 71 67 69 37 28 35 74 1 46 78 85 32 32 34 31 10 39 30 33 14 83 50 64 36 34 82 85 63 45 3 35 57 40 7 25 77 1 19 91 40 50 31 92 54 3 34 90 85 50 25 61 26 45 47 32 95 80 27 47 23 28 64 5 30 88 18 24 70 
4 50 96 47 71 30 37 27 52 57 46 72 22 23 48 96 72 51 69 53 24 85 80 65 80 9 2 61 34 23 7 72 6 39 42 90 35 30 45 75 29 18 80 10 61 28 17 83 78 4 33 44 44 47 1 88 39 39 56 18 93 73 98 92 7 75 26 32 8 86 61 19 91 39 50 6 39 79 4 100 20 20 40 19 18 41 63 71 29 79 60 43 51 29 81 5 42 91 84 88 
86 72 85 33 3 78 61 59 50 83 51 44 6 68 64 48 45 9 85 37 97 3 40 83 6 48 37 10 5 58 70 76 15 100 5 70 10 52 90 26 64 70 25 97 85 17 4 95 16 82 35 32 72 33 42 98 85 95 55 34 2 68 47 78 80 99 80 83 68 20 98 51 18 2 39 71 72 23 75 26 58 97 13 9 97 47 22 11 66 13 57 75 37 15 14 55 26 12 100 59 
25 62 70 70 83 68 70 99 97 47 70 40 25 59 27 26 8 97 91 68 81 94 60 51 18 4 74 14 41 59 65 70 84 19 6 38 79 77 81 38 24 70 27 77 61 50 64 95 97 41 12 96 86 72 21 7 69 1 92 100 38 95 4 82 40 32 36 64 57 91 61 28 82 74 56 82 12 83 26 21 92 17 67 7 90 36 82 17 44 82 95 34 32 40 39 60 67 52 1 37 
19 84 24 60 57 12 75 32 88 15 11 14 19 55 84 36 58 3 64 23 49 73 56 79 73 84 16 60 99 90 60 64 11 28 28 28 94 78 97 10 53 9 51 2 5 62 28 43 97 31 73 46 11 5 38 67 4 94 33 7 83 84 67 33 13 67 95 14 44 24 9 11 89 18 83 35 57 65 86 4 27 53 70 2 66 87 28 32 42 86 75 71 82 66 79 99 96 22 81 77 
65 75 99 10 85 10 64 86 72 91 97 10 43 45 37 46 86 69 73 69 91 72 57 3 5 19 23 73 29 73 82 85 89 49 93 3 63 11 40 39 13 67 59 61 92 29 17 28 97 73 54 59 90 90 36 51 34 83 49 75 67 41 37 11 43 67 6 100 33 81 33 72 85 96 92 20 49 89 10 87 61 83 81 25 18 87 44 4 76 22 29 17 84 34 32 21 92 41 95 71 
95 50 63 94 96 89 28 79 40 30 93 50 1 42 38 65 90 9 81 24 94 66 85 93 88 36 34 97 11 79 82 45 86 16 42 63 41 7 19 26 4 7 10 83 46 37 40 17 95 75 71 26 30 56 75 93 98 84 88 1 56 55 95 68 23 29 42 77 23 72 87 92 19 40 76 75 23 6 95 47 43 79 12 37 62 63 45 45 57 23 72 29 17 7 54 61 10 66 50 68 
74 62 99 65 41 63 70 71 95 87 66 90 91 45 48 18 37 66 2 39 29 40 59 25 26 45 15 1 93 3 50 83 12 74 72 2 82 41 91 92 8 49 36 8 98 44 7 6 6 7 13 15 38 59 7 92 53 87 86 36 37 30 28 85 69 94 89 55 61 51 18 37 19 53 63 45 34 17 26 80 6 14 42 45 58 66 10 67 52 99 89 69 51 98 52 55 70 26 60 62 
34 39 58 19 62 78 38 61 93 44 90 36 18 8 56 39 92 59 97 38 93 1 22 56 82 68 99 13 90 26 71 13 82 43 21 78 12 79 22 3 24 47 75 30 10 71 20 22 78 8 37 65 17 16 1 68 20 45 11 85 30 24 30 33 39 42 9 30 50 44 49 28 65 18 100 5 73 67 35 3 5 82 99 39 75 96 18 30 14 38 7 34 93 79 20 86 6 39 32 66 
59 7 90 72 51 76 12 91 90 44 61 4 97 88 63 38 13 43 51 94 37 100 84 33 62 79 77 11 40 16 95 47 16 81 19 57 96 42 59 42 70 21 55 100 20 54 76 54 88 82 91 6 13 84 84 4 59 13 12 40 65 42 90 89 52 41 9 94 96 20 82 32 55 15 42 35 100 36 4 74 17 85 38 52 97 23 81 36 4 22 68 86 18 85 59 84 41 93 70 82 
57 42 45 60 12 5 96 88 56 20 2 79 29 72 6 45 45 74 33 36 48 47 54 84 60 94 11 75 73 83 71 67 12 94 39 41 87 14 69 64 5 16 59 81 33 49 30 8 64 20 69 98 85 45 15 29 38 87 95 83 63 3 26 55 58 15 86 81 72 42 21 74 26 38 5 4 23 51 80 64 10 55 76 65 12 90 76 36 99 65 41 7 28 17 31 85 39 36 11 10 
67 94 37 83 4 13 3 54 33 67 39 26 96 43 49 1 14 32 49 82 68 19 67 27 23 82 31 56 52 61 41 100 35 11 47 39 76 53 88 57 3 83 84 46 64 80 83 26 26 89 84 3 90 93 67 51 32 38 2 76 87 9 81 38 82 94 60 31 15 55 59 40 93 92 100 94 49 33 42 85 52 88 30 68 48 15 32 47 58 24 19 39 87 32 41 20 77 14 65 3 
87 13 98 39 50 96 19 17 15 64 90 53 96 49 29 98 97 61 77 58 4 78 42 82 60 97 83 52 78 99 50 70 33 53 97 63 43 20 28 78 33 18 76 31 100 33 48 54 56 37 35 5 82 75 40 81 98 79 4 87 27 82 50 29 36 80 66 14 65 75 44 13 84 53 18 33 76 54 94 85 65 19 57 94 3 96 16 83 79 50 48 95 23 78 7 36 66 28 45 98 
50 77 23 15 50 35 21 99 48 88 89 26 32 81 10 34 95 16 56 79 68 52 23 90 52 5 27 89 12 45 41 76 77 57 18 22 65 64 46 43 92 2 47 32 34 22 80 10 87 18 8 39 69 78 40 24 12 79 96 37 35 21 4 40 91 32 6 44 53 68 72 39 52 70 14 24 96 15 31 10 67 75 64 99 67 53 77 55 8 62 58 73 74 95 44 18 3 54 31 32 
93 86 98 24 75 73 5 82 70 64 97 7 29 99 29 35 23 8 1 7 41 42 47 60 92 97 74 92 27 29 30 24 34 74 65 22 41 80 44 79 73 8 73 46 88 9 38 21 55 90 42 90 81 70 20 94 52 92 23 72 98 63 80 50 46 3 96 12 86 79 88 7 90 84 21 61 12 14 53 7 5 12 12 50 45 22 79 34 99 85 64 11 20 29 66 32 75 21 77 17 
79 10 42 40 53 45 76 46 26 28 16 74 98 37 23 56 13 73 53 10 72 87 77 59 58 100 4 49 85 54 5 79 18 23 11 94 13 95 51 23 92 65 99 50 22 93 20 14 49 83 97 36 4 56 60 95 42 6 75 34 15 100 6 13 4 16 62 67 67 61 71 69 70 46 76 2 38 61 1 17 77 68 91 8 12 3 76 35 21 46 85 42 86 35 2 100 43 60 54 31 
13 47 5 16 38 48 5 50 39 94 91 94 51 45 16 97 9 35 36 86 51 31 60 67 73 82 81 88 84 67 12 84 41 56 80 24 54 84 98 92 57 92 46 74 35 25 86 14 41 97 25 85 72 22 51 77 60 88 2 99 92 91 92 22 41 73 3 95 54 93 91 40 21 91 96 7 80 50 7 88 52 48 14 31 13 17 61 76 71 47 30 28 89 1 11 58 97 50 84 20 
31 51 53 82 25 46 87 15 64 75 42 50 58 58 10 90 95 82 60 55 62 87 45 41 42 48 79 38 72 44 10 84 51 56 72 23 44 18 68 66 15 92 54 38 61 1 45 30 48 89 95 90 66 35 53 93 35 29 95 12 18 19 100 77 6 17 1 6 27 18 49 39 2 93 22 10 6 66 68 23 38 45 7 6 13 62 80 86 76 37 46 53 68 82 17 88 56 29 63 6 
26 88 92 31 39 61 31 54 23 27 6 78 49 73 83 33 68 66 87 74 27 76 88 13 24 17 51 76 84 30 49 85 52 77 51 62 63 19 10 44 37 59 73 71 77 17 82 71 75 86 93 57 40 81 76 59 32 51 44 58 99 1 31 77 61 73 64 34 29 43 44 73 4 44 55 27 47 40 8 93 68 15 18 89 21 67 65 48 61 100 50 27 25 72 51 78 62 92 7 78 
95 2 51 18 4 42 32 79 37 15 84 96 9 85 21 21 47 60 51 89 86 83 50 33 24 94 78 41 17 40 53 2 93 70 84 99 41 98 99 71 57 48 47 92 91 91 27 5 21 33 4 42 19 1 4 87 83 95 95 44 6 85 85 35 38 72 97 73 19 92 72 34 98 33 70 96 95 8 56 45 37 48 11 44 21 87 84 74 15 62 36 1 97 55 10 85 89 53 95 28 
56 69 53 69 79 7 91 56 84 3 60 56 34 92 77 10 73 9 98 74 53 70 88 63 48 44 5 34 79 94 33 25 64 23 33 30 65 81 20 25 47 2 50 52 82 82 27 66 61 85 65 97 74 53 99 69 61 47 78 47 28 50 23 36 68 48 8 9 5 64 27 93 5 86 92 97 75 37 40 11 70 88 53 93 74 53 88 3 44 11 57 4 53 39 7 58 93 44 70 71 
80 85 83 88 13 29 32 53 24 11 42 60 72 86 33 75 60 5 63 48 90 17 16 91 9 15 98 40 86 29 87 40 42 52 65 16 61 34 87 92 80 49 6 15 97 33 94 51 52 70 93 80 18 26 57 90 40 4 3 70 38 83 34 23 57 41 46 96 25 29 82 22 15 27 85 59 26 26 51 56 11 36 29 64 5 79 22 31 21 67 52 1 42 66 20 35 53 64 69 88 
8 90 44 55 80 74 78 43 47 28 75 69 45 81 100 40 17 100 92 11 93 51 100 50 45 95 2 51 53 29 46 36 86 86 82 61 29 90 28 4 38 21 69 74 47 66 90 1 95 14 23 44 62 99 36 84 20 93 45 25 57 23 51 87 18 5 49 80 75 2 95 99 70 35 75 95 68 86 44 40 45 80 85 18 93 92 100 8 54 9 28 75 25 27 38 7 38 81 22 26 
5 77 100 66 55 49 21 81 82 70 73 26 100 84 28 79 75 79 55 47 39 32 82 34 21 31 54 42 28 21 98 43 71 35 13 15 70 94 87 62 3 89 26 25 23 42 70 71 100 36 66 63 31 17 83 16 68 55 35 42 67 27 14 78 30 98 55 73 27 31 47 13 93 28 71 40 61 74 1 96 27 15 16 24 80 72 69 100 7 65 82 46 93 36 44 54 55 94 95 97 
63 40 60 35 77 75 38 24 34 90 54 32 76 94 18 42 47 78 71 29 44 51 11 67 87 81 2 54 22 95 92 73 48 78 99 66 13 46 37 12 37 17 96 51 27 65 96 34 45 23 57 58 58 56 8 66 85 25 68 4 33 12 31 51 20 69 72 99 61 62 33 92 67 13 90 7 89 40 71 12 55 92 66 39 36 51 8 23 61 98 46 5 16 21 95 20 54 33 64 93 
45 80 56 21 88 69 47 15 11 84 3 81 24 56 49 62 53 87 62 10 69 59 57 67 88 10 77 71 20 1 1 96 66 55 38 88 12 30 32 41 47 32 92 7 15 37 64 10 77 9 6 56 30 82 10 94 76 79 34 32 36 88 58 46 11 24 31 38 66 53 11 19 58 32 64 55 40 33 12 5 9 98 91 75 23 2 86 6 33 52 78 54 20 72 33 71 34 74 39 83 
79 97 4 6 78 4 83 30 22 4 96 58 14 8 92 99 80 97 96 99 60 31 47 89 92 96 24 84 41 100 100 8 15 55 53 5 60 11 60 54 49 50 93 47 93 17 17 31 65 85 11 93 84 34 27 58 1 18 64 3 29 46 59 48 17 67 54 73 90 86 88 17 36 87 21 99 94 68 43 89 99 60 36 23 60 27 61 14 76 83 95 37 52 16 35 12 32 33 69 100 
74 51 43 29 48 21 88 27 27 20 69 28 27 41 56 22 55 25 29 32 98 26 57 99 92 76 94 37 65 86 14 6 14 41 48 91 44 83 99 99 67 76 95 37 97 95 8 51 13 45 95 74 38 53 64 86 58 80 18 61 55 22 61 100 28 70 57 82 76 83 56 83 38 15 91 99 79 17 11 72 87 54 2 23 68 93 36 48 78 99 23 62 2 92 14 62 54 40 98 91 
31 58 59 71 38 17 53 16 51 91 46 62 67 74 69 14 9 85 40 27 6 88 42 44 41 85 65 71 89 57 27 6 10 51 19 54 89 31 22 78 56 53 61 58 9 86 59 13 53 1 32 91 14 23 36 25 8 61 70 15 54 70 71 65 22 41 94 91 57 8 70 28 59 20 87 17 17 81 80 11 70 69 9 33 21 85 85 70 100 1 5 6 29 81 63 13 91 72 84 59 
80 77 49 23 73 91 17 27 30 23 99 52 81 100 39 78 65 73 58 39 57 96 71 92 35 17 54 60 46 64 4 24 65 71 33 72 15 53 21 56 46 2 100 95 26 51 47 43 6 76 1 46 54 63 88 1 63 17 62 85 24 9 21 74 50 66 93 19 73 81 52 98 84 92 74 24 17 20 58 30 40 88 50 100 96 68 83 56 28 23 2 59 42 94 12 99 8 24 25 25 
57 30 66 48 69 45 15 3 86 15 37 52 58 38 32 4 95 83 67 94 90 15 63 8 42 83 60 52 94 95 78 75 38 68 78 46 18 70 5 52 61 72 72 60 97 12 87 73 42 28 17 93 57 64 76 41 62 31 66 100 15 47 39 2 19 55 6 11 32 63 93 14 72 35 24 86 100 16 49 90 87 73 25 23 1 35 33 32 17 81 77 94 85 97 5 44 97 90 40 54 
24 48 39 60 65 59 15 71 62 53 33 82 60 59 40 9 7 41 36 27 27 93 91 97 3 3 2 36 86 46 88 40 28 70 8 35 64 50 96 87 9 14 50 94 23 78 95 21 4 57 9 58 90 73 11 94 10 89 57 61 38 73 7 40 85 33 43 17 35 60 57 45 44 81 9 95 61 27 39 1 41 7 94 8 1 4 98 58 27 25 44 77 32 96 76 100 92 67 71 37 
31 61 78 62 94 13 87 54 69 35 72 99 54 85 43 95 36 23 50 45 53 78 99 74 83 20 44 67 52 74 84 69 50 59 26 75 55 62 78 9 36 73 14 25 9 97 28 44 28 19 96 5 85 35 83 30 74 22 93 24 48 14 99 34 66 53 16 36 4 78 85 34 53 1 93 18 3 38 21 37 16 40 93 44 86 64 79 8 80 57 87 90 99 83 28 53 70 6 36 25 
71 79 50 76 29 25 93 43 95 38 25 91 77 73 63 99 80 27 23 59 9 16 18 82 38 9 61 82 32 51 1 66 14 16 75 90 99 16 58 93 66 26 86 67 39 85 74 19 77 64 77 24 84 63 70 48 57 58 26 46 26 30 95 26 2 60 89 52 22 66 99 47 96 99 40 84 59 19 19 68 6 12 3 25 100 96 47 96 27 23 52 56 15 82 17 69 75 61 57 76 
91 94 74 90 35 61 7 10 15 36 43 97 55 41 88 62 91 62 6 27 45 22 12 48 63 80 34 81 6 49 70 84 59 71 44 35 54 11 45 37 68 85 16 49 54 44 46 99 49 21 95 3 64 87 86 99 84 16 37 64 67 96 94 69 84 31 96 10 27 72 43 57 22 73 62 65 80 55 69 27 5 90 33 44 60 51 2 92 81 69 38 82 15 14 30 8 89 96 73 99 
5 74 84 50 95 32 32 7 52 5 44 14 69 94 28 63 30 35 21 62 24 84 60 26 87 77 67 77 62 19 4 18 30 95 3 82 53 9 81 82 13 60 31 9 8 65 60 29 5 87 61 78 17 76 43 23 80 52 53 30 33 27 62 49 30 36 62 63 42 81 44 14 23 91 38 19 100 38 10 34 35 9 16 61 53 45 4 77 31 59 55 22 47 30 94 42 87 78 74 54 
16 73 87 93 41 27 52 67 88 72 32 63 82 97 84 11 60 28 37 97 42 46 11 39 68 77 94 37 18 81 66 85 39 25 61 70 13 32 54 18 86 87 10 31 65 69 9 34 95 15 98 79 37 96 55 40 5 36 16 98 61 51 36 100 29 63 43 57 5 55 2 33 47 80 89 88 24 6 39 58 5 44 32 95 36 83 12 55 4 69 8 42 67 92 89 15 66 90 93 63 
96 10 25 59 100 94 32 99 62 88 28 72 49 75 95 24 28 34 33 73 65 62 100 49 97 51 86 94 55 16 9 83 72 14 40 47 90 14 91 8 90 81 15 67 38 36 20 39 81 66 85 33 18 88 8 66 49 82 54 47 7 48 73 53 95 40 9 34 23 77 44 54 71 47 90 45 30 62 43 43 90 63 100 7 36 69 40 28 41 39 88 98 17 76 90 56 92 98 90 21 
17 53 46 43 78 10 41 77 92 11 1 79 82 70 49 61 23 24 39 81 34 53 42 23 30 68 87 56 25 28 3 56 86 41 7 24 28 5 40 39 90 40 22 85 51 22 61 62 52 74 64 25 70 23 58 28 70 89 59 29 16 62 76 79 47 80 47 65 57 60 12 62 28 31 1 53 85 93 49 42 90 32 35 38 15 50 24 71 86 95 9 55 14 21 85 5 94 97 40 44 
96 26 98 77 40 61 11 23 52 75 72 48 7 38 32 82 95 94 96 22 68 88 53 52 95 4 87 11 62 15 3 84 98 19 50 60 15 27 70 77 6 38 22 99 74 100 54 23 87 97 63 37 28 17 40 30 48 78 19 44 74 42 87 84 35 91 98 14 80 69 35 84 47 93 45 9 30 14 58 8 54 100 13 10 39 35 75 4 26 83 18 79 84 34 44 89 14 34 51 79 
69 35 35 93 70 4 98 12 64 1 60 77 52 72 93 55 9 7 32 25 89 68 49 7 39 27 89 49 96 1 7 83 59 76 74 50 19 72 100 5 52 70 28 96 43 25 80 23 74 12 11 78 100 16 96 81 13 51 10 93 36 28 93 83 8 58 4 78 11 95 65 14 77 61 31 12 74 15 42 99 74 75 57 84 54 2 34 50 62 14 48 92 37 41 35 19 45 58 47 64 
68 56 82 41 98 9 83 82 52 91 50 73 7 89 19 45 16 82 23 86 40 76 30 32 93 10 30 9 7 2 58 27 30 55 55 36 34 58 52 98 53 42 26 77 66 25 54 37 80 31 19 77 93 31 12 38 71 75 69 14 68 41 51 27 27 20 45 4 77 28 64 45 78 76 13 9 25 34 68 97 12 34 37 64 19 58 14 92 7 58 52 23 42 30 88 88 33 55 56 55 
68 93 5 45 37 57 83 91 11 37 31 41 49 73 65 30 57 20 71 68 36 49 29 8 76 98 30 50 99 63 22 16 99 85 41 78 50 59 50 3 84 85 6 50 54 9 25 71 22 36 63 84 27 22 37 9 25 25 2 25 8 65 4 30 98 47 3 25 55 88 69 67 55 6 86 48 23 11 61 95 18 87 21 13 70 100 19 1 45 98 91 49 80 20 66 74 51 53 35 82 
45 6 53 38 66 44 53 10 9 29 69 83 16 73 27 66 60 35 85 38 64 21 20 41 14 35 93 43 23 83 9 72 72 44 3 67 59 29 62 79 20 53 42 15 54 39 81 62 22 38 79 55 23 64 41 91 75 54 92 23 31 48 66 45 9 28 90 42 12 23 38 7 56 13 92 28 58 74 25 95 35 56 63 5 71 82 38 92 29 56 27 10 14 30 72 56 63 40 4 85 
51 95 2 68 74 2 10 56 94 81 32 87 62 62 24 70 48 47 1 44 68 54 1 79 32 16 34 82 35 28 38 43 82 17 24 66 37 34 43 26 75 31 39 86 87 14 22 39 1 35 67 66 79 43 49 18 60 37 82 3 48 32 34 94 38 36 5 31 53 49 6 38 20 86 77 6 14 92 58 12 30 59 23 50 89 2 86 87 51 13 79 38 4 82 21 89 54 7 60 90 
25 9 10 29 94 54 50 10 97 27 86 62 75 15 92 39 73 31 9 27 46 50 69 21 84 84 98 11 11 9 5 19 68 66 31 39 82 25 30 78 50 33 35 96 4 9 66 80 86 33 2 36 96 32 87 61 5 46 26 4 50 39 69 23 48 26 8 35 69 77 56 77 69 63 77 96 81 37 89 82 80 50 82 35 5 53 13 49 88 25 99 3 12 56 36 2 85 51 9 52 
60 31 30 22 14 46 90 20 88 91 91 67 52 26 10 40 33 81 91 3 59 21 26 13 44 63 9 66 13 46 66 92 36 43 82 44 64 25 24 24 40 94 18 57 66 69 42 70 8 28 95 85 62 37 88 47 51 30 78 22 42 42 40 22 9 70 58 46 42 35 65 53 61 81 77 26 47 82 7 52 70 8 77 36 83 77 40 61 96 71 62 51 73 1 90 22 43 62 1 100 
87 98 27 96 13 32 73 19 11 69 72 15 55 11 63 3 26 4 6 30 88 41 2 50 13 44 66 12 54 63 56 67 77 65 73 72 56 1 65 30 11 33 10 10 28 19 40 76 59 11 91 26 81 78 42 64 19 18 26 14 34 17 92 92 6 55 8 46 52 26 11 83 16 30 69 71 81 92 24 65 12 65 68 29 33 56 90 71 27 58 24 27 30 17 62 62 64 8 8 46 
16 33 63 7 12 87 37 36 33 100 22 14 87 93 16 93 19 34 80 67 66 70 42 33 4 94 78 72 34 4 38 80 98 28 83 62 10 36 15 24 70 93 26 80 86 76 88 70 37 69 12 32 92 5 64 83 93 94 56 59 83 6 17 3 21 33 98 95 100 41 67 9 84 56 40 83 79 95 43 34 14 29 66 24 93 41 47 80 1 12 6 99 51 40 56 98 17 11 56 10 
36 97 57 94 40 93 70 68 66 54 69 95 42 48 80 36 39 35 69 56 84 6 73 81 65 93 24 55 21 47 24 100 36 61 32 5 41 1 13 63 27 37 49 3 90 80 48 49 87 28 65 88 20 8 69 26 18 84 46 76 93 69 73 72 41 88 63 29 35 29 13 98 100 42 2 87 28 27 59 3 37 87 56 39 4 70 93 44 39 11 20 52 49 77 89 56 97 26 29 17 
81 84 30 96 17 38 9 53 57 52 29 91 38 32 8 85 6 13 61 74 97 87 88 55 26 53 100 33 10 92 28 97 48 71 2 100 65 100 11 20 5 90 41 34 1 33 68 79 39 56 1 64 85 73 43 68 29 93 9 86 68 71 73 25 45 7 83 49 17 79 65 69 59 37 30 69 97 65 42 23 27 61 51 63 21 59 80 25 52 9 86 38 66 10 85 47 26 97 46 38 
26 23 73 70 7 27 8 8 57 27 56 87 76 44 76 68 64 62 97 61 57 90 14 15 82 58 2 47 62 82 23 40 86 56 10 60 25 55 52 88 99 45 27 1 82 45 71 39 25 25 34 1 75 70 51 44 79 71 89 53 71 86 51 87 4 22 93 72 17 76 48 69 8 8 81 76 40 3 91 34 87 29 58 56 18 100 88 85 57 82 40 68 35 97 78 76 45 14 49 1 
74 38 35 61 88 4 85 94 100 45 53 81 1 62 83 69 21 89 31 43 11 47 93 41 81 78 82 76 41 6 78 44 99 82 71 91 25 53 26 31 88 5 15 14 7 63 23 4 27 99 52 34 56 53 63 25 93 16 55 90 100 95 53 86 40 15 73 14 95 16 14 29 93 68 49 5 25 32 57 47 99 64 70 72 94 95 46 81 31 85 32 66 75 15 37 51 76 34 2 54 
2 26 87 77 13 82 27 48 36 81 97 64 68 80 39 19 73 99 26 71 99 36 94 5 54 97 88 83 68 47 97 68 34 37 20 11 59 15 55 64 79 6 56 84 66 38 97 15 12 23 67 51 47 43 12 78 91 86 68 78 4 27 31 72 97 8 30 51 73 45 5 82 91 12 16 27 70 62 71 41 79 47 12 85 29 62 63 63 50 95 33 57 95 1 14 13 4 28 97 43 
86 33 9 82 53 11 67 72 35 42 55 100 20 26 89 19 64 77 90 7 91 44 61 21 49 45 10 37 70 98 84 44 30 5 99 2 9 46 17 58 62 13 36 69 11 74 80 51 95 41 30 64 10 63 96 55 93 63 68 91 24 97 99 90 41 58 29 27 90 77 29 24 25 9 3 43 69 57 6 95 32 62 19 77 1 97 55 9 42 37 70 12 87 33 85 2 29 75 1 86 
17 14 37 31 35 51 90 83 24 64 72 25 81 98 86 33 77 87 21 11 22 77 87 8 53 41 2 37 82 14 38 47 77 68 27 95 54 96 90 26 51 75 8 20 73 43 98 91 100 11 90 62 95 4 86 68 65 80 61 21 82 17 2 93 63 57 97 8 64 31 86 91 7 60 1 57 83 17 100 23 67 18 61 65 68 31 98 57 31 31 86 65 92 53 81 97 44 63 67 79 
66 47 26 97 85 46 80 80 51 48 10 83 40 10 93 60 47 78 90 80 8 38 71 56 77 21 15 69 76 49 77 95 51 61 80 37 56 83 74 14 12 68 22 53 72 9 7 55 23 52 20 62 77 15 8 38 53 30 62 45 97 93 57 81 93 95 25 19 77 48 70 68 8 26 55 8 16 29 20 65 46 20 24 68 86 14 28 49 73 47 95 44 51 37 26 33 99 72 88 54 
29 84 66 10 16 13 50 6 60 7 45 70 40 90 84 71 55 99 80 67 19 33 89 30 32 84 76 53 15 82 58 97 28 11 17 97 55 99 64 76 64 59 10 81 25 57 31 21 88 34 22 11 47 8 53 51 18 91 25 18 38 10 69 70 22 45 43 25 94 86 76 14 12 1 28 26 56 97 10 1 38 57 12 61 94 13 63 75 11 49 91 75 51 92 67 14 51 1 76 81 
26 41 24 20 69 99 31 7 61 25 28 55 53 6 41 61 20 100 73 48 85 2 66 56 44 73 93 80 72 39 24 20 35 78 25 49 75 94 20 47 61 99 91 11 32 91 7 79 45 81 54 6 45 80 62 60 98 94 8 50 50 56 92 42 89 40 21 72 14 39 84 28 2 3 12 11 16 25 42 82 16 63 71 38 85 32 87 78 54 12 8 43 83 46 85 97 94 39 65 86 
48 8 100 82 27 58 16 72 56 64 43 61 58 33 95 34 71 90 6 31 34 39 47 96 82 30 44 7 73 75 65 73 92 5 14 13 25 22 10 53 82 43 53 60 9 90 66 13 36 25 34 10 100 72 74 26 9 5 93 69 30 75 91 89 43 44 79 48 80 76 95 31 14 76 19 9 48 39 63 12 26 34 74 47 65 4 4 68 18 43 67 87 25 52 97 12 84 41 98 10 
75 20 81 6 54 75 91 100 27 9 91 11 94 78 56 36 6 24 32 64 29 98 75 32 44 73 84 2 69 63 22 3 58 16 74 88 40 50 78 35 34 29 72 52 88 38 48 96 22 11 47 48 96 25 66 12 58 40 26 89 6 49 30 37 7 83 50 11 56 88 25 38 48 85 20 22 81 68 62 23 14 62 86 57 21 72 27 92 27 57 86 99 46 26 5 8 97 2 85 83 
47 48 12 4 52 18 24 51 22 90 37 85 49 38 92 22 96 47 84 22 94 75 4 14 80 96 30 57 82 51 33 41 21 97 22 29 8 62 43 60 4 54 53 1 63 60 4 28 27 72 33 79 21 72 20 12 41 33 1 65 24 80 98 79 16 32 29 24 93 47 83 65 2 13 55 14 64 3 85 15 77 4 25 72 82 97 98 44 64 74 15 14 89 93 10 98 99 40 70 41 
48 48 9 7 89 96 57 47 38 24 87 76 67 10 73 100 29 79 79 52 76 8 30 73 82 19 77 49 97 46 91 19 12 82 57 72 25 48 72 70 41 15 21 1 63 83 20 26 27 43 84 74 76 92 19 76 9 56 28 51 85 80 35 48 96 75 67 92 52 23 24 39 27 58 34 4 30 8 22 91 54 79 9 9 60 57 62 84 80 7 45 80 56 69 54 35 41 20 36 74 
55 90 6 52 40 61 76 38 39 26 34 79 27 68 9 74 23 67 54 89 96 63 85 83 81 61 46 96 15 95 20 6 14 21 8 11 46 30 55 72 19 76 6 24 14 39 50 21 54 98 18 10 13 79 56 22 10 68 35 82 68 83 74 77 4 52 58 28 82 12 29 1 26 38 97 27 4 93 56 78 79 49 8 45 66 49 9 1 15 79 81 84 43 7 98 13 78 78 24 50 
59 62 15 41 76 95 82 44 3 3 31 70 62 32 96 33 4 90 39 64 87 2 78 3 97 17 97 62 68 65 52 87 91 97 6 62 20 12 96 93 29 58 55 84 13 9 59 94 17 83 27 41 41 95 33 59 54 64 63 63 36 65 36 64 51 82 44 8 19 76 66 2 47 3 93 89 32 6 59 72 93 35 91 59 83 26 63 25 93 25 93 2 85 71 29 45 42 69 26 31 
87 81 98 69 61 87 99 49 15 23 29 98 16 65 64 91 68 17 2 33 14 68 79 85 37 65 98 36 41 24 55 63 63 97 92 41 49 51 22 43 89 82 10 46 24 76 14 17 82 30 74 81 68 36 66 29 96 1 47 98 87 89 11 71 35 42 91 77 45 25 54 90 34 11 22 27 43 25 9 3 13 29 12 56 18 79 60 66 24 94 59 27 10 56 49 33 76 42 29 95 
69 24 6 39 51 3 68 89 84 100 50 5 98 97 15 52 12 57 26 72 29 3 5 61 1 1 40 45 7 90 25 84 53 88 86 79 97 48 58 3 6 29 17 6 11 3 35 95 68 57 45 5 57 97 20 20 65 23 17 68 9 93 71 10 83 99 70 93 79 72 13 25 89 46 75 34 53 91 2 17 18 27 26 90 61 56 89 28 67 96 86 63 9 80 39 76 32 27 70 63 
47 97 42 32 83 56 76 1 66 31 14 53 51 92 97 56 86 32 31 75 88 87 31 89 53 19 68 29 77 58 97 86 93 99 8 46 21 53 67 52 89 54 89 84 53 73 37 96 45 35 37 5 5 67 18 71 13 100 54 42 30 64 56 73 83 56 55 71 83 76 9 85 60 4 74 94 33 81 46 62 92 47 12 73 64 52 82 36 39 91 77 41 95 24 12 20 12 46 65 75 
44 14 20 25 92 63 40 73 74 46 2 75 81 39 91 32 46 65 72 13 78 34 94 45 5 15 100 3 11 1 12 40 97 13 20 76 35 85 58 73 18 52 12 81 9 91 54 94 58 58 64 66 19 22 74 38 18 65 92 19 92 90 30 38 15 22 17 21 24 64 33 23 49 93 98 94 83 45 62 54 95 17 81 8 64 69 79 87 54 26 86 96 97 11 50 89 36 87 78 76 
92 43 55 98 58 61 61 79 94 73 24 11 31 97 91 85 92 94 37 61 81 6 75 39 75 55 7 52 10 79 1 59 37 3 69 74 92 98 58 81 81 27 86 24 77 29 31 79 45 5 6 91 71 18 82 68 5 50 40 52 1 6 27 74 46 79 45 25 63 34 44 31 71 91 75 71 100 87 86 47 15 11 72 4 31 32 60 15 34 18 29 85 32 26 67 23 12 91 15 72 
77 79 1 87 83 79 27 86 57 25 30 68 72 2 11 90 26 100 47 11 65 24 38 99 66 79 5 65 77 79 19 82 75 11 45 96 30 33 95 38 78 58 48 73 63 46 63 80 33 40 69 53 43 9 68 28 28 85 33 47 96 28 83 75 3 17 67 5 59 48 37 28 87 10 17 36 7 78 18 96 74 96 40 94 48 78 18 55 17 66 27 33 32 30 79 47 66 70 16 77 
16 53 54 72 68 37 92 18 92 68 84 56 15 33 33 74 76 62 28 16 87 63 50 84 97 21 2 4 41 5 94 93 100 27 69 87 34 41 40 20 39 80 77 3 30 4 51 94 94 25 77 93 12 2 74 28 97 54 25 60 45 4 84 60 45 13 60 34 9 58 39 99 26 100 66 88 47 8 33 87 59 96 36 28 69 94 59 42 48 53 25 29 41 26 66 32 25 98 42 33 
73 13 41 29 65 61 100 90 72 65 74 3 48 78 14 83 15 49 89 23 83 59 41 40 53 100 43 59 12 13 3 89 58 88 54 85 86 65 42 87 84 58 69 47 31 98 31 74 92 64 80 26 44 60 87 43 47 99 100 95 58 12 95 97 86 52 56 18 30 14 80 21 22 66 62 28 69 100 4 18 57 69 70 22 4 22 25 29 24 92 45 54 85 16 83 74 49 30 45 23 
4 66 29 49 50 70 58 87 38 78 41 29 35 43 36 81 82 44 54 65 58 58 87 68 29 80 37 6 96 88 98 51 19 75 26 76 5 56 58 68 62 91 24 33 79 98 98 44 69 17 68 92 77 29 96 45 13 10 71 26 45 88 29 22 44 62 17 85 70 93 45 63 65 84 12 72 13 26 52 19 49 97 70 76 92 76 56 39 14 86 100 30 7 79 10 93 56 41 5 55 
45 38 61 11 100 34 48 92 35 94 42 87 39 66 91 58 98 92 90 96 86 40 57 32 5 14 59 87 92 80 29 59 45 34 43 9 17 3 25 31 75 4 28 99 7 2 28 16 11 95 57 13 86 100 40 52 98 16 63 15 26 22 32 13 34 84 86 36 17 42 15 79 99 84 89 66 87 26 69 70 61 14 29 60 94 57 66 96 53 32 21 50 26 36 58 84 33 45 17 65 
18 31 42 10 44 73 17 57 89 34 63 59 61 2 69 63 59 23 79 73 2 42 98 5 25 12 38 40 38 9 12 17 5 48 16 20 14 17 23 43 76 58 88 25 89 37 6 3 66 19 85 38 40 58 84 51 60 50 15 36 54 90 75 66 99 61 57 100 18 31 48 99 95 26 33 41 25 35 21 69 36 59 30 62 47 48 22 80 11 4 45 92 3 9 40 23 23 9 4 8 
22 40 8 95 54 76 35 84 21 15 28 40 63 31 41 83 64 8 16 13 4 79 84 14 15 50 74 56 55 74 24 22 67 68 61 86 49 22 53 5 20 53 63 66 76 6 47 65 73 16 71 80 48 65 76 64 80 82 67 25 12 36 56 7 89 97 53 95 32 75 55 7 92 89 8 85 45 53 80 62 67 8 84 52 76 30 53 100 56 80 85 23 8 15 66 25 83 1 67 25 
25 95 85 39 48 42 43 96 30 50 48 45 51 80 19 58 96 47 15 23 36 96 80 67 26 20 90 93 61 45 16 11 25 16 78 34 12 84 24 17 17 5 44 100 8 8 86 76 62 26 57 42 68 83 95 38 58 21 41 76 51 51 33 22 27 48 19 40 17 85 71 54 87 84 27 21 53 40 41 98 51 30 65 76 84 14 29 56 9 67 36 79 13 87 23 45 72 27 99 75 
98 62 42 94 17 71 20 54 55 80 58 56 13 61 46 99 15 99 67 3 47 91 9 84 9 63 80 76 66 65 16 1 11 73 74 22 5 79 76 9 76 77 76 8 39 2 90 51 36 99 76 23 48 18 61 41 12 99 2 83 85 54 99 4 65 37 49 85 31 30 37 94 23 46 16 18 13 28 41 47 76 92 85 74 73 89 25 35 28 73 82 39 68 81 99 93 79 3 100 73 
72 34 16 74 78 10 8 89 49 13 49 36 49 57 93 51 51 99 34 62 18 91 65 44 36 5 30 74 95 59 95 24 91 78 95 33 22 12 100 83 38 65 41 36 56 33 48 26 64 55 57 72 79 13 70 7 60 96 51 59 68 31 40 40 42 70 74 79 32 71 62 47 67 10 48 67 14 50 68 67 51 41 91 91 78 94 23 45 68 10 21 44 53 11 25 66 54 17 73 94 
84 65 3 86 65 8 68 16 60 69 69 80 69 1 4 56 67 89 45 9 58 86 80 24 50 31 13 29 74 50 47 99 6 59 40 73 13 43 39 68 71 54 39 59 87 89 22 38 36 30 10 44 34 57 45 40 1 8 70 66 75 67 61 33 51 30 15 20 90 85 47 15 64 80 2 34 56 50 5 48 15 29 48 89 5 87 68 35 8 48 71 57 50 50 69 2 51 100 44 79 
89 52 4 43 69 87 33 79 95 31 46 97 66 74 39 21 51 95 72 33 59 61 50 70 85 37 18 56 56 37 65 44 93 40 15 41 99 63 50 48 76 86 98 40 79 79 81 54 52 100 32 19 21 29 9 48 96 42 12 77 36 22 28 74 71 34 98 30 17 36 81 58 81 60 34 42 24 70 86 79 4 26 20 77 71 34 53 24 86 73 55 22 5 20 91 71 9 70 86 98 
23 96 71 53 76 5 38 30 35 96 79 31 52 68 79 80 90 63 53 3 64 91 30 86 34 26 59 19 1 68 41 9 30 41 87 18 52 60 12 51 86 10 12 57 6 42 59 7 40 9 62 3 13 61 37 98 86 52 10 36 86 96 50 30 17 50 96 84 100 84 83 34 50 86 33 9 25 56 87 79 64 47 97 88 15 84 96 7 61 24 1 18 27 23 57 27 69 60 14 28 
47 33 78 21 95 62 51 62 91 98 46 11 12 56 49 83 34 7 72 30 77 28 63 41 27 53 86 45 34 95 76 15 65 12 93 25 46 23 58 54 41 57 77 84 75 65 2 8 81 53 93 41 29 15 32 44 32 58 3 75 76 69 79 69 58 9 90 79 72 33 10 37 61 48 71 8 83 38 30 71 46 100 94 90 23 41 73 13 20 95 2 40 59 8 54 1 31 98 42 34 
93 50 66 56 89 13 53 12 83 79 97 72 56 5 40 39 49 90 42 25 86 85 50 76 45 5 4 79 95 17 17 1 47 70 24 42 30 57 46 83 52 46 29 90 10 47 14 41 37 28 92 98 16 82 28 86 75 27 33 83 35 87 38 10 37 72 43 48 96 47 88 54 18 53 78 18 79 48 13 37 41 19 48 3 27 6 12 25 52 64 70 51 78 56 79 36 28 94 20 60 
70 99 33 21 48 19 15 28 91 30 43 85 63 9 19 2 7 81 29 59 64 45 9 92 77 57 11 63 32 28 99 83 42 18 27 92 12 76 96 58 57 69 16 8 20 97 33 38 47 76 79 34 30 46 86 95 34 32 97 30 58 2 25 98 66 23 43 74 53 69 37 41 43 24 77 57 74 15 66 17 36 24 4 88 47 84 95 24 63 7 15 75 66 4 77 32 10 23 50 54 
73 3 79 1 5 3 11 1 96 69 86 1 74 4 88 87 86 39 36 62 81 37 1 79 1 62 89 7 79 98 48 49 33 51 84 35 61 4 18 36 84 95 56 16 5 26 20 40 28 75 78 59 46 49 87 4 9 36 80 77 65 84 34 30 45 24 40 32 26 25 100 44 32 99 41 5 48 46 87 98 96 91 16 8 29 57 82 42 49 54 49 97 81 77 29 73 24 3 32 78 
11 25 62 38 4 86 61 74 44 7 88 42 79 88 1 14 78 2 96 59 11 71 59 40 38 21 87 42 98 47 3 48 18 86 60 39 85 83 68 58 50 100 75 2 8 3 54 66 81 10 41 9 8 90 4 56 63 99 82 72 76 17 64 50 34 23 1 64 38 23 72 17 31 7 68 99 6 25 5 10 77 78 58 2 94 83 54 74 11 35 37 65 35 47 17 24 56 71 95 37 
44 37 33 74 64 50 15 6 17 14 54 73 64 85 29 20 93 73 67 16 61 34 50 92 88 95 36 7 77 7 24 16 14 81 58 95 25 62 50 18 12 29 11 56 23 37 14 93 51 65 53 88 18 14 77 37 7 80 88 91 10 32 12 63 39 55 77 56 24 28 59 48 5 8 77 18 56 49 22 61 61 65 74 69 79 92 48 27 18 68 40 57 93 26 60 3 16 24 48 79 
76 47 49 27 47 72 100 19 69 79 23 93 9 94 50 2 22 40 10 84 28 50 41 50 54 4 98 12 98 65 2 16 12 31 76 9 100 49 48 35 39 96 1 13 45 75 55 66 87 67 27 78 55 64 52 29 59 18 34 31 19 74 30 74 21 81 36 27 26 15 89 70 74 63 69 14 42 3 23 83 96 8 66 36 8 51 59 25 3 67 84 59 18 9 56 1 23 36 65 47 
18 80 23 19 80 63 40 87 68 11 85 22 1 31 82 68 44 50 95 88 17 88 93 62 66 16 99 74 77 14 21 80 73 72 58 35 95 29 64 39 9 42 6 79 45 79 70 5 48 29 70 67 79 54 2 24 32 77 22 13 92 28 83 24 29 55 23 82 35 53 98 86 81 77 30 5 28 57 27 56 11 84 49 79 7 92 10 13 86 38 9 5 7 50 5 48 92 45 26 55 
33 69 11 61 59 13 74 83 81 80 88 72 43 59 57 45 60 75 35 52 78 90 20 18 60 49 63 36 59 82 91 2 70 14 74 32 42 42 55 33 25 64 22 16 39 10 96 38 39 13 71 15 43 1 69 89 64 73 18 96 59 27 32 69 73 57 60 29 81 94 52 89 93 57 75 74 34 64 44 39 6 23 89 62 14 59 67 47 94 72 49 5 24 77 87 59 82 23 90 5 
24 34 40 68 63 47 99 75 4 55 21 67 79 66 12 26 44 70 25 16 74 98 34 33 61 31 16 37 31 5 22 13 74 5 4 17 75 93 93 99 53 46 31 38 68 71 93 12 11 40 98 75 92 88 76 39 81 99 92 84 83 65 18 33 90 40 16 38 79 79 82 17 42 68 36 91 78 55 94 54 9 45 84 25 17 76 65 55 69 84 70 98 43 13 62 89 77 54 34 53 
38 61 5 7 87 18 61 30 19 54 97 46 95 2 55 61 63 73 24 42 13 14 48 43 49 63 77 89 78 90 6 4 56 40 24 24 3 13 99 37 26 19 56 77 65 1 19 73 36 68 64 89 83 55 87 64 39 67 57 10 93 87 13 36 37 37 38 81 52 14 57 28 9 48 54 75 6 80 27 79 98 63 100 23 6 23 30 20 97 86 79 32 21 55 84 31 60 39 50 67 
42 3 87 88 4 57 57 71 33 45 71 62 21 3 16 3 39 37 5 61 50 93 18 69 56 3 11 49 49 68 41 88 78 14 21 98 59 61 54 80 53 6 4 88 85 18 25 23 84 37 31 57 87 44 52 82 55 45 2 58 42 43 15 47 75 66 76 66 97 35 29 41 38 100 58 80 88 36 50 74 9 90 64 39 79 44 46 7 72 72 65 72 55 73 31 59 30 57 1 21 
95 37 33 100 96 22 7 97 12 92 17 97 6 75 21 84 59 56 38 53 24 31 21 28 21 82 97 2 81 79 94 66 16 73 29 64 77 83 32 41 21 81 42 2 95 78 35 61 10 12 55 91 13 82 87 2 55 21 53 6 43 6 65 57 89 80 20 23 36 98 82 46 50 78 50 88 54 21 81 85 85 94 38 17 84 90 70 45 80 29 99 53 100 11 83 12 26 88 93 82 
54 91 62 7 73 54 12 62 17 66 12 47 87 36 89 99 9 75 95 24 56 15 29 56 29 34 6 35 92 28 90 13 60 64 83 87 88 88 45 48 81 67 15 19 30 81 1 10 60 85 62 79 1 71 69 100 68 34 17 46 21 96 83 26 31 87 12 79 68 95 100 63 74 34 60 97 3 78 89 43 27 34 100 82 25 85 34 36 79 30 6 55 86 10 22 31 6 49 86 54 
20 79 61 41 66 19 13 6 72 23 54 74 2 49 47 52 17 64 84 96 2 48 39 90 37 97 6 50 66 83 85 88 28 99 63 8 12 63 44 1 11 8 16 95 40 26 39 62 53 74 87 87 66 99 5 19 69 85 82 69 92 3 25 77 47 73 69 26 86 52 26 8 88 86 37 74 80 99 34 22 40 17 61 71 11 62 79 63 60 100 86 76 7 76 43 80 60 48 31 13 
47 98 45 22 56 29 93 25 3 85 10 98 61 39 83 19 68 11 52 79 16 48 79 28 89 6 74 67 95 96 19 17 12 69 93 78 79 95 26 60 40 52 32 76 11 9 81 89 21 21 66 77 18 68 49 91 34 61 47 96 69 98 48 94 43 66 28 86 91 65 82 61 31 16 90 46 4 28 43 27 76 68 83 53 44 54 97 64 98 36 91 82 98 10 36 32 55 29 92 69 
70 93 80 43 77 57 34 30 53 35 11 89 99 91 83 23 10 3 86 17 66 5 48 59 30 37 79 67 36 97 78 57 72 68 20 1 7 10 77 42 17 94 56 82 83 39 89 4 93 67 73 43 53 89 31 64 53 82 41 68 65 5 89 65 37 63 29 81 16 98 70 45 28 18 38 62 8 65 92 15 73 46 64 51 33 38 72 59 25 62 33 61 20 31 43 25 75 95 6 35 
5 92 64 21 11 65 41 24 68 51 1 24 55 100 76 74 35 67 65 1 64 25 29 49 94 22 42 45 96 93 1 75 71 70 55 65 66 29 14 73 94 43 52 9 63 48 72 77 56 55 6 65 41 65 90 91 3 92 21 15 78 65 34 40 82 4 48 58 29 83 48 19 45 32 6 7 19 2 99 27 50 56 26 55 9 25 60 63 78 33 74 40 30 5 82 27 97 87 6 59 
39 89 9 18 61 28 77 93 64 78 32 26 79 86 91 6 6 50 10 58 24 5 45 56 86 61 72 23 83 41 72 22 74 27 29 82 95 33 87 62 69 8 34 72 74 21 11 31 34 35 2 79 89 75 54 24 54 100 13 48 99 73 53 12 47 21 37 21 89 62 37 15 86 1 39 35 63 88 63 53 2 54 73 29 39 99 39 57 86 44 15 54 37 50 22 90 91 57 95 85 
63 13 63 86 74 12 17 20 64 70 32 68 91 42 68 53 41 45 4 4 90 91 63 20 54 16 35 63 32 69 21 12 29 17 25 54 36 98 82 75 59 27 29 10 89 33 96 78 67 81 51 79 72 35 51 28 43 45 48 86 38 47 81 55 70 4 18 77 21 35 29 10 30 14 76 2 97 88 60 49 89 21 37 19 70 85 30 70 34 19 78 66 63 9 62 58 3 54 15 21 
29 86 11 41 85 54 6 60 43 3 84 80 25 28 28 51 23 97 81 85 71 79 53 87 67 25 54 53 21 23 64 79 6 16 42 52 60 59 13 88 29 26 94 92 61 39 79 56 85 11 73 42 48 46 43 72 99 93 43 90 62 63 56 83 37 78 2 50 88 89 84 82 70 24 24 98 6 28 51 65 60 82 33 92 43 97 65 64 41 80 30 8 43 29 10 17 100 29 46 77 
88 86 3 17 10 37 33 83 81 61 35 97 51 6 68 46 56 20 39 86 87 20 87 6 25 31 89 66 24 12 6 60 64 83 27 50 74 37 65 56 78 96 6 42 65 40 6 99 76 31 22 47 24 83 41 61 35 84 40 36 55 18 51 87 14 100 93 9 68 55 3 34 48 63 24 37 54 19 49 44 26 71 70 99 51 98 44 17 43 27 78 41 32 30 79 25 34 94 100 61 
46 35 97 35 50 85 10 50 91 12 86 67 75 58 45 75 63 61 76 42 67 56 42 98 53 76 86 79 1 98 29 68 60 50 42 83 28 69 9 90 85 69 39 85 87 53 32 99 12 42 34 10 49 91 68 8 96 90 52 40 18 29 59 31 88 34 1 51 65 37 89 95 87 100 21 1 72 36 79 5 70 32 31 54 50 7 22 44 50 61 73 2 39 54 50 97 78 31 1 53 
63 65 85 94 63 91 33 18 89 75 82 64 65 78 13 17 13 21 90 31 56 13 12 32 13 22 49 87 76 38 73 76 56 18 71 90 33 21 96 64 63 12 94 72 49 1 89 99 52 28 100 49 40 33 12 96 1 64 14 95 15 61 41 4 92 45 21 21 38 75 15 86 3 24 19 56 37 23 21 53 50 84 87 57 53 79 32 89 22 10 40 4 78 96 89 55 15 93 55 53 
85 50 84 62 89 53 45 95 5 8 89 89 78 54 15 47 60 72 83 16 47 73 63 20 77 81 34 10 45 8 32 78 6 50 3 61 62 94 35 46 59 65 43 59 82 46 77 57 2 87 59 17 74 91 20 59 73 20 16 6 28 11 10 41 18 1 29 93 85 45 88 82 94 18 56 83 31 10 13 33 22 68 97 74 27 18 87 84 40 24 63 65 56 54 37 66 80 15 8 93 
37 26 62 52 20 18 44 60 16 99 55 14 77 57 86 60 33 30 1 66 43 87 77 16 48 71 10 5 4 48 69 79 29 60 87 42 91 46 20 22 28 30 94 12 92 24 42 26 2 3 24 75 31 92 77 49 25 31 70 93 100 20 57 19 37 95 28 4 67 62 13 84 39 14 17 36 41 65 59 75 73 92 92 56 21 88 31 64 80 12 46 20 29 95 34 76 77 42 82 84 
30 19 75 65 20 94 64 57 97 11 77 15 92 75 15 45 56 51 27 54 93 80 47 51 78 57 53 12 68 66 62 100 55 58 64 7 76 97 54 67 51 99 61 69 13 26 8 57 39 33 31 83 22 7 39 92 99 15 38 70 78 64 25 79 35 15 21 90 20 86 12 64 54 45 43 69 31 37 39 68 31 9 100 46 50 73 60 94 68 21 86 75 31 63 66 9 31 57 88 43 
51 83 55 64 12 23 86 11 23 94 98 46 14 24 29 64 25 64 15 60 62 21 40 70 73 49 13 21 43 90 6 16 94 34 34 25 42 6 25 56 96 74 34 25 35 22 87 68 48 48 39 57 11 53 85 15 17 31 17 70 91 71 29 89 58 11 36 77 63 8 86 49 85 88 74 65 88 68 87 48 13 3 72 43 16 67 91 5 98 26 94 14 86 60 83 15 7 64 38 40 
17 63 25 15 86 3 47 87 84 97 28 66 39 70 65 39 20 2 86 54 22 9 22 74 90 42 44 78 37 14 73 95 34 81 92 33 89 2 80 64 7 100 36 10 70 6 69 33 59 99 18 4 17 65 93 18 71 48 44 77 31 83 22 81 23 50 21 48 70 87 1 67 11 14 2 60 78 86 5 90 66 4 12 12 82 9 46 6 62 75 26 59 57 55 44 84 35 14 14 34 
81 7 14 15 26 57 32 75 88 70 2 5 89 73 29 4 7 99 77 31 1 8 18 36 54 94 82 59 72 99 57 91 49 15 15 90 46 29 25 35 52 12 85 99 59 30 44 81 7 73 30 70 87 20 78 35 95 66 42 76 44 38 22 48 58 11 17 84 97 48 95 79 83 48 24 53 50 42 29 55 33 46 8 24 12 81 85 34 93 32 93 19 65 33 62 46 12 87 12 9 
13 16 68 24 66 46 19 25 52 26 63 42 29 41 75 79 34 19 97 45 99 85 12 27 16 17 59 70 66 14 38 7 7 19 89 30 14 63 33 71 92 52 79 7 14 74 14 90 53 99 27 7 3 22 84 84 68 10 72 98 36 49 74 94 65 13 24 5 7 4 98 73 99 57 76 49 60 19 15 55 29 38 37 60 49 5 74 60 83 58 29 58 41 88 58 77 49 62 93 18 
67 7 59 17 94 69 30 100 35 72 5 69 39 22 35 71 45 55 84 12 41 61 49 53 27 70 44 67 86 44 47 95 62 4 71 42 98 31 31 12 20 54 99 78 58 9 1 53 64 82 3 47 27 88 100 2 1 74 42 69 51 24 18 62 67 91 26 48 29 59 44 17 28 4 85 10 81 72 99 87 58 10 36 18 15 12 12 28 72 59 64 82 1 55 84 6 98 13 86 77 
46 14 98 84 17 87 97 98 46 68 87 14 13 18 36 40 10 30 30 16 68 35 71 78 63 29 63 8 8 85 92 53 90 24 88 94 22 61 36 48 77 76 29 4 35 8 7 25 83 39 40 45 20 56 2 72 78 41 3 17 69 7 2 83 47 76 43 72 93 43 64 75 44 45 80 9 82 23 51 39 97 12 87 38 52 13 7 63 79 18 90 18 19 59 16 47 37 51 75 21 
7 46 15 44 93 55 14 13 69 26 1 34 69 82 52 39 75 86 64 53 99 51 13 83 15 33 47 46 100 71 29 61 26 21 47 67 57 2 61 68 72 76 78 94 17 45 20 21 38 2 79 94 56 23 14 70 35 29 75 71 92 93 8 60 18 37 44 64 88 66 30 86 76 19 69 45 55 6 63 99 62 83 50 41 11 56 36 93 36 6 65 77 95 60 74 67 13 58 34 60 
27 10 45 1 33 38 85 50 81 17 40 39 74 51 97 72 63 42 34 62 32 53 96 65 34 15 85 35 9 38 9 93 23 16 61 81 98 72 24 13 27 38 92 27 99 40 77 10 15 20 13 93 29 77 46 72 46 20 72 57 37 94 77 79 49 6 9 42 99 26 57 95 1 66 7 75 67 85 95 56 83 34 77 76 93 53 19 78 77 73 26 5 47 43 69 90 3 6 1 24 
53 39 36 56 40 38 4 87 34 72 24 50 95 22 23 66 64 90 61 10 63 68 37 19 44 53 71 30 86 60 93 49 8 94 22 4 80 45 40 54 94 96 49 15 3 12 16 5 31 17 90 70 64 26 71 32 38 13 23 75 66 95 11 75 20 23 90 42 55 36 40 89 19 42 79 25 73 17 50 4 10 93 8 97 22 88 90 100 83 95 43 70 30 82 2 61 48 38 71 87 
19 64 96 32 93 100 81 59 40 30 66 16 61 99 4 44 72 47 33 23 68 40 35 94 32 7 91 29 45 91 27 69 46 60 35 87 87 47 27 88 20 44 88 68 99 86 29 82 45 99 45 70 18 74 48 43 14 34 64 52 24 52 81 43 27 77 7 87 85 89 62 37 61 95 23 79 64 19 89 71 95 30 52 58 16 68 50 55 26 63 14 76 36 73 7 25 85 3 51 74 
97 59 52 1 43 35 2 25 99 90 71 24 92 9 94 60 11 39 82 20 88 100 82 11 37 71 72 40 71 4 68 47 49 81 78 57 32 21 74 56 71 60 6 68 49 64 2 92 22 57 37 100 9 74 99 62 45 24 50 13 33 42 81 14 57 100 64 68 75 53 61 35 78 83 33 76 36 48 46 29 100 21 96 39 78 1 72 33 85 32 59 60 10 88 81 75 76 100 27 33 
24 68 23 33 97 33 87 92 38 69 78 70 72 8 32 97 80 27 88 1 47 86 17 84 50 86 81 25 17 2 29 92 29 3 54 37 11 21 57 42 12 25 12 69 82 99 23 21 37 6 87 60 90 29 9 8 1 73 61 23 5 100 46 60 80 20 15 33 59 93 12 24 28 66 12 50 71 10 77 63 39 48 78 79 84 1 98 84 18 20 95 6 91 55 37 26 89 36 96 66 
22 32 21 18 56 26 65 19 24 24 85 44 70 83 96 84 82 58 58 16 21 78 83 85 18 84 47 37 29 98 47 68 100 63 55 3 41 61 38 67 60 57 48 92 2 15 7 51 93 76 96 71 54 63 86 98 91 16 67 44 46 54 2 65 47 50 73 74 91 42 87 19 60 71 88 84 26 9 93 6 81 69 63 19 3 13 61 99 91 24 47 68 10 86 24 38 95 35 19 71 
24 6 37 96 24 84 43 71 14 33 24 30 14 11 93 7 72 98 72 93 30 62 3 52 34 66 65 13 56 63 65 23 12 93 1 85 17 78 36 86 81 27 79 84 46 71 14 66 18 82 15 77 97 41 2 86 86 91 55 67 95 35 8 39 23 70 5 61 73 4 25 38 89 37 35 11 99 88 54 95 96 77 51 36 32 72 95 40 63 77 66 39 96 69 32 72 100 80 16 82 
21 58 39 54 9 38 36 75 28 3 76 74 41 25 41 47 81 71 10 6 98 8 98 88 100 52 59 67 54 61 31 85 62 76 69 2 90 38 1 34 70 23 40 41 58 66 70 66 93 16 20 46 18 74 100 93 77 49 75 54 71 29 53 39 83 75 51 69 5 41 64 78 12 21 6 17 27 49 8 48 33 46 4 20 82 4 56 29 34 80 91 62 94 66 34 19 80 41 95 75 
88 32 83 52 60 83 37 93 100 52 58 23 81 43 93 49 35 95 51 59 10 27 62 42 83 38 25 91 43 48 96 87 2 72 77 64 43 21 37 44 100 35 47 5 22 4 9 6 90 77 45 14 68 94 48 15 4 86 15 28 55 2 82 27 14 100 94 4 70 8 93 28 55 74 14 23 65 87 53 78 56 23 61 84 2 14 9 13 7 83 88 62 39 28 67 47 5 59 75 94 
6 30 67 25 75 58 32 44 40 18 84 87 6 1 36 72 8 85 37 12 79 45 53 11 1 51 7 83 65 37 74 66 5 84 92 17 98 23 25 87 62 57 66 38 27 65 45 2 5 40 23 52 69 88 33 6 97 30 19 99 80 31 86 24 55 12 12 19 64 5 4 77 47 59 24 9 3 47 94 32 8 54 73 50 96 80 17 88 57 47 1 62 28 41 88 10 18 72 75 51 
77 70 77 31 52 42 30 33 39 49 89 46 88 47 87 49 35 16 16 39 49 9 75 68 91 69 65 33 32 76 66 50 26 27 18 54 83 21 52 86 93 61 20 69 85 68 9 61 44 31 69 62 29 62 63 79 14 33 55 8 65 18 21 6 72 60 3 88 63 46 70 43 55 40 63 40 99 79 61 15 28 92 82 17 95 56 26 19 76 38 63 77 100 71 89 88 1 74 45 7 
16 91 95 21 8 62 6 46 42 93 40 26 40 10 33 65 74 12 53 68 19 2 86 99 74 78 49 55 73 18 92 75 75 71 13 36 38 35 53 66 29 94 79 3 97 36 96 53 68 70 66 13 14 83 66 23 91 11 74 21 70 29 31 54 45 65 84 80 84 1 20 44 11 57 52 42 14 58 61 6 92 4 18 39 90 66 68 49 20 56 10 14 8 84 71 55 90 83 99 75 
79 85 13 76 47 19 78 3 68 85 38 81 66 26 37 44 21 74 5 23 26 62 76 15 13 25 36 50 6 91 16 68 100 46 25 48 73 86 20 21 3 5 61 84 83 19 84 31 64 51 73 62 58 66 50 70 18 81 42 81 78 63 68 83 42 94 23 49 85 95 25 48 74 45 39 29 46 41 60 87 44 38 70 24 23 100 79 4 20 37 4 54 43 81 45 64 56 9 83 97 
26 67 49 94 17 36 91 41 71 26 20 31 52 32 30 82 78 28 43 19 100 73 85 4 11 62 98 99 64 71 78 36 80 6 87 85 96 66 19 19 42 20 9 2 75 50 9 64 29 75 46 18 43 67 99 53 76 69 31 65 59 41 3 75 66 71 89 47 6 33 56 13 92 43 75 58 97 37 22 19 67 51 71 30 68 31 54 86 50 65 98 82 61 26 28 66 1 52 54 58 
58 93 44 55 71 52 29 28 60 97 23 76 28 83 79 94 21 15 26 69 20 16 42 73 24 56 13 95 1 75 26 89 20 69 99 53 20 42 87 93 40 33 86 2 84 34 82 77 31 61 51 22 22 74 54 74 8 46 24 45 74 92 40 99 92 78 22 60 19 25 45 27 48 1 8 10 64 63 10 50 10 84 66 98 41 60 45 92 23 83 7 96 50 9 91 15 52 58 71 26 
91 31 54 74 45 35 12 80 81 40 90 32 63 65 51 95 83 71 55 89 41 93 65 94 98 54 45 24 29 26 36 69 94 83 59 84 95 6 85 57 71 2 88 31 9 89 78 14 79 59 75 21 59 12 41 56 56 81 38 42 87 75 12 48 33 79 79 12 58 25 64 48 28 11 49 82 23 21 75 20 86 53 63 50 37 5 13 73 28 96 57 39 6 5 6 85 9 36 87 43 
36 50 5 100 11 49 15 40 4 38 72 9 65 61 25 11 38 51 26 22 83 40 7 43 50 33 93 1 52 58 49 98 33 89 10 86 98 86 40 78 98 75 88 34 91 43 76 61 44 97 94 3 6 61 8 89 44 22 88 71 66 22 52 14 57 27 42 37 31 60 89 100 52 62 93 26 92 58 45 94 60 85 51 20 44 86 88 82 21 39 69 63 8 82 71 32 27 64 93 1 
4 91 64 16 25 7 32 32 52 78 78 7 3 63 50 75 43 24 41 31 1 69 6 58 50 32 21 34 81 11 44 73 79 7 60 8 73 54 51 35 3 67 78 17 48 95 66 54 49 2 36 6 91 75 14 82 37 55 58 67 15 55 38 18 86 70 3 40 87 77 9 60 99 66 67 30 82 9 70 58 57 22 68 39 82 15 35 52 19 77 3 92 72 58 46 62 16 34 26 58 
14 35 4 95 60 50 94 63 78 21 32 45 81 80 8 41 25 86 18 68 42 47 32 15 68 69 26 72 93 54 1 53 8 23 29 32 84 23 24 51 7 35 45 23 53 2 77 75 70 48 75 39 78 96 6 93 35 47 47 54 38 96 11 26 58 42 61 93 58 65 72 50 96 78 54 72 82 62 69 91 36 52 92 8 78 28 99 12 37 81 58 44 6 9 56 59 51 33 47 89 
37 52 55 9 45 34 2 95 44 45 2 76 26 47 72 13 52 53 87 41 72 23 30 34 86 87 52 90 69 27 73 36 88 19 96 67 79 11 47 30 46 20 99 68 92 15 57 87 50 46 58 47 72 68 35 25 81 26 77 40 98 54 39 12 83 53 50 66 45 31 22 34 25 64 4 92 20 75 82 62 28 12 24 93 74 19 70 63 67 70 27 38 52 50 71 52 16 2 9 29 
68 4 96 25 52 75 76 5 92 14 28 70 59 40 61 59 61 32 52 49 68 98 78 17 24 50 10 85 87 27 98 50 27 73 42 19 56 30 51 38 4 19 92 62 43 80 54 65 40 76 17 46 26 73 14 67 42 22 80 21 35 100 15 86 71 9 58 68 94 54 2 40 6 72 29 28 14 86 88 97 3 91 75 16 73 77 11 90 89 100 5 45 76 18 20 70 78 60 16 92 
24 8 83 19 75 84 83 31 28 51 10 50 58 2 21 61 39 7 49 45 62 23 33 8 69 87 47 57 63 92 5 76 71 4 65 7 56 73 3 33 13 96 7 52 81 27 20 48 14 66 24 85 83 18 57 17 46 44 91 62 39 21 81 42 73 79 37 61 16 78 44 95 52 6 71 17 30 79 1 82 8 14 81 70 32 25 31 70 49 85 36 59 75 58 63 99 29 40 10 49 
20 96 7 88 7 23 56 13 49 98 48 52 21 51 2 73 4 50 99 97 80 23 89 10 70 46 12 7 26 72 79 68 78 4 91 56 53 60 79 20 31 17 12 92 61 23 33 47 32 65 96 6 99 93 75 39 12 76 44 19 91 11 15 10 10 24 88 76 40 39 18 54 36 69 99 27 55 17 65 46 83 12 15 54 33 45 83 100 90 65 31 79 79 7 58 3 65 41 13 62 
21 24 67 71 100 54 71 47 45 18 94 77 68 21 54 1 37 98 3 75 68 79 69 37 25 80 38 88 8 66 4 13 96 9 59 31 57 83 94 79 23 10 29 92 4 56 45 74 98 12 86 97 23 78 25 29 63 96 91 35 17 19 71 96 79 50 90 2 3 72 48 12 42 16 40 55 33 41 100 34 45 44 79 44 42 25 96 68 72 78 42 100 84 44 34 70 83 79 89 64 
8 50 96 86 94 23 38 8 68 67 5 90 77 43 38 64 19 72 59 75 38 64 88 19 70 36 95 28 18 56 22 65 95 75 24 75 72 64 29 93 85 2 56 90 24 62 7 27 36 69 51 50 89 54 63 22 22 39 12 6 92 78 2 91 65 67 88 86 82 14 58 78 40 5 100 68 70 8 6 6 42 15 70 66 96 34 54 90 22 7 24 95 92 99 27 16 43 100 91 17 
98 35 41 31 9 71 10 25 87 84 26 33 85 63 10 1 21 41 4 71 54 51 25 31 38 93 9 52 75 12 63 12 61 64 27 12 79 56 57 47 65 74 86 11 82 43 41 22 23 6 56 4 66 92 15 14 43 36 29 89 25 20 31 96 72 6 58 2 41 6 9 27 40 3 74 28 31 62 26 38 73 95 45 94 86 19 17 16 65 66 87 91 82 98 22 92 27 25 19 95 
23 72 63 37 83 9 33 19 83 44 25 11 15 89 18 6 82 100 39 67 9 55 66 73 70 76 83 75 80 16 16 12 71 64 46 33 72 69 34 23 22 55 19 81 20 74 87 51 61 68 83 92 43 63 36 73 85 60 92 3 67 62 30 54 84 9 74 21 68 25 80 63 8 14 99 63 40 55 71 27 70 27 92 34 94 68 11 57 67 8 21 10 88 91 54 42 22 24 39 25 
11 46 75 13 32 14 40 29 65 76 35 87 68 17 36 18 20 39 38 70 28 91 84 83 28 41 28 52 68 16 20 5 77 75 46 38 98 41 12 99 10 26 2 99 6 80 56 76 19 35 55 72 26 100 54 83 67 97 96 8 59 73 99 63 77 22 9 78 92 89 69 72 61 60 16 83 3 74 52 78 78 34 96 84 83 18 17 45 55 74 94 77 12 75 34 32 67 42 29 96 
78 56 93 44 53 7 92 25 81 65 4 15 34 59 65 77 14 69 55 31 51 85 84 69 67 53 62 17 63 45 72 48 20 44 47 82 6 7 45 70 78 91 94 66 55 80 58 24 90 27 54 10 75 18 19 53 94 43 45 99 60 52 31 62 91 59 3 93 85 60 86 60 97 15 50 70 88 71 77 16 2 92 55 26 56 11 41 100 58 14 22 65 41 74 96 86 84 71 75 45 
27 41 3 100 93 14 94 12 22 15 1 11 47 53 47 47 25 19 73 79 33 38 97 62 6 25 47 10 30 12 60 49 3 23 89 58 32 99 20 100 80 87 96 66 18 34 43 49 36 4 76 48 74 64 9 60 96 44 62 70 18 66 17 60 8 13 61 66 81 55 99 81 87 64 57 33 63 94 55 44 91 16 11 50 74 20 9 71 9 62 74 38 100 59 61 96 75 76 52 2 
82 47 80 95 98 83 37 61 31 47 81 77 2 64 40 100 100 59 63 50 49 60 11 51 88 14 97 44 28 12 58 51 5 36 48 49 25 80 71 51 89 89 21 44 58 36 26 81 62 4 87 89 55 60 62 54 69 17 32 10 81 17 10 34 57 77 50 84 4 49 100 100 51 72 91 54 51 83 81 2 40 14 17 23 2 62 67 23 19 44 57 73 54 14 69 38 74 64 29 68 
46 42 26 52 13 53 92 98 7 11 98 36 78 73 17 65 97 80 47 46 32 14 1 2 47 78 39 54 56 72 82 23 72 20 48 58 60 6 50 9 49 12 50 17 19 36 58 5 51 30 11 93 85 54 15 57 52 59 89 70 20 17 91 75 5 66 63 91 39 48 90 21 27 67 54 25 36 83 58 23 10 77 34 50 38 43 76 62 98 24 87 60 97 45 2 62 78 56 95 16 
74 8 24 80 47 58 10 15 75 90 76 45 53 73 64 21 88 34 86 15 9 1 33 76 2 68 2 7 14 84 73 39 75 97 15 61 47 17 63 95 41 39 36 83 44 44 68 55 65 12 65 91 42 71 20 85 57 34 51 4 46 35 85 9 31 62 6 83 31 46 33 39 11 83 45 98 98 56 11 99 48 16 35 33 36 50 53 69 60 33 91 45 97 22 11 75 92 44 71 69 
8 98 53 85 68 25 52 10 99 10 7 75 64 42 88 18 14 37 28 17 99 39 96 48 9 47 17 18 51 26 85 5 59 46 16 77 95 17 34 19 21 95 90 60 20 9 56 78 78 32 5 75 86 65 74 84 27 76 23 90 51 78 7 57 23 69 79 61 10 13 46 66 26 89 2 20 59 75 38 48 6 86 48 16 73 79 46 15 70 24 79 28 94 27 68 77 95 61 65 32 
55 75 97 19 53 93 7 77 21 66 86 13 100 8 29 95 70 8 27 87 66 27 57 100 7 12 11 66 17 25 87 33 69 83 10 44 73 34 34 42 95 74 23 98 91 55 77 67 62 24 55 99 47 55 37 86 37 17 44 18 80 68 56 92 21 17 64 2 37 70 84 100 87 12 44 61 86 36 56 76 36 66 80 63 96 84 68 23 65 79 60 1 43 19 44 94 46 12 69 17 
92 13 30 13 2 24 4 73 66 35 94 34 93 22 72 74 80 80 65 76 41 88 58 20 58 4 42 44 77 5 77 52 45 46 33 17 84 73 80 94 72 66 44 87 96 44 43 25 54 14 21 54 23 47 7 14 97 28 47 62 75 40 72 89 10 69 47 90 12 14 68 55 95 70 17 50 66 9 52 37 60 35 97 78 93 75 50 5 32 64 25 2 69 84 75 25 91 28 11 29 
90 56 3 20 92 56 80 75 7 3 81 28 67 32 23 64 41 34 61 6 83 73 19 5 67 75 42 29 100 76 65 88 21 57 25 85 41 63 24 21 89 98 92 39 59 30 99 6 65 12 94 83 3 92 76 15 97 90 8 58 36 3 60 16 24 58 95 100 87 36 33 96 26 68 95 56 83 19 95 40 51 15 35 74 39 55 69 70 10 20 88 93 45 57 45 34 40 4 99 60 
