48
2 2 29 37
2 4 16 16
3 6 10 14
3 7 24 36
3 8 17 17
3 15 29 40
3 26 6 23
5 5 13 16
5 5 37 38
5 6 6 18
5 21 13 15
6 7 27 38
7 8 18 18
8 8 27 35
8 8 32 38
8 17 6 6
8 21 32 35
9 12 29 31
9 14 17 27
9 18 28 28
9 19 29 37
15 24 3 5
15 24 23 27
18 21 27 27
18 23 38 38
18 24 6 8
18 24 7 37
19 25 14 27
20 21 16 18
22 22 15 16
22 30 9 14
22 30 19 27
22 33 9 20
23 23 32 34
23 25 14 14
23 39 17 34
24 25 40 40
24 30 39 39
25 25 28 28
25 33 7 8
27 36 3 5
27 36 22 23
33 33 36 37
34 34 32 37
34 36 24 31
35 36 6 16
35 39 29 31
37 39 14 16
