24 2.146754979953 4.146999372470
17 2.146754979953 4.003286840804
9 2.146754979953 3.976651521979
61 2.146754979953 3.961004285347
7 2.146754979953 3.950785113971
51 2.146754979953 4.488886711889
37 2.146754979953 4.549250233376
98 2.146754979953 4.645833178577
91 2.146754979953 4.648290483647
90 2.146754979953 4.659763500879
5 2.146754979953 3.812883573656
75 2.146754979953 4.699256301772
38 2.146754979953 4.701200031242
36 2.146754979953 4.710488870890
30 2.146754979953 4.784574996391
88 2.146754979953 4.801503078978
23 2.146754979953 3.697904459329
10 2.146754979953 4.883467566481
40 2.146754979953 4.949575533637
44 2.146754979953 4.979238205035
21 2.146754979953 3.619198556617
99 2.146754979953 5.026342717878
78 2.146754979953 5.032037106156
63 2.146754979953 3.606815144413
86 2.146754979952 3.516647703136
2 2.146754979953 5.261584283332
69 2.146754979953 5.280496033636
28 2.146754979953 5.430798531678
22 2.146754979953 5.430943566625
89 2.146754979952 3.425251476358
68 2.146754979953 5.481591559529
72 2.146754979953 3.418685600883
62 2.146754979954 3.383371135474
50 2.146754979953 5.587631204497
33 2.146754979953 5.611465241894
73 2.146754979953 5.612575778760
54 2.146754979954 3.370854565459
93 2.146754979953 3.367164730573
32 2.146754979953 5.631068116614
66 2.146754979953 5.658385798812
31 2.146754979953 5.660815332706
100 2.146754979953 5.706927300382
16 2.146754979954 3.337575299410
57 2.146754979953 5.726118254818
43 2.146754979953 5.835147618837
53 2.146754979953 3.280512603650
45 2.146754979954 3.245438148231
77 2.146754979954 3.241833994526
87 2.146754979951 3.232135784830
81 2.146754979954 6.028781731877
67 2.146754979954 6.102401935836
60 2.146754979956 3.195045735100
80 2.146754979954 6.130114816689
13 2.146754979919 6.275461028859
84 2.175856047094 6.239530624722
25 2.176402018162 6.238711491348
3 2.179296747131 3.157867846754
6 2.201618495223 6.200869364611
8 2.208879791945 6.189968067194
83 2.262657504182 6.109135747938
96 2.299820971336 3.218578581132
34 2.388287038937 5.919079460889
55 2.388617092464 5.918576827707
41 2.430829620833 5.854101890096
47 2.471881031009 5.790989144752
76 2.492966656861 5.758389113431
46 2.503093484106 5.742683601225
18 2.521621968634 5.713860810016
35 2.595410984840 5.597791909273
26 2.674845122437 3.426712488273
49 2.677207429348 3.428206652068
65 2.678517144751 5.463979217304
79 2.707713067455 3.447832960530
19 2.713627796068 3.451713275581
11 2.719492725249 5.396453857381
52 2.768489545117 5.314023147022
94 2.813572167137 5.236213771815
71 2.816640249996 3.524052985926
58 2.872677644660 5.130600264692
15 2.900772147635 5.078618047613
64 2.913878542394 5.053899281367
92 2.930186192069 5.022677949229
42 2.932823356777 5.017577380868
85 2.944026578882 4.995738334240
20 2.957738297929 3.645184958678
27 2.958727595797 4.966634336627
59 2.971995008683 4.939893042690
95 2.996368734803 4.889432015982
29 3.001693438309 3.691687730320
1 3.018674434957 3.711377911936
56 3.025438875396 4.826550648625
12 3.032581459557 3.728383917795
14 3.113656816213 3.851670632479
48 3.117870836723 3.859819206164
39 3.142656570609 3.914153681563
70 3.146792017623 4.500124905793
82 3.163832087589 4.433252592387
74 3.178626983410 4.359738839918
4 3.192664823658 4.236669680898
97 3.192923715219 4.147085058548
