12 0.000000000000 0.000000000000
45 0.436332312999 5.585053606381
47 2.032787024405 3.630284844148
27 0.824617186838 5.166174585903
17 1.204277183876 4.607669225265
95 0.394488044309 6.143558967020
6 0.663225115758 5.724679946541
96 1.231074918677 5.026548245744
82 1.431169986636 4.747295565424
28 2.743639228772 3.490658503988
11 3.089232776031 3.351032163829
68 0.789239821806 6.003932626858
59 0.890117918518 5.864306286699
15 1.641538054049 4.886921905585
52 1.658062789394 4.886921905585
85 1.184528890931 5.864306286699
31 1.117010721278 6.003932626858
60 3.587598388911 3.351032163829
94 3.316125578790 3.490658503988
37 2.057093330709 4.747295565424
9 1.884955592154 5.026548245744
13 1.580649229312 5.724679946541
75 1.343903524035 6.143558967020
71 2.479183059397 4.607669225265
62 2.111848394914 5.166174585903
19 3.543018381549 3.630284844148
78 1.977927467011 5.585053606381
33 1.570796326795 0.000000000000
69 1.291543646480 3.071779483512
84 2.338741197673 5.305800926062
91 2.909767858735 4.468042885105
4 2.376737854128 5.445427266222
21 1.965284371104 6.143558967020
51 3.769911184308 3.769911184308
58 2.565634000431 5.445427266223
14 3.351581327728 4.328416544946
81 2.777521450982 5.305800926062
46 2.360036148601 6.003932626858
23 5.218534463462 3.211405823670
92 5.579336235645 2.373647782712
87 4.334121957203 0.698131700798
2 5.235987755983 2.094395102393
99 4.468042885106 1.117010721277
26 4.031710572108 0.418879020481
53 3.936843719503 0.558505360637
89 5.071808466224 2.234021442552
73 5.009094953224 2.234021442553
18 4.241150082346 1.256637061436
72 3.804817769348 0.558505360639
70 5.943792879100 2.932153143350
3 3.540723381122 0.418879020479
32 4.593937161491 2.094395102394
65 3.577924966589 0.698131700798
5 4.014257279587 1.396263401596
50 4.782202150465 2.373647782712
20 3.145434311997 0.279252680320
77 4.136979491126 1.954768762234
83 5.099833718964 2.792526803191
88 3.351032163829 0.837758040958
55 3.787364476828 1.535889741755
61 4.555309347705 2.513274122872
10 2.750682534503 0.139626340163
63 3.695166022133 1.815142422075
38 3.124139361070 0.977384381117
86 3.560471674068 1.675516081915
49 4.388981514598 2.652900463031
1 2.356195281639 0.000001318900
97 4.328416544945 2.652900463031
80 2.897246558311 1.117010721277
40 3.264581222795 1.675516081915
66 3.333578871309 1.815142422075
41 2.129301687435 0.139626340163
24 3.773884337016 2.513274122872
39 2.670353755552 1.256637061436
64 2.842491494106 1.535889741755
7 4.101523742185 2.792526803191
100 3.106686068550 1.954768762234
57 1.902408884674 0.279252680320
16 3.223141745452 2.373647782712
34 2.426936217447 1.396263401596
74 2.879793265791 2.094395102394
22 1.675516081914 0.418879020479
76 3.874630939427 2.932153143350
79 2.016473082075 1.256637061436
36 2.715613976032 2.234021442553
8 2.652900463031 2.234021442552
56 1.448623279155 0.558505360637
35 1.610015350235 1.117010721277
25 2.237742671299 2.094395102393
29 1.221730476396 0.698131700798
48 2.426007660272 2.373647782712
67 2.219911480958 3.211405823670
42 1.206725124187 0.977384381117
93 1.780785000933 1.954768762234
98 0.994837673636 0.837758040957
43 2.199114857514 2.513274122872
90 0.805941527333 0.837758040958
54 1.338971531940 1.815142422074
44 0.767944870878 0.977384381118
30 2.862339973275 3.211405823668
