262 0.000000000000 0.000000000000
502 6.282108305221 0.001720037189
81 6.282786563522 0.003994037071
9 6.281710602817 0.003603776008
565 6.281035408303 0.002432614772
539 6.282651306565 0.006301958815
34 6.283050002841 0.007486634915
602 6.280640262505 0.003166152201
454 6.282921844731 0.008526581068
490 6.282243384100 0.007279866979
340 6.281179202159 0.005155554508
420 6.281575826467 0.006536613404
538 6.279579622704 0.002657768549
990 6.281973291135 0.007688554514
906 6.282777047581 0.009739756950
520 6.280246445419 0.005101146821
527 6.281845467522 0.008341628107
563 6.281169746864 0.007067781101
607 6.282516081575 0.009905461017
431 6.282914706517 0.010771612983
305 6.280113161326 0.005437216415
284 6.280506481013 0.006763739223
984 6.282378519688 0.010613782443
786 6.279190422204 0.004800421951
234 6.280774197207 0.008153327614
321 6.278672468369 0.004062981335
361 6.282912327197 0.012652493235
722 6.281044854705 0.009163935602
977 6.281441147046 0.010069452917
773 6.281838349807 0.010928311187
779 6.281980412915 0.011451835820
492 6.279058830041 0.005705482956
133 6.281304206579 0.010454724596
242 6.282380896771 0.012801584807
993 6.282779426593 0.013603173505
805 6.279447345676 0.006984113642
811 6.278149625560 0.004480042287
748 6.280379906219 0.009131374838
873 6.282513703614 0.013454359649
129 6.279712116712 0.007961399369
530 6.278803307116 0.006257115024
679 6.277640692019 0.004413230031
429 6.283047623194 0.015468431296
533 6.279980061832 0.009336468365
159 6.280908276674 0.011298329767
947 6.280372860273 0.010231854772
481 6.277128022064 0.004135372568
74 6.278020226617 0.005962210916
84 6.276262209462 0.002543964700
700 6.282115430678 0.014258288965
587 6.279322254716 0.008956016869
220 6.280910636078 0.012145367967
738 6.281306572355 0.012950499220
288 6.281703489375 0.013752114469
407 6.281438779260 0.013305618129
675 6.278663274232 0.007765531927
787 6.277769153781 0.006012307375
333 6.282648928006 0.016314829119
28 6.280513535529 0.012117209274
998 6.281847840231 0.014797051132
755 6.282245760340 0.015623477321
912 6.282644170933 0.016475306641
510 6.279844819349 0.011143979692
14 6.278541900883 0.008560858694
655 6.276630048558 0.004738044606
126 6.278927485698 0.009506806048
174 6.279315293089 0.010392781503
113 6.281042493068 0.014108510143
635 6.277001309686 0.006208879030
249 6.283182927537 0.018579987712
286 6.278279327105 0.008778077867
666 6.276755643761 0.005757699430
536 6.280370511775 0.013156893197
796 6.275286754226 0.003071193548
256 6.279456643967 0.011480489484
927 6.279847155029 0.012295507644
280 6.280239408709 0.013099294695
455 6.274933241468 0.002551381660
972 6.282250512792 0.017194620102
826 6.281573456980 0.016155498388
696 6.279454319273 0.011966531364
438 6.280776554033 0.014948956370
954 6.278794094130 0.010988704752
499 6.281172110620 0.015779396186
846 6.277136949988 0.007725855692
900 6.277512563353 0.008742162964
818 6.275644390261 0.005042399448
198 6.273999951277 0.001884219853
652 6.277891138046 0.009675103624
948 6.277897941079 0.009708531171
76 6.275766640259 0.005491875390
59 6.279977722697 0.013959043653
866 6.282784184600 0.019594775472
373 6.277255098476 0.008597356048
423 6.282105930141 0.018399220127
745 6.276386621908 0.007027438329
506 6.281712973862 0.017802145928
662 6.282110680409 0.018762978800
797 6.273101669957 0.000769211529
648 6.281176838252 0.017028302653
240 6.282508947879 0.019791639471
603 6.278411612441 0.011633093309
334 6.274341404219 0.003520580365
110 6.278796397280 0.012445264248
682 6.280504129535 0.015997249911
316 6.278409323532 0.011815327755
183 6.279586608084 0.014768673907
101 6.274805912728 0.005213063676
525 6.279324575389 0.014286371503
464 6.276138212893 0.007922551544
659 6.279714448782 0.015101480949
767 6.280106134106 0.015936248139
923 6.276881625515 0.009540624027
111 6.276253472720 0.008413630552
172 6.276504847283 0.008920641803
451 6.274687474095 0.005329854720
526 6.278925177918 0.013809835067
919 6.281708231567 0.019400747422
329 6.275407647543 0.006808331362
918 6.283052382365 0.022516295090
739 6.278027046209 0.012624554163
509 6.280110818867 0.016863436691
161 6.280642616858 0.017976097185
788 6.281037769861 0.018948296716
585 6.277382531358 0.011663530282
932 6.277010211691 0.010957531416
524 6.277384775655 0.011785017998
654 6.272241822973 0.001538438936
845 6.273429762363 0.003919066624
708 6.277762367628 0.012594699943
670 6.274814263924 0.007024679652
378 6.276511443133 0.010424799557
185 6.278539607042 0.014617431207
158 6.275889336138 0.009370706393
784 6.274458317503 0.006582614253
16 6.275166335606 0.008115241525
904 6.282241007979 0.022271222400
449 6.281311304088 0.020481332391
656 6.278281610838 0.014436591906
676 6.277888870514 0.013660829931
380 6.278665572633 0.015254681301
854 6.280637908375 0.019209430537
876 6.275522593562 0.009096500663
104 6.282919465300 0.023934616812
624 6.281578196047 0.021477102856
335 6.279719113187 0.017769781157
763 6.277007986016 0.012475175066
265 6.272778842219 0.004067640947
713 6.279056517825 0.016699949660
508 6.276377856240 0.011511068116
212 6.281975665022 0.022766651560
743 6.279192738834 0.017225927379
114 6.279581951205 0.018151950751
806 6.276014639923 0.011113001193
122 6.278156461260 0.015439493989
616 6.276380047459 0.011936334875
706 6.279973044571 0.019136049156
415 6.275529008241 0.010264154549
704 6.273542250062 0.006349534142
346 6.274924855152 0.009198625643
147 6.277510312940 0.014466686122
929 6.271423686931 0.002307753836
96 6.273885176458 0.007237891581
988 6.282373765469 0.024218536404
807 6.274115277732 0.007728393737
66 6.280244099809 0.020273852001
178 6.271934055541 0.003685106671
417 6.274225022483 0.008304244453
371 6.279577294552 0.019020705475
283 6.281843094938 0.023657656744
341 6.276883844573 0.013780019614
337 6.277257336605 0.014587244092
72 6.277633923257 0.015408614433
413 6.278670169754 0.017597975478
241 6.280115503854 0.020520558915
966 6.276012470513 0.012325487611
657 6.278017953557 0.016537770871
560 6.280508832434 0.021706073522
19 6.272662936753 0.006108198975
479 6.272670532449 0.006254045922
393 6.274575755155 0.010102056599
294 6.277771415968 0.016505485968
783 6.271132152862 0.003258356844
27 6.277134717786 0.015285407385
546 6.274695789429 0.010422756941
542 6.278151903989 0.017394065700
575 6.273212410759 0.007527392648
718 6.275046399013 0.011267529862
935 6.280903558180 0.023022560698
883 6.278535019611 0.018329797189
817 6.275401257260 0.012087112545
177 6.276502648886 0.014316383682
344 6.282518459475 0.026423454605
512 6.272991536056 0.007445683173
999 6.279188105872 0.020069677092
885 6.279851826582 0.021434713689
860 6.275650829166 0.013129044488
488 6.280771840396 0.023387298816
593 6.273317861162 0.008489845846
937 6.270376190031 0.002766905842
532 6.271531091137 0.005097416052
73 6.275531146815 0.013127145201
78 6.275044293987 0.012175429494
328 6.275891497965 0.013929183055
285 6.277638435583 0.017427885113
907 6.276255656671 0.014738382931
680 6.281445882567 0.025237284783
804 6.274231149565 0.010959522798
327 6.279061142214 0.020732164389
485 6.272347555122 0.007321630197
809 6.273655317176 0.009938392389
893 6.282917085923 0.028487967201
749 6.272887777638 0.008563192539
160 6.271830956445 0.006490312116
36 6.269669048669 0.002167046775
586 6.273437656665 0.009706399234
400 6.276136035924 0.015132065159
949 6.273770960698 0.010582072061
23 6.279449670134 0.021939528405
942 6.276757856138 0.016667411463
182 6.274109179225 0.011421198370
195 6.277130253856 0.017563822771
88 6.282376142563 0.028075084858
951 6.272136749061 0.007648537888
187 6.270846910796 0.005159244699
541 6.278147347121 0.019868660947
964 6.274693710377 0.012980265995
641 6.278801003805 0.021210798343
70 6.279709784662 0.023123208665
436 6.274107146733 0.012024937240
109 6.277261813215 0.018365613795
320 6.270751583969 0.005382023195
534 6.281443514765 0.026779121441
986 6.276627843161 0.017259429295
446 6.271524007167 0.007110648498
882 6.274577825275 0.013275873710
279 6.273323750439 0.010803040290
903 6.280377557523 0.024926777020
71 6.274926951483 0.014078593547
456 6.272771202320 0.009773040837
399 6.272037830970 0.008378878014
619 6.275773102856 0.015967735876
79 6.269761138596 0.003989292597
578 6.277642948323 0.019828824266
302 6.270108687356 0.004862017468
517 6.271034657141 0.006718877161
248 6.275164222143 0.014979410034
472 6.272562854636 0.009872461257
757 6.283054761967 0.031011163963
414 6.278022499658 0.020947422774
338 6.272882014468 0.010740140502
173 6.281301840771 0.027676732770
881 6.274347559507 0.013781922827
433 6.275409777957 0.015965724457
615 6.273206552866 0.011574084857
632 6.271324073135 0.007846878653
980 6.281840722356 0.028916411486
570 6.275768794349 0.016830631281
131 6.273768956986 0.012831379925
233 6.279982401066 0.025296391237
814 6.278404746075 0.022177687121
189 6.277766891597 0.020990927806
405 6.276131682330 0.017735278768
441 6.270019467696 0.005652805892
661 6.276260025042 0.018187357648
790 6.269420305194 0.004545889533
574 6.271230372709 0.008191268578
382 6.272453938308 0.010645443537
486 6.275642244301 0.017092529681
623 6.268278165672 0.002424835445
812 6.273325713943 0.012622648432
452 6.279319934094 0.024624643028
356 6.273657310799 0.013424607390
629 6.269098441428 0.004345407407
909 6.274812175911 0.015810689989
18 6.273993881491 0.014228305600
782 6.271430721158 0.009129151263
557 6.270284669559 0.006940545403
976 6.274222980465 0.014827385361
224 6.280375208892 0.027146441508
694 6.281978038950 0.030499368703
618 6.271728539691 0.010036785569
562 6.268784387773 0.004206533461
127 6.273435682829 0.013632949680
466 6.276632254021 0.020029225675
397 6.272032338898 0.010897057819
228 6.272880093817 0.012682328579
905 6.270468480227 0.008000089705
184 6.277003535003 0.021166506667
311 6.272142276373 0.011482442593
572 6.274460378375 0.016123764255
543 6.271625028455 0.010486638932
421 6.269337532489 0.005911712745
68 6.276753431553 0.020774918426
870 6.270942978960 0.009166153239
744 6.274808000321 0.016995215594
495 6.275284632309 0.018011112826
309 6.277389264671 0.022225903606
323 6.267746445113 0.002973215424
823 6.266724497749 0.001087831940
938 6.268489435721 0.004674852781
899 6.269178747138 0.006062012754
781 6.278929793451 0.025617478094
87 6.278277043460 0.024330429216
166 6.267113874684 0.002035206510
291 6.280769483621 0.029361551655
651 6.272455815106 0.012771782537
864 6.273883162849 0.015654589379
594 6.270657004552 0.009302142636
317 6.272773111996 0.013573402205
577 6.280905917427 0.030009069461
86 6.269755057515 0.007805036635
824 6.270937891781 0.010199495997
116 6.272560966553 0.013484114958
637 6.278932101337 0.026358099997
480 6.266397861609 0.001332321831
153 6.275288876342 0.019171481918
642 6.270198693012 0.008991288859
312 6.270840180281 0.010326527819
701 6.271329311178 0.011329096078
60 6.268562868731 0.005809468713
82 6.268708377666 0.006160289086
920 6.267273569554 0.003435384257
67 6.279317613568 0.027526177170
426 6.275646536464 0.020232757400
176 6.273214363776 0.015437521697
391 6.275764486359 0.020562595730
588 6.267936443047 0.004982978953
484 6.274931144648 0.018985648919
239 6.274339352733 0.017836788193
64 6.269675072927 0.008524239338
995 6.273544233530 0.016282873305
342 6.276384430327 0.021986776566
583 6.277514813845 0.024272499166
752 6.276008131953 0.021389597879
383 6.273879136204 0.017161236950
119 6.273548201169 0.016507545632
970 6.271331057661 0.012115288467
833 6.272989604591 0.015499373526
498 6.277252860466 0.024043713262
376 6.268002723250 0.005546016553
591 6.269931039208 0.009472906404
235 6.271626811439 0.012920727782
741 6.272247385400 0.014288287042
462 6.269503904982 0.008813881458
90 6.279842483684 0.029538671190
730 6.271928599016 0.013722313547
505 6.271726744544 0.013335363359
197 6.266135209760 0.002175747478
89 6.270193924604 0.010360709050
473 6.270561534703 0.011174921021
687 6.266861341153 0.003842648995
188 6.277893405621 0.025948057620
515 6.277895673304 0.026015362656
528 6.267500445790 0.005269965507
343 6.274001974595 0.018363324633
295 6.268348982857 0.007070524850
695 6.267441570869 0.005273577950
511 6.281580565590 0.033560022667
304 6.269018982265 0.008706134929
913 6.274343455810 0.019362271089
774 6.272039662180 0.014766739440
934 6.265773572505 0.002299552207
85 6.276140390032 0.023071114928
347 6.273997927734 0.018799852844
467 6.270291082715 0.011449880828
561 6.272349420482 0.015592400243
944 6.268861263332 0.008633733373
395 6.275405517328 0.021752398934
366 6.266596248224 0.004139951925
626 6.272668633281 0.016346830832
917 6.274689552649 0.020439564571
963 6.272134906992 0.015344983130
11 6.265881032561 0.002871908592
351 6.272664835339 0.016443116207
460 6.269255592128 0.009641600197
408 6.270563178069 0.012265512321
897 6.266293155678 0.003764694715
194 6.269259894584 0.009741884074
813 6.267810013166 0.006852659733
331 6.266054447210 0.003348034246
103 6.271428962205 0.014138439220
671 6.270936196537 0.013186639580
170 6.269841873356 0.011019837658
99 6.282383273916 0.036115617908
861 6.278274759861 0.027919160030
292 6.270841862558 0.013069542364
822 6.270289479034 0.011996706808
124 6.268208244087 0.007883543715
668 6.276507045754 0.024565180633
936 6.268273217271 0.008450627251
403 6.280511183960 0.032929880544
765 6.276879406509 0.025682816773
93 6.267329645761 0.006628320662
674 6.267504623014 0.006981339336
440 6.268416886130 0.008885161837
345 6.268637180377 0.009574361536
236 6.273103612801 0.018543659501
667 6.265784159801 0.003914231967
251 6.273099728212 0.018616404796
117 6.269589819279 0.011602629160
44 6.271232106553 0.014918527604
608 6.273661298688 0.019831363977
890 6.271829149319 0.016187275997
445 6.276877187659 0.026288707437
709 6.268633237648 0.009808369984
141 6.266909711865 0.006396779630
30 6.274456256707 0.021522548338
580 6.269588327164 0.011845613744
425 6.270655347874 0.013988914547
163 6.273431735680 0.019555747030
799 6.271525777852 0.015748139734
10 6.267683805072 0.008077008196
37 6.269843407370 0.012415340455
483 6.265734131108 0.004276526220
746 6.271825535621 0.016604559032
732 6.275050609482 0.023074433716
507 6.275168449361 0.023333989666
653 6.270103960307 0.013218283821
457 6.266551811778 0.006157174749
186 6.267061592064 0.007195699271
625 6.266554697305 0.006205787629
955 6.265750616823 0.004610813468
31 6.265982627423 0.005216714566
855 6.265833554253 0.004922860395
7 6.268069915908 0.009404857963
155 6.267871079333 0.009061529104
622 6.265960297582 0.005326278896
156 6.279451994670 0.032330779067
54 6.267167122882 0.007768058986
336 6.268713696536 0.010926317112
721 6.275887174464 0.025359875478
540 6.268938999808 0.011693940671
733 6.275524731626 0.024865695288
444 6.267218449690 0.008266724782
837 6.270200282894 0.014256374324
693 6.268940374624 0.011754683941
672 6.271935874925 0.017767576264
358 6.266259630017 0.006443703230
398 6.272239969545 0.018435200608
275 6.265819501861 0.005599655056
404 6.271032948939 0.016028816029
63 6.269341878988 0.012654398290
945 6.269929491128 0.013839658796
164 6.279849490767 0.033681689553
55 6.271529319761 0.017061447568
434 6.266769969341 0.007567960121
442 6.270381040178 0.014798986984
967 6.266680016280 0.007404534552
868 6.272776932013 0.019633917252
798 6.267560263217 0.009233222624
567 6.270470110232 0.015070923899
45 6.269174488911 0.012564835537
724 6.273540266632 0.021297015102
887 6.272243677074 0.018726197770
482 6.278413901380 0.031109517868
997 6.281308938189 0.036932665672
143 6.265744895287 0.005860802287
834 6.270746575136 0.015904800205
386 6.273887190171 0.022222819324
715 6.266435382308 0.007363184562
891 6.267874505062 0.010296396299
132 6.276509244366 0.027603686080
232 6.274113244748 0.022817380222
50 6.266029074348 0.006673739572
453 6.272557191020 0.019752033657
803 6.265736762501 0.006111336844
348 6.268139222739 0.011081985181
669 6.266164637170 0.007153286558
392 6.266813951281 0.008452984746
247 6.268343971722 0.011541617162
389 6.266361349645 0.007608340657
105 6.278407034766 0.031760092902
836 6.265958765634 0.006937755572
231 6.268712366361 0.012505073489
884 6.282511325773 0.040143707208
15 6.274227064668 0.023603067996
192 6.265863909187 0.006896729132
688 6.269254158498 0.013690617360
922 6.268345224079 0.011906116800
289 6.269673566526 0.014647638143
631 6.267386674953 0.010134597848
633 6.269505382694 0.014406515052
610 6.270749914136 0.016896297260
253 6.267445681740 0.010390735549
95 6.271932236542 0.019439332265
992 6.265764764022 0.007113377479
108 6.266106807158 0.007807552990
775 6.271133873861 0.017941157502
261 6.282781805575 0.041254356539
49 6.269756577407 0.015223984413
130 6.266327696771 0.008415996359
179 6.267622096764 0.011236695589
217 6.274571615542 0.025174490365
692 6.266959060812 0.009971256193
915 6.271425444995 0.018911041855
802 6.266080849680 0.008229066808
925 6.268138016973 0.012355452709
274 6.273210457934 0.022565935346
816 6.275526869893 0.027221369811
298 6.265899195714 0.008038625154
535 6.281436411586 0.039114558040
437 6.265783427129 0.007844372852
125 6.267806636009 0.012056996893
930 6.277380287114 0.031215493792
902 6.269017592408 0.014496797883
958 6.268638495127 0.013750211692
628 6.272993467813 0.022466866233
614 6.267010278743 0.010550312015
611 6.267221333912 0.010990693505
165 6.266593292490 0.009806252222
771 6.270017905581 0.016732540144
795 6.278798700468 0.034352575961
952 6.266514145861 0.009839391939
387 6.266137246493 0.009094270829
139 6.268862623066 0.014557076509
100 6.270473370860 0.017804355408
705 6.277387020110 0.031649155895
896 6.265774231419 0.008487496143
200 6.267621019819 0.012205473878
871 6.270110263547 0.017192487015
983 6.271130431738 0.019247482842
839 6.267164289357 0.011390529782
759 6.266005991189 0.009200837333
47 6.269094227763 0.015377766329
514 6.266816427152 0.010834423079
761 6.265732548350 0.008669992318
367 6.273319824030 0.023878679792
789 6.271630377872 0.020523238493
308 6.267939917274 0.013158792363
190 6.280241754208 0.037803876179
315 6.265848649468 0.009026458949
136 6.265757385942 0.008849575626
978 6.270377806513 0.018116623538
319 6.265939002980 0.009267727899
835 6.276016809580 0.029446850707
325 6.266636526321 0.010708621968
303 6.268415618131 0.014346411358
742 6.266227121423 0.010004053506
250 6.272345689894 0.022319826566
41 6.274573685304 0.026851629763
956 6.267163345390 0.012055073555
229 6.266473909764 0.010677056420
778 6.268788422259 0.015316163341
764 6.268071105762 0.013899332368
649 6.271832763775 0.021431828298
681 6.270652035282 0.019098298646
206 6.265806493182 0.009438924225
559 6.279063454496 0.035968193410
32 6.269336084194 0.016570105276
750 6.266767545510 0.011543566442
418 6.269180166990 0.016473250150
46 6.269759617951 0.017632196730
791 6.267444653618 0.013010028462
838 6.265740222189 0.009608019947
77 6.266195087469 0.010518501288
40 6.266004732651 0.010167077368
636 6.268274453874 0.014708113533
707 6.266325848973 0.010865761945
640 6.272885856333 0.023990832046
646 6.265740442532 0.009775163310
412 6.270374573718 0.019058248649
865 6.265981022754 0.010358659542
69 6.272138591284 0.022716144938
888 6.267387686444 0.013246129336
42 6.269421768311 0.017360311136
857 6.270845227771 0.020315078858
753 6.265847827057 0.010328580932
769 6.268207022410 0.015162676849
293 6.266363250863 0.011513019236
202 6.267009384961 0.012861168586
825 6.267561323703 0.014048689204
487 6.269670554471 0.018294063964
582 6.266817253005 0.012592793684
850 6.270753254094 0.020478661654
3 6.281705860487 0.042458225221
226 6.275170563209 0.029452690990
154 6.266108280109 0.011359829182
758 6.278024772884 0.035208244444
719 6.273653323633 0.026493690205
245 6.272450185372 0.024161177711
463 6.269097036559 0.017461769827
148 6.265918397804 0.011205826034
128 6.267743116986 0.014859681443
683 6.265736542982 0.010895060898
107 6.266635770310 0.012712154902
372 6.276382238817 0.032214447075
207 6.265794327831 0.011050930905
92 6.266959937454 0.013394857575
982 6.268564168040 0.016634925050
363 6.277764629598 0.035061542324
558 6.271036365520 0.021659927474
552 6.272036000071 0.023712509462
556 6.267682711780 0.015009888779
886 6.266474596399 0.012741972746
895 6.275048504172 0.029913445847
847 6.266108771702 0.012085190440
969 6.270107111409 0.020110254708
550 6.266325233644 0.012562928507
496 6.266863868689 0.013662731513
238 6.268785732334 0.017529738079
48 6.267111091860 0.014198336467
447 6.268006245668 0.015999263927
221 6.265765349456 0.011572137316
97 6.265732014693 0.011724324989
728 6.265864786658 0.012026861821
281 6.267811139367 0.015934239202
91 6.268488152214 0.017292993501
842 6.271325818924 0.022970921127
762 6.265765202600 0.011875876612
83 6.266594030930 0.013543635783
699 6.279185789475 0.038735788193
51 6.265918744848 0.012235501278
568 6.267217488823 0.014857742504
244 6.269014813483 0.018473572237
26 6.273772964603 0.027994283379
691 6.277005760450 0.034491203691
612 6.266513441645 0.013513873495
673 6.266195632124 0.012890951021
443 6.274229107047 0.029004065604
598 6.270021029985 0.020689556430
690 6.268865343344 0.018401514658
677 6.268003897087 0.016797880401
191 6.265794528893 0.012385403455
255 6.267503578294 0.015842021595
979 6.266226558855 0.013365109743
684 6.271228639071 0.023440858618
877 6.265736597380 0.012534960221
474 6.269418842212 0.019908618201
991 6.265981423424 0.013039787077
269 6.266291361499 0.013692519299
645 6.265745171051 0.012684232998
953 6.266004313772 0.013216384812
712 6.272564742863 0.026353656893
523 6.267935285562 0.017125788761
928 6.268204579851 0.017700847688
946 6.270286272505 0.021892468273
120 6.267330640553 0.016092072703
56 6.266399816048 0.014318300281
491 6.265832786765 0.013188538594
772 6.269846476233 0.021255251745
98 6.267060681306 0.015685736830
271 6.269099846425 0.019789107382
685 6.268276928044 0.018222844997
518 6.276010301156 0.033812993375
776 6.271732130441 0.025300433519
974 6.266770777915 0.015406644035
57 6.266136736822 0.014168381148
25 6.273321787163 0.028572376370
647 6.267501489611 0.016962186158
879 6.275403387216 0.032807665657
551 6.270558248682 0.023231477741
475 6.265938637691 0.014018796222
477 6.266679242790 0.015530348843
65 6.274111211917 0.030399642661
597 6.269338981076 0.020904070735
370 6.265740149378 0.013720411187
263 6.270466850477 0.023175540629
223 6.265806273743 0.013869491134
643 6.276751219437 0.035812555353
270 6.266910571340 0.016250962932
544 6.280635554246 0.043769522889
494 6.265848924299 0.014226391871
416 6.267745335480 0.018046205278
13 6.272883935300 0.028404180160
273 6.266360716573 0.015375797928
448 6.269177327435 0.021034587321
592 6.266436051238 0.015561357522
24 6.266912291177 0.016539833710
810 6.266081323262 0.014888123174
840 6.265757514413 0.014376455041
379 6.283180547863 0.049278676762
933 6.269585343797 0.022129668093
941 6.268490719669 0.019988899514
458 6.267058860474 0.017127914121
768 6.265732529953 0.014526927956
326 6.265881964814 0.014829322689
961 6.275042189160 0.033170053793
227 6.270941282994 0.024988193520
962 6.265774066168 0.014677865434
419 6.282113055549 0.047446118388
355 6.265899524433 0.015040393218
352 6.271730334953 0.026707079131
678 6.272452061765 0.028156467267
989 6.266553975440 0.016378878888
354 6.266552532672 0.016410973800
714 6.267272591886 0.017871503775
703 6.266165163863 0.015716920108
780 6.265783609839 0.015193316355
422 6.267747555180 0.019133636080
181 6.268561569607 0.020817819957
766 6.266259049480 0.016219097301
296 6.268709706983 0.021122375250
971 6.281040131440 0.045799790605
663 6.265734021306 0.015346949518
516 6.267563445422 0.019023099378
579 6.270658661474 0.025233265240
497 6.265959148164 0.015873391472
374 6.266860499109 0.017698651932
468 6.266028637392 0.016060423543
793 6.266257889335 0.016572171283
277 6.265863617424 0.015902793801
138 6.270197103265 0.024684422207
537 6.267937600830 0.020191793711
476 6.279975383617 0.044309751614
926 6.268943125093 0.022274319370
617 6.273208505290 0.030907002785
362 6.271623245787 0.027755287170
519 6.274454196153 0.033431373779
800 6.268001549644 0.020604773402
830 6.267112946676 0.018836820736
851 6.272034169351 0.028829424765
894 6.266166218219 0.017094651305
994 6.267274547563 0.019323902199
751 6.265959914134 0.016929213603
168 6.266725289308 0.018507419480
252 6.268135606180 0.021344649974
349 6.278922870304 0.042952379465
152 6.265744804137 0.016602489848
121 6.272995399673 0.031116255334
564 6.265819264061 0.016765183575
469 6.266293754486 0.017733078511
94 6.270939587283 0.027072009569
968 6.266723707290 0.018652911639
987 6.268347729652 0.022034214694
301 6.269502427635 0.024388659055
859 6.265833810723 0.017159107637
921 6.267442598161 0.020397933880
21 6.276634459642 0.038930108511
710 6.266397210672 0.018471266731
377 6.269932587582 0.025552519030
310 6.266862183288 0.019516831047
639 6.266054902717 0.017906293345
911 6.265750726736 0.017326620504
513 6.266398512754 0.018689509021
167 6.266961691634 0.019871208267
853 6.265734094124 0.017495720660
689 6.265900182879 0.017839002351
80 6.265783976216 0.017666487283
874 6.269020372425 0.024214865693
459 6.267808887144 0.021798905375
53 6.265881342928 0.018081375253
6 6.272140433715 0.030599954030
257 6.268859903849 0.024100475876
852 6.266595508752 0.019673173552
489 6.269934136188 0.026427925511
39 6.267007598298 0.020607470972
157 6.268209466025 0.023019256853
605 6.266135718475 0.018873883486
862 6.275648682726 0.037985174458
411 6.266512034097 0.019712545335
819 6.265773736648 0.018258413468
215 6.271226905616 0.029271129700
959 6.266292557349 0.019478026444
1 6.267328651353 0.021568166577
522 6.265732494007 0.018437500563
878 6.270195513788 0.027449197940
975 6.266053992106 0.019285639726
375 6.265937908208 0.019060648994
867 6.265880722341 0.019095891922
211 6.269257025992 0.025881155171
112 6.271327564931 0.030105488564
573 6.266908852678 0.021341786031
914 6.269258460171 0.026083075199
409 6.268418154423 0.024506031371
843 6.274691631437 0.037102380271
589 6.267624251413 0.023126542553
910 6.267684898759 0.023280928601
737 6.267062503281 0.022174615599
908 6.266196722416 0.020565284320
169 6.265734168227 0.019749509055
20 6.265982225761 0.020356439027
898 6.265750507075 0.019948697379
450 6.268635865844 0.025748539418
965 6.265833298125 0.020150959946
115 6.270559891574 0.029631229870
61 6.267166178069 0.022868333234
149 6.273766953505 0.036274975279
58 6.269500950475 0.027839461283
981 6.266260210806 0.021386723204
353 6.268634551615 0.026219742507
831 6.265819740005 0.020647093211
196 6.266680789984 0.022417646518
369 6.267872220974 0.024804944702
660 6.266769161100 0.022615788935
716 6.267219410787 0.023548740548
394 6.268068726311 0.025423722057
267 6.265744986936 0.020860870218
815 6.266434713737 0.022368633939
943 6.266029511756 0.021613959062
243 6.265736707085 0.021078402602
439 6.265794932015 0.021299868419
175 6.274579895458 0.038917619553
756 6.266164110736 0.022126609043
801 6.266361983116 0.022665858087
12 6.267559203078 0.025108071532
634 6.265864201395 0.021845594555
549 6.266814776277 0.023823018153
209 6.267384652837 0.025112046330
2 6.268067536980 0.026568896667
424 6.265764909890 0.022081844561
630 6.266107297834 0.022919512809
282 6.266638039156 0.024047328661
258 6.268419423009 0.027681731618
734 6.271038074106 0.033053335919
880 6.272457692092 0.035958200605
665 6.266327080492 0.023767629005
531 6.266472537572 0.024104109522
162 6.266080376447 0.023494671593
33 6.265917704791 0.023178889765
548 6.265898867309 0.023228113113
760 6.267873362882 0.027296800927
385 6.269591311614 0.031004486352
820 6.270287875671 0.032448246681
576 6.267385663765 0.026924609862
770 6.275893659949 0.044028328630
324 6.270564821689 0.033551768936
332 6.273659304673 0.039931695056
940 6.266958184464 0.026564369144
727 6.265732567180 0.024157525680
62 6.269586835383 0.031872072615
500 6.266228247634 0.025363940754
889 6.265757257868 0.024447191999
22 6.266005571328 0.025049948712
504 6.265848375008 0.024744521526
381 6.268140428878 0.029355757489
650 6.278283894697 0.049645441679
134 6.265939368516 0.025170493331
892 6.268937625204 0.031322429536
555 6.271628594526 0.036765114624
872 6.268941749724 0.031539244200
180 6.265806712944 0.025487935148
406 6.267011172791 0.027914054986
848 6.274345507583 0.042711384505
996 6.267685992662 0.029544558259
306 6.266227684397 0.026635496913
729 6.265740295287 0.025814650728
493 6.269844941702 0.034215469919
29 6.267623173931 0.029818605809
364 6.273433709164 0.041487257788
950 6.267220372189 0.029092396762
600 6.265740368738 0.026151200129
644 6.265806933011 0.026498189225
841 6.266005151816 0.026998067751
75 6.266815601561 0.028657416386
856 6.277508062629 0.050046220943
230 6.266637282574 0.028321006783
596 6.278537313273 0.052203520674
717 6.272559078667 0.040358973125
208 6.266473223531 0.028238438527
102 6.268346476720 0.032099231302
606 6.266194543066 0.027834392104
664 6.272775021932 0.041025176138
613 6.279584279610 0.054660508302
218 6.274929048012 0.045490114645
5 6.265848100843 0.027372741420
287 6.271724949692 0.039314361118
410 6.270843545034 0.037625002320
118 6.267165233560 0.030300762609
808 6.270022592522 0.036125733347
697 6.266326464569 0.028743096157
135 6.280644971131 0.057494571761
754 6.265757130088 0.027760320916
360 6.280778910958 0.058075232552
829 6.269175908043 0.034916520161
428 6.269340429876 0.035356660858
777 6.266079903532 0.029181414818
731 6.267807761426 0.032686669272
924 6.268711036554 0.034631382933
427 6.277259574869 0.051750150455
584 6.266768353157 0.030803757020
931 6.268136811444 0.033945706635
313 6.265794127099 0.029265381001
794 6.266681564048 0.031222292078
368 6.265918051164 0.029724537651
792 6.266362616840 0.030701412173
960 6.266107788798 0.030202715481
222 6.267619943176 0.033295975711
627 6.270105535725 0.038544199068
478 6.271930417651 0.042209352885
401 6.266434045484 0.031329289630
973 6.268560270764 0.035658779405
300 6.267327657148 0.033304059103
621 6.273995904538 0.047103019787
17 6.265732015029 0.031430340965
503 6.265765056101 0.031985112694
529 6.269417379565 0.039530146171
210 6.265864493873 0.032566869935
723 6.266029949374 0.033178054402
599 6.271128711018 0.043497886007
237 6.265919092179 0.033423206002
193 6.276257840785 0.054141786293
246 6.279716780959 0.061501492577
8 6.268492003795 0.039127227746
740 6.267938758900 0.038168954521
203 6.266635014642 0.035649024240
276 6.267443625735 0.037274307282
357 6.267008491469 0.036436314740
142 6.265794730317 0.034079856244
863 6.273097786166 0.048895561987
330 6.266475283292 0.035802682592
272 6.271427203484 0.046115698222
828 6.270653691472 0.044596466463
144 6.265736652082 0.034773144555
465 6.272245531135 0.047796638889
266 6.269927943278 0.043214206092
916 6.273105555410 0.049670747172
365 6.267388698228 0.038723475628
471 6.265745078844 0.035506827111
590 6.266196177087 0.036599679652
985 6.265981824419 0.037448497241
554 6.266960814396 0.039722853234
638 6.275282510506 0.056892947726
216 6.265833042277 0.038355275643
435 6.283045243638 0.072951015622
205 6.266225996535 0.039517101172
720 6.266512737711 0.040577579485
151 6.268072295922 0.043752033542
726 6.266594769687 0.040799616067
658 6.265750397734 0.039327216130
259 6.266863025847 0.041723984496
832 6.278667871127 0.065608715842
875 6.275162108735 0.058715129750
290 6.267275525820 0.042968958256
521 6.266291959256 0.041964645151
384 6.276133859062 0.062261722316
698 6.267562384390 0.045186464636
339 6.269506860616 0.049253953578
461 6.266053537297 0.043231079270
545 6.268414350386 0.048497438577
1000 6.265806054590 0.043480709436
214 6.277132485770 0.066532662729
735 6.269016202843 0.050456669503
620 6.267112019151 0.046767081108
318 6.265938272805 0.044888644429
601 6.269672060382 0.052668814351
213 6.268863983095 0.051308198085
595 6.266136227493 0.046438053001
123 6.270379423222 0.055194216575
264 6.271233840648 0.057455597020
609 6.266722916712 0.048521062837
547 6.266399164237 0.048154857031
432 6.277636179356 0.070658826031
52 6.278154182604 0.071815409951
225 6.282248136568 0.080080928489
402 6.271135595282 0.058115468531
571 6.266726080802 0.050072132223
35 6.268275690832 0.053637356508
150 6.265757643142 0.048871398812
569 6.265732511824 0.050877187367
171 6.270471740420 0.060768222060
430 6.267744226084 0.056309613103
747 6.265773901267 0.053146568968
204 6.276625637917 0.077080503021
38 6.265881653720 0.055743653337
4 6.267681618745 0.059376425120
725 6.267271614507 0.059419399106
957 6.269758097550 0.064721983939
388 6.268205800991 0.063050613999
581 6.266055358493 0.058756696981
785 6.281174474401 0.089804957474
137 6.272987673313 0.074225353389
145 6.265899853509 0.060060346337
849 6.268787077160 0.067496513947
106 6.269095632056 0.069556125552
821 6.265783792871 0.063870024597
201 6.272351286053 0.078488525434
314 6.273881149424 0.081774037412
307 6.269423231698 0.073030427813
219 6.265734057541 0.068503238857
254 6.268486868897 0.075656841496
297 6.266678469635 0.075568598031
844 6.274810088045 0.092210560336
553 6.265750837080 0.074308986833
470 6.280108476462 0.104213981449
199 6.266436720461 0.076987208832
390 6.271527548700 0.087577995158
711 6.267059770739 0.083578956355
268 6.266165690859 0.085508582248
43 6.275770948539 0.108024400816
260 6.270748244514 0.100779925212
827 6.267502533802 0.094820071114
939 6.265959530974 0.097664060493
686 6.279054205755 0.128910061010
604 6.268005071246 0.112285420760
146 6.281571087532 0.144598142273
359 6.270016343788 0.122576908198
299 6.276760068614 0.136338009204
322 6.265819026581 0.117093539911
869 6.274462439404 0.135824937004
501 6.266028200682 0.122203584934
901 6.267331635626 0.128476073789
350 6.268565467667 0.145217626907
396 6.271827342361 0.155324688157
140 6.266258469241 0.168857012493
736 6.266911431081 0.186679625136
566 6.273546217269 0.211675863284
858 6.282646549479 0.250459204038
702 6.272666734215 0.323342255341
278 6.266553253895 0.560045918815
