28
11
26
21
19
31
25
17
20
14
24
26
12
27
34
9
19
33
17
27
26
23
31
18
24
10
18
27
13
16
34
20
20
30
12
19
18
13
29
14
23
10
25
19
5
33
28
20
21
23
29
36
19
31
12
24
23
28
33
26
18
23
14
35
21
18
14
28
12
17
31
38
22
16
30
22
23
16
22
23
10
19
14
29
28
22
19
27
19
40
21
30
30
15
20
25
19
24
29
22
22
22
25
14
13
26
28
26
17
17
12
31
30
10
18
25
20
12
19
18
9
27
13
22
22
19
13
23
19
13
17
19
11
22
18
13
15
19
37
25
23
20
31
35
20
18
26
19
29
26
26
22
27
16
24
14
31
16
19
15
31
30
14
24
25
11
20
29
30
11
22
14
20
25
17
24
17
20
21
20
9
24
19
19
27
20
18
19
21
25
24
17
34
31
27
19
27
28
11
18
20
27
31
16
19
30
34
15
10
28
22
36
33
21
33
25
24
23
25
33
19
20
26
30
19
31
28
19
27
20
39
21
18
29
16
25
35
15
20
25
30
23
25
20
23
28
20
29
24
28
29
26
30
24
31
14
34
27
19
20
17
29
23
34
9
23
15
29
15
35
28
17
17
26
26
33
1
22
27
16
31
9
24
14
14
35
16
18
23
15
18
15
31
15
21
35
15
14
13
22
18
30
17
18
16
23
18
13
21
15
16
14
19
8
20
17
9
19
21
33
32
23
15
24
21
25
26
29
20
20
19
21
10
27
31
26
24
19
18
19
32
28
21
25
16
28
19
21
25
29
25
22
21
12
15
19
26
19
18
14
31
24
24
15
18
31
26
20
17
18
21
13
21
37
13
26
23
19
22
28
22
25
23
19
18
14
29
28
19
25
32
16
20
20
25
7
30
21
29
12
26
15
24
21
19
20
22
20
14
12
20
27
19
21
25
24
33
21
20
27
23
29
26
27
15
13
28
8
23
33
11
30
33
24
16
24
21
16
23
27
33
31
28
22
26
21
28
23
22
25
8
29
19
14
17
21
20
31
22
23
15
18
15
19
8
25
32
26
24
15
24
25
26
23
29
29
25
30
23
17
14
27
23
33
31
22
26
24
23
23
26
32
18
16
16
13
8
16
19
23
