24
20
33
25
26
25
23
23
29
20
29
13
11
28
19
20
25
17
21
18
25
3
16
28
36
35
20
23
22
33
25
34
22
29
27
21
18
12
19
26
26
31
22
21
20
17
15
17
20
20
24
22
13
10
19
25
25
10
15
22
23
28
32
19
17
21
20
12
26
17
19
22
27
22
12
19
16
24
23
25
33
20
23
23
13
30
36
21
20
19
8
14
19
24
23
9
31
29
30
14
26
27
20
14
20
18
15
32
13
18
32
23
17
28
39
16
27
18
20
24
19
15
27
28
33
24
29
24
18
20
17
25
21
23
27
17
32
30
34
21
24
32
19
22
21
21
23
20
20
18
20
25
26
25
16
23
16
23
25
14
18
29
32
25
24
22
26
23
28
31
27
21
24
18
19
23
21
28
18
20
24
28
35
27
22
8
18
27
30
17
35
12
29
18
31
15
25
26
18
16
15
26
21
24
14
14
27
22
26
21
28
35
27
5
28
19
31
24
19
22
30
37
17
27
33
25
21
33
24
29
24
38
23
22
8
17
31
21
18
19
16
26
17
27
22
20
14
28
19
25
20
33
21
20
17
14
19
11
25
11
25
20
30
18
24
12
13
21
19
24
13
17
31
26
24
27
26
22
25
15
15
14
29
19
24
24
19
23
8
35
22
18
19
18
22
15
26
25
17
29
29
10
31
16
24
14
26
25
23
21
31
19
16
23
19
16
15
15
15
14
28
22
19
22
22
19
22
11
16
24
23
19
22
24
20
19
13
15
28
33
14
18
22
16
17
10
29
17
35
9
26
21
23
20
10
14
19
14
33
21
30
26
21
11
22
31
9
16
22
26
21
23
19
11
19
25
28
22
15
31
20
19
19
11
26
17
18
21
27
18
19
29
27
19
21
16
31
28
25
24
25
32
22
25
22
38
26
22
16
30
20
30
22
17
39
24
13
14
31
27
13
27
19
16
25
18
25
33
15
32
17
25
13
19
20
17
25
20
14
10
9
34
16
25
21
26
18
12
17
26
21
16
22
20
16
24
18
19
25
29
30
22
33
25
26
21
27
11
34
17
22
34
36
29
23
22
21
18
26
30
36
13
18
32
17
4
17
22
12
18
25
34
17
18
28
25
9
17
28
16
11
33
21
19
24
37
24
23
19
21
23
30
26
12
19
15
23
25
26
34
23
17
30
14
26
20
20
24
23
18
14
30
18
25
30
28
23
27
24
20
25
25
21
31
23
25
21
17
30
25
15
22
28
23
29
18
23
19
21
27
20
19
21
25
11
29
32
21
27
17
11
23
32
32
27
29
32
31
31
26
18
30
32
14
28
30
25
33
19
24
36
30
16
24
9
24
19
10
29
23
19
35
35
25
21
17
24
13
21
20
25
28
29
24
25
27
20
16
21
32
38
25
34
24
21
17
10
25
10
28
39
22
18
29
28
22
20
16
20
17
26
18
12
25
19
29
18
24
20
25
19
22
27
19
15
23
27
20
17
23
28
27
22
12
22
20
14
28
20
29
29
19
29
26
29
29
18
22
18
20
29
29
19
27
21
17
22
33
22
22
25
21
26
24
21
19
23
19
19
20
20
30
17
35
19
27
18
35
13
8
15
18
7
23
20
22
23
24
13
27
25
18
29
29
27
20
11
26
33
24
17
15
11
22
11
21
33
24
28
12
23
12
28
27
26
23
25
22
29
26
24
15
28
20
25
24
12
17
36
10
19
31
19
24
20
32
10
29
33
26
23
26
22
28
28
15
24
20
13
10
24
28
33
29
29
12
15
23
31
25
20
23
20
9
12
19
28
18
23
29
21
24
6
15
27
34
21
18
18
25
21
25
23
11
30
33
19
33
35
21
6
34
11
18
20
28
27
15
15
28
18
26
23
30
18
23
23
23
34
25
25
14
36
21
20
25
21
33
32
27
14
29
24
13
31
33
17
15
20
19
19
25
21
22
25
13
34
26
26
11
18
30
26
30
18
24
27
13
26
14
27
20
17
27
25
30
22
17
20
21
19
15
18
13
17
14
20
33
33
17
31
24
28
25
28
27
20
27
29
12
18
16
28
16
17
16
23
9
34
20
26
30
28
27
32
23
25
27
18
31
15
30
20
24
27
28
26
14
28
27
28
24
16
29
19
23
26
32
32
16
20
19
27
35
13
17
31
19
16
23
24
19
28
25
21
24
30
18
32
20
28
18
29
26
12
18
31
28
20
31
23
19
26
31
36
25
25
28
19
20
16
18
28
18
17
21
24
23
17
23
