48
3 5 25 26
3 6 15 36
6 6 8 14
6 6 25 33
6 9 3 6
6 16 34 34
6 23 5 26
7 8 18 30
7 14 31 36
7 38 18 24
13 16 6 21
14 14 37 40
14 28 40 40
14 31 19 22
15 17 3 6
15 40 26 40
16 16 2 2
16 28 3 25
16 31 20 25
17 18 9 14
17 35 9 33
19 22 15 30
19 23 5 19
21 22 27 30
21 23 27 33
21 27 22 30
22 22 25 26
22 34 25 36
24 26 8 19
27 27 18 21
27 28 9 19
27 36 6 7
29 31 13 19
29 34 19 24
29 37 2 2
29 37 16 19
29 40 35 40
32 34 19 23
32 34 37 39
32 35 22 23
32 37 24 25
36 40 24 32
37 40 3 4
38 38 25 25
38 40 9 15
38 40 33 34
39 39 26 30
39 40 5 8
